[6.350s] Invoking command in '/home/groupl/MarcWS/src/sensors': PYTHONPATH=/home/groupl/MarcWS/build/sensors/prefix_override:/home/groupl/MarcWS/install/sensors/lib/python3.10/site-packages:${PYTHONPATH} /usr/bin/python3 setup.py egg_info --egg-base ../../build/sensors build --build-base /home/groupl/MarcWS/build/sensors/build install --record /home/groupl/MarcWS/build/sensors/install.log --single-version-externally-managed
[7.886s] running egg_info
[7.889s] writing ../../build/sensors/sensors.egg-info/PKG-INFO
[7.894s] writing dependency_links to ../../build/sensors/sensors.egg-info/dependency_links.txt
[7.896s] writing entry points to ../../build/sensors/sensors.egg-info/entry_points.txt
[7.902s] writing requirements to ../../build/sensors/sensors.egg-info/requires.txt
[7.903s] writing top-level names to ../../build/sensors/sensors.egg-info/top_level.txt
[7.909s] reading manifest file '../../build/sensors/sensors.egg-info/SOURCES.txt'
[7.915s] writing manifest file '../../build/sensors/sensors.egg-info/SOURCES.txt'
[7.915s] running build
[7.916s] running build_py
[7.918s] running install
[7.920s] /usr/lib/python3/dist-packages/setuptools/command/install.py:34: SetuptoolsDeprecationWarning: setup.py install is deprecated. Use build and pip and other standards-based tools.
[7.920s]   warnings.warn(
[7.921s] running install_lib
[7.932s] running install_data
[7.936s] running install_egg_info
[7.944s] removing '/home/groupl/MarcWS/install/sensors/lib/python3.10/site-packages/sensors-0.0.0-py3.10.egg-info' (and everything under it)
[7.946s] Copying ../../build/sensors/sensors.egg-info to /home/groupl/MarcWS/install/sensors/lib/python3.10/site-packages/sensors-0.0.0-py3.10.egg-info
[7.954s] running install_scripts
[8.051s] Installing serialread script to /home/groupl/MarcWS/install/sensors/lib/sensors
[8.060s] writing list of installed files to '/home/groupl/MarcWS/build/sensors/install.log'
[8.258s] Invoked command in '/home/groupl/MarcWS/src/sensors' returned '0': PYTHONPATH=/home/groupl/MarcWS/build/sensors/prefix_override:/home/groupl/MarcWS/install/sensors/lib/python3.10/site-packages:${PYTHONPATH} /usr/bin/python3 setup.py egg_info --egg-base ../../build/sensors build --build-base /home/groupl/MarcWS/build/sensors/build install --record /home/groupl/MarcWS/build/sensors/install.log --single-version-externally-managed
