[0.852s] Invoking command in '/home/groupl/MarcWS/build/motor': CMAKE_PREFIX_PATH=/home/groupl/MarcWS/install/sensors:/home/groupl/MarcWS/install/Sensors:/opt/ros/humble /usr/bin/cmake /home/groupl/MarcWS/src/motor -DCMAKE_INSTALL_PREFIX=/home/groupl/MarcWS/install/motor
[2.739s] -- The C compiler identification is GNU 11.4.0
[3.863s] -- The CXX compiler identification is GNU 11.4.0
[3.959s] -- Detecting C compiler ABI info
[4.656s] -- Detecting C compiler ABI info - done
[4.683s] -- Check for working C compiler: /usr/bin/cc - skipped
[4.685s] -- Detecting C compile features
[4.688s] -- Detecting C compile features - done
[4.704s] -- Detecting CXX compiler ABI info
[5.101s] -- Detecting CXX compiler ABI info - done
[5.128s] -- Check for working CXX compiler: /usr/bin/c++ - skipped
[5.129s] -- Detecting CXX compile features
[5.131s] -- Detecting CXX compile features - done
[5.215s] -- Found ament_cmake: 1.3.7 (/opt/ros/humble/share/ament_cmake/cmake)
[6.208s] -- Found Python3: /usr/bin/python3.10 (found version "3.10.12") found components: Interpreter 
[7.212s] -- Found ament_lint_auto: 0.12.10 (/opt/ros/humble/share/ament_lint_auto/cmake)
[8.210s] -- Added test 'cppcheck' to perform static code analysis on C / C++ code
[8.212s] -- Configured cppcheck include dirs: $<BUILD_INTERFACE:/home/groupl/MarcWS/src/motor/include>
[8.213s] -- Configured cppcheck exclude dirs and/or files: 
[8.220s] -- Added test 'lint_cmake' to check CMake code style
[8.229s] -- Added test 'uncrustify' to check C / C++ code style
[8.232s] -- Configured uncrustify additional arguments: 
[8.234s] -- Added test 'xmllint' to check XML markup files
[8.251s] -- Configuring done
[8.309s] -- Generating done
[8.316s] -- Build files have been written to: /home/groupl/MarcWS/build/motor
[8.443s] Invoked command in '/home/groupl/MarcWS/build/motor' returned '0': CMAKE_PREFIX_PATH=/home/groupl/MarcWS/install/sensors:/home/groupl/MarcWS/install/Sensors:/opt/ros/humble /usr/bin/cmake /home/groupl/MarcWS/src/motor -DCMAKE_INSTALL_PREFIX=/home/groupl/MarcWS/install/motor
[8.455s] Invoking command in '/home/groupl/MarcWS/build/motor': CMAKE_PREFIX_PATH=/home/groupl/MarcWS/install/sensors:/home/groupl/MarcWS/install/Sensors:/opt/ros/humble /usr/bin/cmake --build /home/groupl/MarcWS/build/motor -- -j4 -l4
[8.802s] [ 50%] [32mBuilding CXX object CMakeFiles/motorpwm.dir/src/motorpwm.cpp.o[0m
[9.609s] [100%] [32m[1mLinking CXX executable motorpwm[0m
[9.878s] [100%] Built target motorpwm
[9.921s] Invoked command in '/home/groupl/MarcWS/build/motor' returned '0': CMAKE_PREFIX_PATH=/home/groupl/MarcWS/install/sensors:/home/groupl/MarcWS/install/Sensors:/opt/ros/humble /usr/bin/cmake --build /home/groupl/MarcWS/build/motor -- -j4 -l4
[10.104s] Invoking command in '/home/groupl/MarcWS/build/motor': CMAKE_PREFIX_PATH=/home/groupl/MarcWS/install/sensors:/home/groupl/MarcWS/install/Sensors:/opt/ros/humble /usr/bin/cmake --install /home/groupl/MarcWS/build/motor
[10.135s] -- Install configuration: ""
[10.139s] -- Installing: /home/groupl/MarcWS/install/motor/lib/motor/motorpwm
[10.140s] -- Installing: /home/groupl/MarcWS/install/motor/share/ament_index/resource_index/package_run_dependencies/motor
[10.140s] -- Installing: /home/groupl/MarcWS/install/motor/share/ament_index/resource_index/parent_prefix_path/motor
[10.142s] -- Installing: /home/groupl/MarcWS/install/motor/share/motor/environment/ament_prefix_path.sh
[10.143s] -- Installing: /home/groupl/MarcWS/install/motor/share/motor/environment/ament_prefix_path.dsv
[10.145s] -- Installing: /home/groupl/MarcWS/install/motor/share/motor/environment/path.sh
[10.148s] -- Installing: /home/groupl/MarcWS/install/motor/share/motor/environment/path.dsv
[10.149s] -- Installing: /home/groupl/MarcWS/install/motor/share/motor/local_setup.bash
[10.154s] -- Installing: /home/groupl/MarcWS/install/motor/share/motor/local_setup.sh
[10.155s] -- Installing: /home/groupl/MarcWS/install/motor/share/motor/local_setup.zsh
[10.156s] -- Installing: /home/groupl/MarcWS/install/motor/share/motor/local_setup.dsv
[10.157s] -- Installing: /home/groupl/MarcWS/install/motor/share/motor/package.dsv
[10.159s] -- Installing: /home/groupl/MarcWS/install/motor/share/ament_index/resource_index/packages/motor
[10.161s] -- Installing: /home/groupl/MarcWS/install/motor/share/motor/cmake/motorConfig.cmake
[10.162s] -- Installing: /home/groupl/MarcWS/install/motor/share/motor/cmake/motorConfig-version.cmake
[10.163s] -- Installing: /home/groupl/MarcWS/install/motor/share/motor/package.xml
[10.173s] Invoked command in '/home/groupl/MarcWS/build/motor' returned '0': CMAKE_PREFIX_PATH=/home/groupl/MarcWS/install/sensors:/home/groupl/MarcWS/install/Sensors:/opt/ros/humble /usr/bin/cmake --install /home/groupl/MarcWS/build/motor
