[3.924s] Invoking command in '/home/groupl/MarcWS/src/sensors': PYTHONPATH=/home/groupl/MarcWS/build/sensors/prefix_override:/home/groupl/MarcWS/install/sensors/lib/python3.10/site-packages:${PYTHONPATH} /usr/bin/python3 setup.py egg_info --egg-base ../../build/sensors build --build-base /home/groupl/MarcWS/build/sensors/build install --record /home/groupl/MarcWS/build/sensors/install.log --single-version-externally-managed
[5.039s] running egg_info
[5.042s] writing ../../build/sensors/sensors.egg-info/PKG-INFO
[5.046s] writing dependency_links to ../../build/sensors/sensors.egg-info/dependency_links.txt
[5.047s] writing entry points to ../../build/sensors/sensors.egg-info/entry_points.txt
[5.048s] writing requirements to ../../build/sensors/sensors.egg-info/requires.txt
[5.048s] writing top-level names to ../../build/sensors/sensors.egg-info/top_level.txt
[5.057s] reading manifest file '../../build/sensors/sensors.egg-info/SOURCES.txt'
[5.062s] writing manifest file '../../build/sensors/sensors.egg-info/SOURCES.txt'
[5.063s] running build
[5.063s] running build_py
[5.065s] copying sensors/serialread.py -> /home/groupl/MarcWS/build/sensors/build/lib/sensors
[5.067s] running install
[5.068s] /usr/lib/python3/dist-packages/setuptools/command/install.py:34: SetuptoolsDeprecationWarning: setup.py install is deprecated. Use build and pip and other standards-based tools.
[5.068s]   warnings.warn(
[5.070s] running install_lib
[5.075s] copying /home/groupl/MarcWS/build/sensors/build/lib/sensors/serialread.py -> /home/groupl/MarcWS/install/sensors/lib/python3.10/site-packages/sensors
[5.080s] byte-compiling /home/groupl/MarcWS/install/sensors/lib/python3.10/site-packages/sensors/serialread.py to serialread.cpython-310.pyc
[5.082s] running install_data
[5.085s] running install_egg_info
[5.092s] removing '/home/groupl/MarcWS/install/sensors/lib/python3.10/site-packages/sensors-0.0.0-py3.10.egg-info' (and everything under it)
[5.095s] Copying ../../build/sensors/sensors.egg-info to /home/groupl/MarcWS/install/sensors/lib/python3.10/site-packages/sensors-0.0.0-py3.10.egg-info
[5.101s] running install_scripts
[5.185s] Installing serialread script to /home/groupl/MarcWS/install/sensors/lib/sensors
[5.192s] writing list of installed files to '/home/groupl/MarcWS/build/sensors/install.log'
[5.316s] Invoked command in '/home/groupl/MarcWS/src/sensors' returned '0': PYTHONPATH=/home/groupl/MarcWS/build/sensors/prefix_override:/home/groupl/MarcWS/install/sensors/lib/python3.10/site-packages:${PYTHONPATH} /usr/bin/python3 setup.py egg_info --egg-base ../../build/sensors build --build-base /home/groupl/MarcWS/build/sensors/build install --record /home/groupl/MarcWS/build/sensors/install.log --single-version-externally-managed
