[6.129s] Invoking command in '/home/groupl/MarcWS/src/motor': PYTHONPATH=/home/groupl/MarcWS/build/motor/prefix_override:/home/groupl/MarcWS/install/motor/lib/python3.10/site-packages:${PYTHONPATH} /usr/bin/python3 setup.py egg_info --egg-base ../../build/motor build --build-base /home/groupl/MarcWS/build/motor/build install --record /home/groupl/MarcWS/build/motor/install.log --single-version-externally-managed
[7.430s] running egg_info
[7.433s] writing ../../build/motor/motor.egg-info/PKG-INFO
[7.435s] writing dependency_links to ../../build/motor/motor.egg-info/dependency_links.txt
[7.436s] writing entry points to ../../build/motor/motor.egg-info/entry_points.txt
[7.437s] writing requirements to ../../build/motor/motor.egg-info/requires.txt
[7.438s] writing top-level names to ../../build/motor/motor.egg-info/top_level.txt
[7.447s] reading manifest file '../../build/motor/motor.egg-info/SOURCES.txt'
[7.452s] writing manifest file '../../build/motor/motor.egg-info/SOURCES.txt'
[7.452s] running build
[7.453s] running build_py
[7.456s] running install
[7.457s] /usr/lib/python3/dist-packages/setuptools/command/install.py:34: SetuptoolsDeprecationWarning: setup.py install is deprecated. Use build and pip and other standards-based tools.
[7.458s]   warnings.warn(
[7.461s] running install_lib
[7.468s] running install_data
[7.468s] running install_egg_info
[7.478s] removing '/home/groupl/MarcWS/install/motor/lib/python3.10/site-packages/motor-0.0.0-py3.10.egg-info' (and everything under it)
[7.480s] Copying ../../build/motor/motor.egg-info to /home/groupl/MarcWS/install/motor/lib/python3.10/site-packages/motor-0.0.0-py3.10.egg-info
[7.488s] running install_scripts
[7.586s] Installing motorpwm script to /home/groupl/MarcWS/install/motor/lib/motor
[7.588s] writing list of installed files to '/home/groupl/MarcWS/build/motor/install.log'
[7.778s] Invoked command in '/home/groupl/MarcWS/src/motor' returned '0': PYTHONPATH=/home/groupl/MarcWS/build/motor/prefix_override:/home/groupl/MarcWS/install/motor/lib/python3.10/site-packages:${PYTHONPATH} /usr/bin/python3 setup.py egg_info --egg-base ../../build/motor build --build-base /home/groupl/MarcWS/build/motor/build install --record /home/groupl/MarcWS/build/motor/install.log --single-version-externally-managed
