[6.964s] Invoking command in '/home/groupl/MarcWS/src/motor': PYTHONPATH=/home/groupl/MarcWS/build/motor/prefix_override:/home/groupl/MarcWS/install/motor/lib/python3.10/site-packages:${PYTHONPATH} /usr/bin/python3 setup.py egg_info --egg-base ../../build/motor build --build-base /home/groupl/MarcWS/build/motor/build install --record /home/groupl/MarcWS/build/motor/install.log --single-version-externally-managed
[8.628s] running egg_info
[8.630s] writing ../../build/motor/motor.egg-info/PKG-INFO
[8.633s] writing dependency_links to ../../build/motor/motor.egg-info/dependency_links.txt
[8.634s] writing entry points to ../../build/motor/motor.egg-info/entry_points.txt
[8.636s] writing requirements to ../../build/motor/motor.egg-info/requires.txt
[8.637s] writing top-level names to ../../build/motor/motor.egg-info/top_level.txt
[8.649s] reading manifest file '../../build/motor/motor.egg-info/SOURCES.txt'
[8.654s] writing manifest file '../../build/motor/motor.egg-info/SOURCES.txt'
[8.656s] running build
[8.656s] running build_py
[8.671s] copying motor/motorpwm.py -> /home/groupl/MarcWS/build/motor/build/lib/motor
[8.673s] running install
[8.678s] running install_lib
[8.681s] /usr/lib/python3/dist-packages/setuptools/command/install.py:34: SetuptoolsDeprecationWarning: setup.py install is deprecated. Use build and pip and other standards-based tools.
[8.682s]   warnings.warn(
[8.684s] copying /home/groupl/MarcWS/build/motor/build/lib/motor/motorpwm.py -> /home/groupl/MarcWS/install/motor/lib/python3.10/site-packages/motor
[8.689s] byte-compiling /home/groupl/MarcWS/install/motor/lib/python3.10/site-packages/motor/motorpwm.py to motorpwm.cpython-310.pyc
[8.692s] running install_data
[8.696s] running install_egg_info
[8.704s] removing '/home/groupl/MarcWS/install/motor/lib/python3.10/site-packages/motor-0.0.0-py3.10.egg-info' (and everything under it)
[8.706s] Copying ../../build/motor/motor.egg-info to /home/groupl/MarcWS/install/motor/lib/python3.10/site-packages/motor-0.0.0-py3.10.egg-info
[8.715s] running install_scripts
[8.874s] Installing motorpwm script to /home/groupl/MarcWS/install/motor/lib/motor
[8.877s] writing list of installed files to '/home/groupl/MarcWS/build/motor/install.log'
[9.094s] Invoked command in '/home/groupl/MarcWS/src/motor' returned '0': PYTHONPATH=/home/groupl/MarcWS/build/motor/prefix_override:/home/groupl/MarcWS/install/motor/lib/python3.10/site-packages:${PYTHONPATH} /usr/bin/python3 setup.py egg_info --egg-base ../../build/motor build --build-base /home/groupl/MarcWS/build/motor/build install --record /home/groupl/MarcWS/build/motor/install.log --single-version-externally-managed
