[5.973s] DEBUG:colcon:Command line arguments: ['/usr/bin/colcon', 'build']
[5.974s] DEBUG:colcon:Parsed command line arguments: Namespace(log_base=None, log_level=None, verb_name='build', build_base='build', install_base='install', merge_install=False, symlink_install=False, test_result_base=None, continue_on_error=False, executor='parallel', parallel_workers=4, event_handlers=None, ignore_user_meta=False, metas=['./colcon.meta'], base_paths=['.'], packages_ignore=None, packages_ignore_regex=None, paths=None, packages_up_to=None, packages_up_to_regex=None, packages_above=None, packages_above_and_dependencies=None, packages_above_depth=None, packages_select_by_dep=None, packages_skip_by_dep=None, packages_skip_up_to=None, packages_select_build_failed=False, packages_skip_build_finished=False, packages_select_test_failures=False, packages_skip_test_passed=False, packages_select=None, packages_skip=None, packages_select_regex=None, packages_skip_regex=None, packages_start=None, packages_end=None, allow_overriding=[], cmake_args=None, cmake_target=None, cmake_target_skip_unavailable=False, cmake_clean_cache=False, cmake_clean_first=False, cmake_force_configure=False, ament_cmake_args=None, catkin_cmake_args=None, catkin_skip_building_tests=False, verb_parser=<colcon_defaults.argument_parser.defaults.DefaultArgumentsDecorator object at 0xffff981f5270>, verb_extension=<colcon_core.verb.build.BuildVerb object at 0xffff981f78e0>, main=<bound method BuildVerb.main of <colcon_core.verb.build.BuildVerb object at 0xffff981f78e0>>)
[6.293s] Level 1:colcon.colcon_core.package_discovery:discover_packages(colcon_meta) check parameters
[6.294s] Level 1:colcon.colcon_core.package_discovery:discover_packages(recursive) check parameters
[6.294s] Level 1:colcon.colcon_core.package_discovery:discover_packages(ignore) check parameters
[6.294s] Level 1:colcon.colcon_core.package_discovery:discover_packages(path) check parameters
[6.294s] Level 1:colcon.colcon_core.package_discovery:discover_packages(colcon_meta) discover
[6.294s] Level 1:colcon.colcon_core.package_discovery:discover_packages(recursive) discover
[6.294s] INFO:colcon.colcon_core.package_discovery:Crawling recursively for packages in '/home/groupl/MarcWS'
[6.295s] Level 1:colcon.colcon_core.package_identification:_identify(.) by extensions ['ignore', 'ignore_ament_install']
[6.295s] Level 1:colcon.colcon_core.package_identification:_identify(.) by extension 'ignore'
[6.296s] Level 1:colcon.colcon_core.package_identification:_identify(.) by extension 'ignore_ament_install'
[6.296s] Level 1:colcon.colcon_core.package_identification:_identify(.) by extensions ['colcon_pkg']
[6.296s] Level 1:colcon.colcon_core.package_identification:_identify(.) by extension 'colcon_pkg'
[6.296s] Level 1:colcon.colcon_core.package_identification:_identify(.) by extensions ['colcon_meta']
[6.296s] Level 1:colcon.colcon_core.package_identification:_identify(.) by extension 'colcon_meta'
[6.296s] Level 1:colcon.colcon_core.package_identification:_identify(.) by extensions ['ros']
[6.297s] Level 1:colcon.colcon_core.package_identification:_identify(.) by extension 'ros'
[6.383s] Level 1:colcon.colcon_core.package_identification:_identify(.) by extensions ['cmake', 'python']
[6.384s] Level 1:colcon.colcon_core.package_identification:_identify(.) by extension 'cmake'
[6.384s] Level 1:colcon.colcon_core.package_identification:_identify(.) by extension 'python'
[6.384s] Level 1:colcon.colcon_core.package_identification:_identify(.) by extensions ['python_setup_py']
[6.384s] Level 1:colcon.colcon_core.package_identification:_identify(.) by extension 'python_setup_py'
[6.385s] Level 1:colcon.colcon_core.package_identification:_identify(build) by extensions ['ignore', 'ignore_ament_install']
[6.385s] Level 1:colcon.colcon_core.package_identification:_identify(build) by extension 'ignore'
[6.385s] Level 1:colcon.colcon_core.package_identification:_identify(build) ignored
[6.386s] Level 1:colcon.colcon_core.package_identification:_identify(install) by extensions ['ignore', 'ignore_ament_install']
[6.386s] Level 1:colcon.colcon_core.package_identification:_identify(install) by extension 'ignore'
[6.386s] Level 1:colcon.colcon_core.package_identification:_identify(install) ignored
[6.387s] Level 1:colcon.colcon_core.package_identification:_identify(log) by extensions ['ignore', 'ignore_ament_install']
[6.387s] Level 1:colcon.colcon_core.package_identification:_identify(log) by extension 'ignore'
[6.388s] Level 1:colcon.colcon_core.package_identification:_identify(log) ignored
[6.389s] Level 1:colcon.colcon_core.package_identification:_identify(src) by extensions ['ignore', 'ignore_ament_install']
[6.389s] Level 1:colcon.colcon_core.package_identification:_identify(src) by extension 'ignore'
[6.389s] Level 1:colcon.colcon_core.package_identification:_identify(src) by extension 'ignore_ament_install'
[6.390s] Level 1:colcon.colcon_core.package_identification:_identify(src) by extensions ['colcon_pkg']
[6.390s] Level 1:colcon.colcon_core.package_identification:_identify(src) by extension 'colcon_pkg'
[6.390s] Level 1:colcon.colcon_core.package_identification:_identify(src) by extensions ['colcon_meta']
[6.390s] Level 1:colcon.colcon_core.package_identification:_identify(src) by extension 'colcon_meta'
[6.390s] Level 1:colcon.colcon_core.package_identification:_identify(src) by extensions ['ros']
[6.390s] Level 1:colcon.colcon_core.package_identification:_identify(src) by extension 'ros'
[6.391s] Level 1:colcon.colcon_core.package_identification:_identify(src) by extensions ['cmake', 'python']
[6.391s] Level 1:colcon.colcon_core.package_identification:_identify(src) by extension 'cmake'
[6.391s] Level 1:colcon.colcon_core.package_identification:_identify(src) by extension 'python'
[6.391s] Level 1:colcon.colcon_core.package_identification:_identify(src) by extensions ['python_setup_py']
[6.391s] Level 1:colcon.colcon_core.package_identification:_identify(src) by extension 'python_setup_py'
[6.392s] Level 1:colcon.colcon_core.package_identification:_identify(src/motor) by extensions ['ignore', 'ignore_ament_install']
[6.392s] Level 1:colcon.colcon_core.package_identification:_identify(src/motor) by extension 'ignore'
[6.392s] Level 1:colcon.colcon_core.package_identification:_identify(src/motor) by extension 'ignore_ament_install'
[6.393s] Level 1:colcon.colcon_core.package_identification:_identify(src/motor) by extensions ['colcon_pkg']
[6.393s] Level 1:colcon.colcon_core.package_identification:_identify(src/motor) by extension 'colcon_pkg'
[6.393s] Level 1:colcon.colcon_core.package_identification:_identify(src/motor) by extensions ['colcon_meta']
[6.393s] Level 1:colcon.colcon_core.package_identification:_identify(src/motor) by extension 'colcon_meta'
[6.393s] Level 1:colcon.colcon_core.package_identification:_identify(src/motor) by extensions ['ros']
[6.393s] Level 1:colcon.colcon_core.package_identification:_identify(src/motor) by extension 'ros'
[6.407s] DEBUG:colcon.colcon_core.package_identification:Package 'src/motor' with type 'ros.ament_python' and name 'motor'
[6.407s] Level 1:colcon.colcon_core.package_identification:_identify(src/sensors) by extensions ['ignore', 'ignore_ament_install']
[6.408s] Level 1:colcon.colcon_core.package_identification:_identify(src/sensors) by extension 'ignore'
[6.408s] Level 1:colcon.colcon_core.package_identification:_identify(src/sensors) by extension 'ignore_ament_install'
[6.408s] Level 1:colcon.colcon_core.package_identification:_identify(src/sensors) by extensions ['colcon_pkg']
[6.408s] Level 1:colcon.colcon_core.package_identification:_identify(src/sensors) by extension 'colcon_pkg'
[6.409s] Level 1:colcon.colcon_core.package_identification:_identify(src/sensors) by extensions ['colcon_meta']
[6.409s] Level 1:colcon.colcon_core.package_identification:_identify(src/sensors) by extension 'colcon_meta'
[6.409s] Level 1:colcon.colcon_core.package_identification:_identify(src/sensors) by extensions ['ros']
[6.409s] Level 1:colcon.colcon_core.package_identification:_identify(src/sensors) by extension 'ros'
[6.412s] DEBUG:colcon.colcon_core.package_identification:Package 'src/sensors' with type 'ros.ament_python' and name 'sensors'
[6.412s] Level 1:colcon.colcon_core.package_discovery:discover_packages(recursive) using defaults
[6.413s] Level 1:colcon.colcon_core.package_discovery:discover_packages(ignore) discover
[6.413s] Level 1:colcon.colcon_core.package_discovery:discover_packages(ignore) using defaults
[6.413s] Level 1:colcon.colcon_core.package_discovery:discover_packages(path) discover
[6.413s] Level 1:colcon.colcon_core.package_discovery:discover_packages(path) using defaults
[6.894s] Level 1:colcon.colcon_core.package_discovery:discover_packages(prefix_path) check parameters
[6.894s] Level 1:colcon.colcon_core.package_discovery:discover_packages(prefix_path) discover
[7.044s] DEBUG:colcon.colcon_installed_package_information.package_discovery:Found 3 installed packages in /home/groupl/MarcWS/install
[7.123s] DEBUG:colcon.colcon_installed_package_information.package_discovery:Found 310 installed packages in /opt/ros/humble
[7.130s] Level 1:colcon.colcon_core.package_discovery:discover_packages(prefix_path) using defaults
[7.747s] Level 5:colcon.colcon_core.verb:set package 'motor' build argument 'cmake_args' from command line to 'None'
[7.748s] Level 5:colcon.colcon_core.verb:set package 'motor' build argument 'cmake_target' from command line to 'None'
[7.748s] Level 5:colcon.colcon_core.verb:set package 'motor' build argument 'cmake_target_skip_unavailable' from command line to 'False'
[7.748s] Level 5:colcon.colcon_core.verb:set package 'motor' build argument 'cmake_clean_cache' from command line to 'False'
[7.748s] Level 5:colcon.colcon_core.verb:set package 'motor' build argument 'cmake_clean_first' from command line to 'False'
[7.748s] Level 5:colcon.colcon_core.verb:set package 'motor' build argument 'cmake_force_configure' from command line to 'False'
[7.748s] Level 5:colcon.colcon_core.verb:set package 'motor' build argument 'ament_cmake_args' from command line to 'None'
[7.748s] Level 5:colcon.colcon_core.verb:set package 'motor' build argument 'catkin_cmake_args' from command line to 'None'
[7.748s] Level 5:colcon.colcon_core.verb:set package 'motor' build argument 'catkin_skip_building_tests' from command line to 'False'
[7.749s] DEBUG:colcon.colcon_core.verb:Building package 'motor' with the following arguments: {'ament_cmake_args': None, 'build_base': '/home/groupl/MarcWS/build/motor', 'catkin_cmake_args': None, 'catkin_skip_building_tests': False, 'cmake_args': None, 'cmake_clean_cache': False, 'cmake_clean_first': False, 'cmake_force_configure': False, 'cmake_target': None, 'cmake_target_skip_unavailable': False, 'install_base': '/home/groupl/MarcWS/install/motor', 'merge_install': False, 'path': '/home/groupl/MarcWS/src/motor', 'symlink_install': False, 'test_result_base': None}
[7.815s] Level 5:colcon.colcon_core.verb:set package 'sensors' build argument 'cmake_args' from command line to 'None'
[7.815s] Level 5:colcon.colcon_core.verb:set package 'sensors' build argument 'cmake_target' from command line to 'None'
[7.815s] Level 5:colcon.colcon_core.verb:set package 'sensors' build argument 'cmake_target_skip_unavailable' from command line to 'False'
[7.815s] Level 5:colcon.colcon_core.verb:set package 'sensors' build argument 'cmake_clean_cache' from command line to 'False'
[7.815s] Level 5:colcon.colcon_core.verb:set package 'sensors' build argument 'cmake_clean_first' from command line to 'False'
[7.816s] Level 5:colcon.colcon_core.verb:set package 'sensors' build argument 'cmake_force_configure' from command line to 'False'
[7.816s] Level 5:colcon.colcon_core.verb:set package 'sensors' build argument 'ament_cmake_args' from command line to 'None'
[7.816s] Level 5:colcon.colcon_core.verb:set package 'sensors' build argument 'catkin_cmake_args' from command line to 'None'
[7.816s] Level 5:colcon.colcon_core.verb:set package 'sensors' build argument 'catkin_skip_building_tests' from command line to 'False'
[7.816s] DEBUG:colcon.colcon_core.verb:Building package 'sensors' with the following arguments: {'ament_cmake_args': None, 'build_base': '/home/groupl/MarcWS/build/sensors', 'catkin_cmake_args': None, 'catkin_skip_building_tests': False, 'cmake_args': None, 'cmake_clean_cache': False, 'cmake_clean_first': False, 'cmake_force_configure': False, 'cmake_target': None, 'cmake_target_skip_unavailable': False, 'install_base': '/home/groupl/MarcWS/install/sensors', 'merge_install': False, 'path': '/home/groupl/MarcWS/src/sensors', 'symlink_install': False, 'test_result_base': None}
[7.885s] INFO:colcon.colcon_core.executor:Executing jobs using 'parallel' executor
[7.954s] DEBUG:colcon.colcon_parallel_executor.executor.parallel:run_until_complete
[7.955s] INFO:colcon.colcon_ros.task.ament_python.build:Building ROS package in '/home/groupl/MarcWS/src/motor' with build type 'ament_python'
[7.956s] Level 1:colcon.colcon_core.shell:create_environment_hook('motor', 'ament_prefix_path')
[8.058s] INFO:colcon.colcon_core.plugin_system:Skipping extension 'colcon_core.shell.bat': Not used on non-Windows systems
[8.059s] INFO:colcon.colcon_core.shell:Creating environment hook '/home/groupl/MarcWS/install/motor/share/motor/hook/ament_prefix_path.ps1'
[8.066s] INFO:colcon.colcon_core.shell:Creating environment descriptor '/home/groupl/MarcWS/install/motor/share/motor/hook/ament_prefix_path.dsv'
[8.070s] INFO:colcon.colcon_core.shell:Creating environment hook '/home/groupl/MarcWS/install/motor/share/motor/hook/ament_prefix_path.sh'
[8.166s] INFO:colcon.colcon_core.shell:Skip shell extension 'powershell' for command environment: Not usable outside of PowerShell
[8.166s] DEBUG:colcon.colcon_core.shell:Skip shell extension 'dsv' for command environment
[8.407s] INFO:colcon.colcon_ros.task.ament_python.build:Building ROS package in '/home/groupl/MarcWS/src/sensors' with build type 'ament_python'
[8.408s] Level 1:colcon.colcon_core.shell:create_environment_hook('sensors', 'ament_prefix_path')
[8.497s] INFO:colcon.colcon_core.shell:Creating environment hook '/home/groupl/MarcWS/install/sensors/share/sensors/hook/ament_prefix_path.ps1'
[8.501s] INFO:colcon.colcon_core.shell:Creating environment descriptor '/home/groupl/MarcWS/install/sensors/share/sensors/hook/ament_prefix_path.dsv'
[8.505s] INFO:colcon.colcon_core.shell:Creating environment hook '/home/groupl/MarcWS/install/sensors/share/sensors/hook/ament_prefix_path.sh'
[8.577s] INFO:colcon.colcon_core.shell:Skip shell extension 'powershell' for command environment: Not usable outside of PowerShell
[8.578s] DEBUG:colcon.colcon_core.shell:Skip shell extension 'dsv' for command environment
[10.055s] INFO:colcon.colcon_core.task.python.build:Building Python package in '/home/groupl/MarcWS/src/motor'
[10.128s] INFO:colcon.colcon_core.shell:Skip shell extension 'powershell' for command environment: Not usable outside of PowerShell
[10.128s] DEBUG:colcon.colcon_core.shell:Skip shell extension 'dsv' for command environment
[11.590s] INFO:colcon.colcon_core.task.python.build:Building Python package in '/home/groupl/MarcWS/src/sensors'
[11.664s] INFO:colcon.colcon_core.shell:Skip shell extension 'powershell' for command environment: Not usable outside of PowerShell
[11.664s] DEBUG:colcon.colcon_core.shell:Skip shell extension 'dsv' for command environment
[14.623s] DEBUG:colcon.colcon_core.event_handler.log_command:Invoking command in '/home/groupl/MarcWS/src/motor': PYTHONPATH=/home/groupl/MarcWS/build/motor/prefix_override:/home/groupl/MarcWS/install/motor/lib/python3.10/site-packages:${PYTHONPATH} /usr/bin/python3 setup.py egg_info --egg-base ../../build/motor build --build-base /home/groupl/MarcWS/build/motor/build install --record /home/groupl/MarcWS/build/motor/install.log --single-version-externally-managed
[14.658s] DEBUG:colcon.colcon_core.event_handler.log_command:Invoking command in '/home/groupl/MarcWS/src/sensors': PYTHONPATH=/home/groupl/MarcWS/build/sensors/prefix_override:/home/groupl/MarcWS/install/sensors/lib/python3.10/site-packages:${PYTHONPATH} /usr/bin/python3 setup.py egg_info --egg-base ../../build/sensors build --build-base /home/groupl/MarcWS/build/sensors/build install --record /home/groupl/MarcWS/build/sensors/install.log --single-version-externally-managed
[16.402s] DEBUG:colcon.colcon_core.event_handler.log_command:Invoked command in '/home/groupl/MarcWS/src/motor' returned '0': PYTHONPATH=/home/groupl/MarcWS/build/motor/prefix_override:/home/groupl/MarcWS/install/motor/lib/python3.10/site-packages:${PYTHONPATH} /usr/bin/python3 setup.py egg_info --egg-base ../../build/motor build --build-base /home/groupl/MarcWS/build/motor/build install --record /home/groupl/MarcWS/build/motor/install.log --single-version-externally-managed
[16.502s] Level 1:colcon.colcon_core.environment:checking '/home/groupl/MarcWS/install/motor' for CMake module files
[16.506s] Level 1:colcon.colcon_core.environment:checking '/home/groupl/MarcWS/install/motor' for CMake config files
[16.510s] Level 1:colcon.colcon_core.shell:create_environment_hook('motor', 'cmake_prefix_path')
[16.584s] INFO:colcon.colcon_core.shell:Creating environment hook '/home/groupl/MarcWS/install/motor/share/motor/hook/cmake_prefix_path.ps1'
[16.586s] INFO:colcon.colcon_core.shell:Creating environment descriptor '/home/groupl/MarcWS/install/motor/share/motor/hook/cmake_prefix_path.dsv'
[16.588s] INFO:colcon.colcon_core.shell:Creating environment hook '/home/groupl/MarcWS/install/motor/share/motor/hook/cmake_prefix_path.sh'
[16.591s] Level 1:colcon.colcon_core.environment:checking '/home/groupl/MarcWS/install/motor/lib'
[16.592s] Level 1:colcon.colcon_core.environment:checking '/home/groupl/MarcWS/install/motor/bin'
[16.593s] Level 1:colcon.colcon_core.environment:checking '/home/groupl/MarcWS/install/motor/lib/pkgconfig/motor.pc'
[16.593s] Level 1:colcon.colcon_core.environment:checking '/home/groupl/MarcWS/install/motor/lib/python3.10/site-packages'
[16.594s] Level 1:colcon.colcon_core.shell:create_environment_hook('motor', 'pythonpath')
[16.662s] INFO:colcon.colcon_core.shell:Creating environment hook '/home/groupl/MarcWS/install/motor/share/motor/hook/pythonpath.ps1'
[16.664s] INFO:colcon.colcon_core.shell:Creating environment descriptor '/home/groupl/MarcWS/install/motor/share/motor/hook/pythonpath.dsv'
[16.666s] INFO:colcon.colcon_core.shell:Creating environment hook '/home/groupl/MarcWS/install/motor/share/motor/hook/pythonpath.sh'
[16.668s] Level 1:colcon.colcon_core.environment:checking '/home/groupl/MarcWS/install/motor/bin'
[16.669s] Level 1:colcon.colcon_core.environment:create_environment_scripts_only(motor)
[16.738s] INFO:colcon.colcon_core.shell:Creating package script '/home/groupl/MarcWS/install/motor/share/motor/package.ps1'
[16.743s] INFO:colcon.colcon_core.shell:Creating package descriptor '/home/groupl/MarcWS/install/motor/share/motor/package.dsv'
[16.746s] INFO:colcon.colcon_core.shell:Creating package script '/home/groupl/MarcWS/install/motor/share/motor/package.sh'
[16.750s] INFO:colcon.colcon_core.shell:Creating package script '/home/groupl/MarcWS/install/motor/share/motor/package.bash'
[16.755s] INFO:colcon.colcon_core.shell:Creating package script '/home/groupl/MarcWS/install/motor/share/motor/package.zsh'
[16.759s] Level 1:colcon.colcon_core.environment:create_file_with_runtime_dependencies(/home/groupl/MarcWS/install/motor/share/colcon-core/packages/motor)
[16.767s] DEBUG:colcon.colcon_core.event_handler.log_command:Invoked command in '/home/groupl/MarcWS/src/sensors' returned '0': PYTHONPATH=/home/groupl/MarcWS/build/sensors/prefix_override:/home/groupl/MarcWS/install/sensors/lib/python3.10/site-packages:${PYTHONPATH} /usr/bin/python3 setup.py egg_info --egg-base ../../build/sensors build --build-base /home/groupl/MarcWS/build/sensors/build install --record /home/groupl/MarcWS/build/sensors/install.log --single-version-externally-managed
[16.846s] Level 1:colcon.colcon_core.environment:checking '/home/groupl/MarcWS/install/sensors' for CMake module files
[16.849s] Level 1:colcon.colcon_core.environment:checking '/home/groupl/MarcWS/install/sensors' for CMake config files
[16.853s] Level 1:colcon.colcon_core.environment:checking '/home/groupl/MarcWS/install/sensors/lib'
[16.853s] Level 1:colcon.colcon_core.environment:checking '/home/groupl/MarcWS/install/sensors/bin'
[16.854s] Level 1:colcon.colcon_core.environment:checking '/home/groupl/MarcWS/install/sensors/lib/pkgconfig/sensors.pc'
[16.855s] Level 1:colcon.colcon_core.environment:checking '/home/groupl/MarcWS/install/sensors/lib/python3.10/site-packages'
[16.855s] Level 1:colcon.colcon_core.shell:create_environment_hook('sensors', 'pythonpath')
[16.938s] INFO:colcon.colcon_core.shell:Creating environment hook '/home/groupl/MarcWS/install/sensors/share/sensors/hook/pythonpath.ps1'
[16.940s] INFO:colcon.colcon_core.shell:Creating environment descriptor '/home/groupl/MarcWS/install/sensors/share/sensors/hook/pythonpath.dsv'
[16.942s] INFO:colcon.colcon_core.shell:Creating environment hook '/home/groupl/MarcWS/install/sensors/share/sensors/hook/pythonpath.sh'
[16.945s] Level 1:colcon.colcon_core.environment:checking '/home/groupl/MarcWS/install/sensors/bin'
[16.945s] Level 1:colcon.colcon_core.environment:create_environment_scripts_only(sensors)
[17.020s] INFO:colcon.colcon_core.shell:Creating package script '/home/groupl/MarcWS/install/sensors/share/sensors/package.ps1'
[17.022s] INFO:colcon.colcon_core.shell:Creating package descriptor '/home/groupl/MarcWS/install/sensors/share/sensors/package.dsv'
[17.024s] INFO:colcon.colcon_core.shell:Creating package script '/home/groupl/MarcWS/install/sensors/share/sensors/package.sh'
[17.026s] INFO:colcon.colcon_core.shell:Creating package script '/home/groupl/MarcWS/install/sensors/share/sensors/package.bash'
[17.028s] INFO:colcon.colcon_core.shell:Creating package script '/home/groupl/MarcWS/install/sensors/share/sensors/package.zsh'
[17.030s] Level 1:colcon.colcon_core.environment:create_file_with_runtime_dependencies(/home/groupl/MarcWS/install/sensors/share/colcon-core/packages/sensors)
[17.031s] DEBUG:colcon.colcon_parallel_executor.executor.parallel:closing loop
[17.032s] DEBUG:colcon.colcon_parallel_executor.executor.parallel:loop closed
[17.032s] DEBUG:colcon.colcon_parallel_executor.executor.parallel:run_until_complete finished with '0'
[17.033s] DEBUG:colcon.colcon_core.event_reactor:joining thread
[17.194s] INFO:colcon.colcon_core.plugin_system:Skipping extension 'colcon_notification.desktop_notification.terminal_notifier': Not used on non-Darwin systems
[17.195s] INFO:colcon.colcon_core.plugin_system:Skipping extension 'colcon_notification.desktop_notification.win32': Not used on non-Windows systems
[17.195s] INFO:colcon.colcon_notification.desktop_notification:Sending desktop notification using 'notify2'
[17.520s] DEBUG:colcon.colcon_core.event_reactor:joined thread
[17.633s] INFO:colcon.colcon_core.shell:Creating prefix script '/home/groupl/MarcWS/install/local_setup.ps1'
[17.640s] INFO:colcon.colcon_core.shell:Creating prefix util module '/home/groupl/MarcWS/install/_local_setup_util_ps1.py'
[17.651s] INFO:colcon.colcon_core.shell:Creating prefix chain script '/home/groupl/MarcWS/install/setup.ps1'
[17.754s] INFO:colcon.colcon_core.shell:Creating prefix script '/home/groupl/MarcWS/install/local_setup.sh'
[17.758s] INFO:colcon.colcon_core.shell:Creating prefix util module '/home/groupl/MarcWS/install/_local_setup_util_sh.py'
[17.760s] INFO:colcon.colcon_core.shell:Creating prefix chain script '/home/groupl/MarcWS/install/setup.sh'
[17.831s] INFO:colcon.colcon_core.shell:Creating prefix script '/home/groupl/MarcWS/install/local_setup.bash'
[17.834s] INFO:colcon.colcon_core.shell:Creating prefix chain script '/home/groupl/MarcWS/install/setup.bash'
[17.905s] INFO:colcon.colcon_core.shell:Creating prefix script '/home/groupl/MarcWS/install/local_setup.zsh'
[17.908s] INFO:colcon.colcon_core.shell:Creating prefix chain script '/home/groupl/MarcWS/install/setup.zsh'
