[6.501s] Invoking command in '/home/groupl/MarcWS/src/sensors': PYTHONPATH=/home/groupl/MarcWS/build/sensors/prefix_override:/home/groupl/MarcWS/install/sensors/lib/python3.10/site-packages:${PYTHONPATH} /usr/bin/python3 setup.py egg_info --egg-base ../../build/sensors build --build-base /home/groupl/MarcWS/build/sensors/build install --record /home/groupl/MarcWS/build/sensors/install.log --single-version-externally-managed
[7.942s] running egg_info
[7.945s] writing ../../build/sensors/sensors.egg-info/PKG-INFO
[7.953s] writing dependency_links to ../../build/sensors/sensors.egg-info/dependency_links.txt
[7.954s] writing entry points to ../../build/sensors/sensors.egg-info/entry_points.txt
[7.955s] writing requirements to ../../build/sensors/sensors.egg-info/requires.txt
[7.955s] writing top-level names to ../../build/sensors/sensors.egg-info/top_level.txt
[7.965s] reading manifest file '../../build/sensors/sensors.egg-info/SOURCES.txt'
[7.970s] writing manifest file '../../build/sensors/sensors.egg-info/SOURCES.txt'
[7.971s] running build
[7.971s] running build_py
[7.976s] running install
[7.977s] /usr/lib/python3/dist-packages/setuptools/command/install.py:34: SetuptoolsDeprecationWarning: setup.py install is deprecated. Use build and pip and other standards-based tools.
[7.977s]   warnings.warn(
[7.978s] running install_lib
[7.989s] running install_data
[7.993s] running install_egg_info
[8.002s] removing '/home/groupl/MarcWS/install/sensors/lib/python3.10/site-packages/sensors-0.0.0-py3.10.egg-info' (and everything under it)
[8.004s] Copying ../../build/sensors/sensors.egg-info to /home/groupl/MarcWS/install/sensors/lib/python3.10/site-packages/sensors-0.0.0-py3.10.egg-info
[8.012s] running install_scripts
[8.110s] Installing serialread script to /home/groupl/MarcWS/install/sensors/lib/sensors
[8.117s] writing list of installed files to '/home/groupl/MarcWS/build/sensors/install.log'
[8.685s] Invoked command in '/home/groupl/MarcWS/src/sensors' returned '0': PYTHONPATH=/home/groupl/MarcWS/build/sensors/prefix_override:/home/groupl/MarcWS/install/sensors/lib/python3.10/site-packages:${PYTHONPATH} /usr/bin/python3 setup.py egg_info --egg-base ../../build/sensors build --build-base /home/groupl/MarcWS/build/sensors/build install --record /home/groupl/MarcWS/build/sensors/install.log --single-version-externally-managed
