[7.147s] Invoking command in '/home/groupl/MarcWS/src/motor': PYTHONPATH=/home/groupl/MarcWS/build/motor/prefix_override:/home/groupl/MarcWS/install/motor/lib/python3.10/site-packages:${PYTHONPATH} /usr/bin/python3 setup.py egg_info --egg-base ../../build/motor build --build-base /home/groupl/MarcWS/build/motor/build install --record /home/groupl/MarcWS/build/motor/install.log --single-version-externally-managed
[9.012s] running egg_info
[9.017s] writing ../../build/motor/motor.egg-info/PKG-INFO
[9.018s] writing dependency_links to ../../build/motor/motor.egg-info/dependency_links.txt
[9.019s] writing entry points to ../../build/motor/motor.egg-info/entry_points.txt
[9.022s] writing requirements to ../../build/motor/motor.egg-info/requires.txt
[9.023s] writing top-level names to ../../build/motor/motor.egg-info/top_level.txt
[9.032s] reading manifest file '../../build/motor/motor.egg-info/SOURCES.txt'
[9.037s] writing manifest file '../../build/motor/motor.egg-info/SOURCES.txt'
[9.038s] running build
[9.040s] running build_py
[9.040s] copying motor/motorpwm.py -> /home/groupl/MarcWS/build/motor/build/lib/motor
[9.043s] running install
[9.045s] /usr/lib/python3/dist-packages/setuptools/command/install.py:34: SetuptoolsDeprecationWarning: setup.py install is deprecated. Use build and pip and other standards-based tools.
[9.046s]   warnings.warn(
[9.046s] running install_lib
[9.050s] copying /home/groupl/MarcWS/build/motor/build/lib/motor/motorpwm.py -> /home/groupl/MarcWS/install/motor/lib/python3.10/site-packages/motor
[9.054s] byte-compiling /home/groupl/MarcWS/install/motor/lib/python3.10/site-packages/motor/motorpwm.py to motorpwm.cpython-310.pyc
[9.057s] running install_data
[9.062s] running install_egg_info
[9.071s] removing '/home/groupl/MarcWS/install/motor/lib/python3.10/site-packages/motor-0.0.0-py3.10.egg-info' (and everything under it)
[9.073s] Copying ../../build/motor/motor.egg-info to /home/groupl/MarcWS/install/motor/lib/python3.10/site-packages/motor-0.0.0-py3.10.egg-info
[9.080s] running install_scripts
[9.196s] Installing motorpwm script to /home/groupl/MarcWS/install/motor/lib/motor
[9.198s] writing list of installed files to '/home/groupl/MarcWS/build/motor/install.log'
[9.403s] Invoked command in '/home/groupl/MarcWS/src/motor' returned '0': PYTHONPATH=/home/groupl/MarcWS/build/motor/prefix_override:/home/groupl/MarcWS/install/motor/lib/python3.10/site-packages:${PYTHONPATH} /usr/bin/python3 setup.py egg_info --egg-base ../../build/motor build --build-base /home/groupl/MarcWS/build/motor/build install --record /home/groupl/MarcWS/build/motor/install.log --single-version-externally-managed
