running egg_info
writing ../../build/motor/motor.egg-info/PKG-INFO
writing dependency_links to ../../build/motor/motor.egg-info/dependency_links.txt
writing entry points to ../../build/motor/motor.egg-info/entry_points.txt
writing requirements to ../../build/motor/motor.egg-info/requires.txt
writing top-level names to ../../build/motor/motor.egg-info/top_level.txt
reading manifest file '../../build/motor/motor.egg-info/SOURCES.txt'
writing manifest file '../../build/motor/motor.egg-info/SOURCES.txt'
running build
running build_py
copying motor/motorpwm.py -> /home/groupl/MarcWS/build/motor/build/lib/motor
creating /home/groupl/MarcWS/build/motor/build/lib/motor (copy)
copying motor (copy)/motorpwm.py -> /home/groupl/MarcWS/build/motor/build/lib/motor (copy)
copying motor (copy)/__init__.py -> /home/groupl/MarcWS/build/motor/build/lib/motor (copy)
running install
running install_lib
copying /home/groupl/MarcWS/build/motor/build/lib/motor/motorpwm.py -> /home/groupl/MarcWS/install/motor/lib/python3.10/site-packages/motor
creating /home/groupl/MarcWS/install/motor/lib/python3.10/site-packages/motor (copy)
copying /home/groupl/MarcWS/build/motor/build/lib/motor (copy)/motorpwm.py -> /home/groupl/MarcWS/install/motor/lib/python3.10/site-packages/motor (copy)
copying /home/groupl/MarcWS/build/motor/build/lib/motor (copy)/__init__.py -> /home/groupl/MarcWS/install/motor/lib/python3.10/site-packages/motor (copy)
byte-compiling /home/groupl/MarcWS/install/motor/lib/python3.10/site-packages/motor/motorpwm.py to motorpwm.cpython-310.pyc
byte-compiling /home/groupl/MarcWS/install/motor/lib/python3.10/site-packages/motor (copy)/motorpwm.py to motorpwm.cpython-310.pyc
byte-compiling /home/groupl/MarcWS/install/motor/lib/python3.10/site-packages/motor (copy)/__init__.py to __init__.cpython-310.pyc
running install_data
running install_egg_info
removing '/home/groupl/MarcWS/install/motor/lib/python3.10/site-packages/motor-0.0.0-py3.10.egg-info' (and everything under it)
Copying ../../build/motor/motor.egg-info to /home/groupl/MarcWS/install/motor/lib/python3.10/site-packages/motor-0.0.0-py3.10.egg-info
running install_scripts
Installing motorpwm script to /home/groupl/MarcWS/install/motor/lib/motor
writing list of installed files to '/home/groupl/MarcWS/build/motor/install.log'
