[6.899s] Invoking command in '/home/groupl/MarcWS/src/motor': PYTHONPATH=/home/groupl/MarcWS/build/motor/prefix_override:/home/groupl/MarcWS/install/motor/lib/python3.10/site-packages:${PYTHONPATH} /usr/bin/python3 setup.py egg_info --egg-base ../../build/motor build --build-base /home/groupl/MarcWS/build/motor/build install --record /home/groupl/MarcWS/build/motor/install.log --single-version-externally-managed
[8.234s] running egg_info
[8.237s] writing ../../build/motor/motor.egg-info/PKG-INFO
[8.246s] writing dependency_links to ../../build/motor/motor.egg-info/dependency_links.txt
[8.247s] writing entry points to ../../build/motor/motor.egg-info/entry_points.txt
[8.248s] writing requirements to ../../build/motor/motor.egg-info/requires.txt
[8.249s] writing top-level names to ../../build/motor/motor.egg-info/top_level.txt
[8.260s] reading manifest file '../../build/motor/motor.egg-info/SOURCES.txt'
[8.265s] writing manifest file '../../build/motor/motor.egg-info/SOURCES.txt'
[8.265s] running build
[8.266s] running build_py
[8.270s] copying motor/motorpwm.py -> /home/groupl/MarcWS/build/motor/build/lib/motor
[8.273s] creating /home/groupl/MarcWS/build/motor/build/lib/motor (copy)
[8.273s] copying motor (copy)/motorpwm.py -> /home/groupl/MarcWS/build/motor/build/lib/motor (copy)
[8.275s] copying motor (copy)/__init__.py -> /home/groupl/MarcWS/build/motor/build/lib/motor (copy)
[8.277s] running install
[8.278s] /usr/lib/python3/dist-packages/setuptools/command/install.py:34: SetuptoolsDeprecationWarning: setup.py install is deprecated. Use build and pip and other standards-based tools.
[8.278s]   warnings.warn(
[8.279s] running install_lib
[8.285s] copying /home/groupl/MarcWS/build/motor/build/lib/motor/motorpwm.py -> /home/groupl/MarcWS/install/motor/lib/python3.10/site-packages/motor
[8.286s] creating /home/groupl/MarcWS/install/motor/lib/python3.10/site-packages/motor (copy)
[8.287s] copying /home/groupl/MarcWS/build/motor/build/lib/motor (copy)/motorpwm.py -> /home/groupl/MarcWS/install/motor/lib/python3.10/site-packages/motor (copy)
[8.288s] copying /home/groupl/MarcWS/build/motor/build/lib/motor (copy)/__init__.py -> /home/groupl/MarcWS/install/motor/lib/python3.10/site-packages/motor (copy)
[8.292s] byte-compiling /home/groupl/MarcWS/install/motor/lib/python3.10/site-packages/motor/motorpwm.py to motorpwm.cpython-310.pyc
[8.294s] byte-compiling /home/groupl/MarcWS/install/motor/lib/python3.10/site-packages/motor (copy)/motorpwm.py to motorpwm.cpython-310.pyc
[8.296s] byte-compiling /home/groupl/MarcWS/install/motor/lib/python3.10/site-packages/motor (copy)/__init__.py to __init__.cpython-310.pyc
[8.297s] running install_data
[8.302s] running install_egg_info
[8.318s] removing '/home/groupl/MarcWS/install/motor/lib/python3.10/site-packages/motor-0.0.0-py3.10.egg-info' (and everything under it)
[8.319s] Copying ../../build/motor/motor.egg-info to /home/groupl/MarcWS/install/motor/lib/python3.10/site-packages/motor-0.0.0-py3.10.egg-info
[8.325s] running install_scripts
[8.433s] Installing motorpwm script to /home/groupl/MarcWS/install/motor/lib/motor
[8.437s] writing list of installed files to '/home/groupl/MarcWS/build/motor/install.log'
[8.901s] Invoked command in '/home/groupl/MarcWS/src/motor' returned '0': PYTHONPATH=/home/groupl/MarcWS/build/motor/prefix_override:/home/groupl/MarcWS/install/motor/lib/python3.10/site-packages:${PYTHONPATH} /usr/bin/python3 setup.py egg_info --egg-base ../../build/motor build --build-base /home/groupl/MarcWS/build/motor/build install --record /home/groupl/MarcWS/build/motor/install.log --single-version-externally-managed
