[4.093s] Invoking command in '/home/groupl/MarcWS/src/sensors': PYTHONPATH=/home/groupl/MarcWS/build/sensors/prefix_override:/home/groupl/MarcWS/install/sensors/lib/python3.10/site-packages:${PYTHONPATH} /usr/bin/python3 setup.py egg_info --egg-base ../../build/sensors build --build-base /home/groupl/MarcWS/build/sensors/build install --record /home/groupl/MarcWS/build/sensors/install.log --single-version-externally-managed
[5.189s] running egg_info
[5.191s] writing ../../build/sensors/sensors.egg-info/PKG-INFO
[5.196s] writing dependency_links to ../../build/sensors/sensors.egg-info/dependency_links.txt
[5.197s] writing entry points to ../../build/sensors/sensors.egg-info/entry_points.txt
[5.197s] writing requirements to ../../build/sensors/sensors.egg-info/requires.txt
[5.198s] writing top-level names to ../../build/sensors/sensors.egg-info/top_level.txt
[5.207s] reading manifest file '../../build/sensors/sensors.egg-info/SOURCES.txt'
[5.211s] writing manifest file '../../build/sensors/sensors.egg-info/SOURCES.txt'
[5.212s] running build
[5.212s] running build_py
[5.217s] copying sensors/serialread.py -> /home/groupl/MarcWS/build/sensors/build/lib/sensors
[5.219s] running install
[5.221s] /usr/lib/python3/dist-packages/setuptools/command/install.py:34: SetuptoolsDeprecationWarning: setup.py install is deprecated. Use build and pip and other standards-based tools.
[5.221s]   warnings.warn(
[5.222s] running install_lib
[5.227s] copying /home/groupl/MarcWS/build/sensors/build/lib/sensors/serialread.py -> /home/groupl/MarcWS/install/sensors/lib/python3.10/site-packages/sensors
[5.231s] byte-compiling /home/groupl/MarcWS/install/sensors/lib/python3.10/site-packages/sensors/serialread.py to serialread.cpython-310.pyc
[5.234s] running install_data
[5.238s] running install_egg_info
[5.245s] removing '/home/groupl/MarcWS/install/sensors/lib/python3.10/site-packages/sensors-0.0.0-py3.10.egg-info' (and everything under it)
[5.247s] Copying ../../build/sensors/sensors.egg-info to /home/groupl/MarcWS/install/sensors/lib/python3.10/site-packages/sensors-0.0.0-py3.10.egg-info
[5.253s] running install_scripts
[5.336s] Installing serialread script to /home/groupl/MarcWS/install/sensors/lib/sensors
[5.338s] writing list of installed files to '/home/groupl/MarcWS/build/sensors/install.log'
[5.463s] Invoked command in '/home/groupl/MarcWS/src/sensors' returned '0': PYTHONPATH=/home/groupl/MarcWS/build/sensors/prefix_override:/home/groupl/MarcWS/install/sensors/lib/python3.10/site-packages:${PYTHONPATH} /usr/bin/python3 setup.py egg_info --egg-base ../../build/sensors build --build-base /home/groupl/MarcWS/build/sensors/build install --record /home/groupl/MarcWS/build/sensors/install.log --single-version-externally-managed
