[6.872s] Invoking command in '/home/groupl/MarcWS/src/sensors': PYTHONPATH=/home/groupl/MarcWS/build/sensors/prefix_override:/home/groupl/MarcWS/install/sensors/lib/python3.10/site-packages:${PYTHONPATH} /usr/bin/python3 setup.py egg_info --egg-base ../../build/sensors build --build-base /home/groupl/MarcWS/build/sensors/build install --record /home/groupl/MarcWS/build/sensors/install.log --single-version-externally-managed
[8.332s] running egg_info
[8.335s] writing ../../build/sensors/sensors.egg-info/PKG-INFO
[8.339s] writing dependency_links to ../../build/sensors/sensors.egg-info/dependency_links.txt
[8.341s] writing entry points to ../../build/sensors/sensors.egg-info/entry_points.txt
[8.342s] writing requirements to ../../build/sensors/sensors.egg-info/requires.txt
[8.343s] writing top-level names to ../../build/sensors/sensors.egg-info/top_level.txt
[8.352s] reading manifest file '../../build/sensors/sensors.egg-info/SOURCES.txt'
[8.358s] writing manifest file '../../build/sensors/sensors.egg-info/SOURCES.txt'
[8.358s] running build
[8.359s] running build_py
[8.365s] running install
[8.367s] /usr/lib/python3/dist-packages/setuptools/command/install.py:34: SetuptoolsDeprecationWarning: setup.py install is deprecated. Use build and pip and other standards-based tools.
[8.368s]   warnings.warn(
[8.371s] running install_lib
[8.379s] running install_data
[8.383s] running install_egg_info
[8.391s] removing '/home/groupl/MarcWS/install/sensors/lib/python3.10/site-packages/sensors-0.0.0-py3.10.egg-info' (and everything under it)
[8.394s] Copying ../../build/sensors/sensors.egg-info to /home/groupl/MarcWS/install/sensors/lib/python3.10/site-packages/sensors-0.0.0-py3.10.egg-info
[8.400s] running install_scripts
[8.500s] Installing serialread script to /home/groupl/MarcWS/install/sensors/lib/sensors
[8.509s] writing list of installed files to '/home/groupl/MarcWS/build/sensors/install.log'
[9.092s] Invoked command in '/home/groupl/MarcWS/src/sensors' returned '0': PYTHONPATH=/home/groupl/MarcWS/build/sensors/prefix_override:/home/groupl/MarcWS/install/sensors/lib/python3.10/site-packages:${PYTHONPATH} /usr/bin/python3 setup.py egg_info --egg-base ../../build/sensors build --build-base /home/groupl/MarcWS/build/sensors/build install --record /home/groupl/MarcWS/build/sensors/install.log --single-version-externally-managed
