[3.273s] Invoking command in '/home/groupl/MarcWS/src/sensors': PYTHONPATH=/home/groupl/MarcWS/build/sensors/prefix_override:/home/groupl/MarcWS/install/sensors/lib/python3.10/site-packages:${PYTHONPATH} /usr/bin/python3 setup.py egg_info --egg-base ../../build/sensors build --build-base /home/groupl/MarcWS/build/sensors/build install --record /home/groupl/MarcWS/build/sensors/install.log --single-version-externally-managed
[4.337s] running egg_info
[4.339s] writing ../../build/sensors/sensors.egg-info/PKG-INFO
[4.340s] writing dependency_links to ../../build/sensors/sensors.egg-info/dependency_links.txt
[4.341s] writing entry points to ../../build/sensors/sensors.egg-info/entry_points.txt
[4.342s] writing requirements to ../../build/sensors/sensors.egg-info/requires.txt
[4.342s] writing top-level names to ../../build/sensors/sensors.egg-info/top_level.txt
[4.350s] reading manifest file '../../build/sensors/sensors.egg-info/SOURCES.txt'
[4.353s] writing manifest file '../../build/sensors/sensors.egg-info/SOURCES.txt'
[4.354s] running build
[4.354s] running build_py
[4.355s] copying sensors/serialread.py -> /home/groupl/MarcWS/build/sensors/build/lib/sensors
[4.356s] copying sensors/__init__.py -> /home/groupl/MarcWS/build/sensors/build/lib/sensors
[4.357s] running install
[4.358s] /usr/lib/python3/dist-packages/setuptools/command/install.py:34: SetuptoolsDeprecationWarning: setup.py install is deprecated. Use build and pip and other standards-based tools.
[4.358s]   warnings.warn(
[4.359s] running install_lib
[4.364s] copying /home/groupl/MarcWS/build/sensors/build/lib/sensors/serialread.py -> /home/groupl/MarcWS/install/sensors/lib/python3.10/site-packages/sensors
[4.365s] copying /home/groupl/MarcWS/build/sensors/build/lib/sensors/__init__.py -> /home/groupl/MarcWS/install/sensors/lib/python3.10/site-packages/sensors
[4.367s] byte-compiling /home/groupl/MarcWS/install/sensors/lib/python3.10/site-packages/sensors/serialread.py to serialread.cpython-310.pyc
[4.369s] byte-compiling /home/groupl/MarcWS/install/sensors/lib/python3.10/site-packages/sensors/__init__.py to __init__.cpython-310.pyc
[4.370s] running install_data
[4.373s] copying resource/sensors -> /home/groupl/MarcWS/install/sensors/share/ament_index/resource_index/packages
[4.373s] copying package.xml -> /home/groupl/MarcWS/install/sensors/share/sensors
[4.374s] running install_egg_info
[4.381s] removing '/home/groupl/MarcWS/install/sensors/lib/python3.10/site-packages/sensors-0.0.0-py3.10.egg-info' (and everything under it)
[4.383s] Copying ../../build/sensors/sensors.egg-info to /home/groupl/MarcWS/install/sensors/lib/python3.10/site-packages/sensors-0.0.0-py3.10.egg-info
[4.388s] running install_scripts
[4.468s] Installing serialread script to /home/groupl/MarcWS/install/sensors/lib/sensors
[4.470s] writing list of installed files to '/home/groupl/MarcWS/build/sensors/install.log'
[4.594s] Invoked command in '/home/groupl/MarcWS/src/sensors' returned '0': PYTHONPATH=/home/groupl/MarcWS/build/sensors/prefix_override:/home/groupl/MarcWS/install/sensors/lib/python3.10/site-packages:${PYTHONPATH} /usr/bin/python3 setup.py egg_info --egg-base ../../build/sensors build --build-base /home/groupl/MarcWS/build/sensors/build install --record /home/groupl/MarcWS/build/sensors/install.log --single-version-externally-managed
