[3.600s] Invoking command in '/home/groupl/MarcWS/src/sensors': PYTHONPATH=/home/groupl/MarcWS/build/sensors/prefix_override:/home/groupl/MarcWS/install/sensors/lib/python3.10/site-packages:${PYTHONPATH} /usr/bin/python3 setup.py egg_info --egg-base ../../build/sensors build --build-base /home/groupl/MarcWS/build/sensors/build install --record /home/groupl/MarcWS/build/sensors/install.log --single-version-externally-managed
[4.701s] running egg_info
[4.703s] writing ../../build/sensors/sensors.egg-info/PKG-INFO
[4.704s] writing dependency_links to ../../build/sensors/sensors.egg-info/dependency_links.txt
[4.705s] writing entry points to ../../build/sensors/sensors.egg-info/entry_points.txt
[4.706s] writing requirements to ../../build/sensors/sensors.egg-info/requires.txt
[4.706s] writing top-level names to ../../build/sensors/sensors.egg-info/top_level.txt
[4.714s] reading manifest file '../../build/sensors/sensors.egg-info/SOURCES.txt'
[4.736s] writing manifest file '../../build/sensors/sensors.egg-info/SOURCES.txt'
[4.736s] running build
[4.737s] running build_py
[4.737s] copying sensors/serialread.py -> /home/groupl/MarcWS/build/sensors/build/lib/sensors
[4.739s] running install
[4.751s] /usr/lib/python3/dist-packages/setuptools/command/install.py:34: SetuptoolsDeprecationWarning: setup.py install is deprecated. Use build and pip and other standards-based tools.
[4.752s]   warnings.warn(
[4.753s] running install_lib
[4.757s] copying /home/groupl/MarcWS/build/sensors/build/lib/sensors/serialread.py -> /home/groupl/MarcWS/install/sensors/lib/python3.10/site-packages/sensors
[4.761s] byte-compiling /home/groupl/MarcWS/install/sensors/lib/python3.10/site-packages/sensors/serialread.py to serialread.cpython-310.pyc
[4.764s] running install_data
[4.768s] running install_egg_info
[4.776s] removing '/home/groupl/MarcWS/install/sensors/lib/python3.10/site-packages/sensors-0.0.0-py3.10.egg-info' (and everything under it)
[4.777s] Copying ../../build/sensors/sensors.egg-info to /home/groupl/MarcWS/install/sensors/lib/python3.10/site-packages/sensors-0.0.0-py3.10.egg-info
[4.783s] running install_scripts
[4.866s] Installing serialread script to /home/groupl/MarcWS/install/sensors/lib/sensors
[4.893s] writing list of installed files to '/home/groupl/MarcWS/build/sensors/install.log'
[5.019s] Invoked command in '/home/groupl/MarcWS/src/sensors' returned '0': PYTHONPATH=/home/groupl/MarcWS/build/sensors/prefix_override:/home/groupl/MarcWS/install/sensors/lib/python3.10/site-packages:${PYTHONPATH} /usr/bin/python3 setup.py egg_info --egg-base ../../build/sensors build --build-base /home/groupl/MarcWS/build/sensors/build install --record /home/groupl/MarcWS/build/sensors/install.log --single-version-externally-managed
