[5.469s] DEBUG:colcon:Command line arguments: ['/usr/bin/colcon', 'build']
[5.470s] DEBUG:colcon:Parsed command line arguments: Namespace(log_base=None, log_level=None, verb_name='build', build_base='build', install_base='install', merge_install=False, symlink_install=False, test_result_base=None, continue_on_error=False, executor='parallel', parallel_workers=4, event_handlers=None, ignore_user_meta=False, metas=['./colcon.meta'], base_paths=['.'], packages_ignore=None, packages_ignore_regex=None, paths=None, packages_up_to=None, packages_up_to_regex=None, packages_above=None, packages_above_and_dependencies=None, packages_above_depth=None, packages_select_by_dep=None, packages_skip_by_dep=None, packages_skip_up_to=None, packages_select_build_failed=False, packages_skip_build_finished=False, packages_select_test_failures=False, packages_skip_test_passed=False, packages_select=None, packages_skip=None, packages_select_regex=None, packages_skip_regex=None, packages_start=None, packages_end=None, allow_overriding=[], cmake_args=None, cmake_target=None, cmake_target_skip_unavailable=False, cmake_clean_cache=False, cmake_clean_first=False, cmake_force_configure=False, ament_cmake_args=None, catkin_cmake_args=None, catkin_skip_building_tests=False, verb_parser=<colcon_defaults.argument_parser.defaults.DefaultArgumentsDecorator object at 0xffff90fb6cb0>, verb_extension=<colcon_core.verb.build.BuildVerb object at 0xffff91493df0>, main=<bound method BuildVerb.main of <colcon_core.verb.build.BuildVerb object at 0xffff91493df0>>)
[5.783s] Level 1:colcon.colcon_core.package_discovery:discover_packages(colcon_meta) check parameters
[5.783s] Level 1:colcon.colcon_core.package_discovery:discover_packages(recursive) check parameters
[5.783s] Level 1:colcon.colcon_core.package_discovery:discover_packages(ignore) check parameters
[5.783s] Level 1:colcon.colcon_core.package_discovery:discover_packages(path) check parameters
[5.783s] Level 1:colcon.colcon_core.package_discovery:discover_packages(colcon_meta) discover
[5.784s] Level 1:colcon.colcon_core.package_discovery:discover_packages(recursive) discover
[5.784s] INFO:colcon.colcon_core.package_discovery:Crawling recursively for packages in '/home/groupl/MarcWS'
[5.784s] Level 1:colcon.colcon_core.package_identification:_identify(.) by extensions ['ignore', 'ignore_ament_install']
[5.785s] Level 1:colcon.colcon_core.package_identification:_identify(.) by extension 'ignore'
[5.785s] Level 1:colcon.colcon_core.package_identification:_identify(.) by extension 'ignore_ament_install'
[5.785s] Level 1:colcon.colcon_core.package_identification:_identify(.) by extensions ['colcon_pkg']
[5.785s] Level 1:colcon.colcon_core.package_identification:_identify(.) by extension 'colcon_pkg'
[5.785s] Level 1:colcon.colcon_core.package_identification:_identify(.) by extensions ['colcon_meta']
[5.785s] Level 1:colcon.colcon_core.package_identification:_identify(.) by extension 'colcon_meta'
[5.786s] Level 1:colcon.colcon_core.package_identification:_identify(.) by extensions ['ros']
[5.786s] Level 1:colcon.colcon_core.package_identification:_identify(.) by extension 'ros'
[5.865s] Level 1:colcon.colcon_core.package_identification:_identify(.) by extensions ['cmake', 'python']
[5.865s] Level 1:colcon.colcon_core.package_identification:_identify(.) by extension 'cmake'
[5.865s] Level 1:colcon.colcon_core.package_identification:_identify(.) by extension 'python'
[5.865s] Level 1:colcon.colcon_core.package_identification:_identify(.) by extensions ['python_setup_py']
[5.865s] Level 1:colcon.colcon_core.package_identification:_identify(.) by extension 'python_setup_py'
[5.866s] Level 1:colcon.colcon_core.package_identification:_identify(build) by extensions ['ignore', 'ignore_ament_install']
[5.866s] Level 1:colcon.colcon_core.package_identification:_identify(build) by extension 'ignore'
[5.866s] Level 1:colcon.colcon_core.package_identification:_identify(build) ignored
[5.867s] Level 1:colcon.colcon_core.package_identification:_identify(install) by extensions ['ignore', 'ignore_ament_install']
[5.867s] Level 1:colcon.colcon_core.package_identification:_identify(install) by extension 'ignore'
[5.868s] Level 1:colcon.colcon_core.package_identification:_identify(install) ignored
[5.868s] Level 1:colcon.colcon_core.package_identification:_identify(log) by extensions ['ignore', 'ignore_ament_install']
[5.868s] Level 1:colcon.colcon_core.package_identification:_identify(log) by extension 'ignore'
[5.869s] Level 1:colcon.colcon_core.package_identification:_identify(log) ignored
[5.870s] Level 1:colcon.colcon_core.package_identification:_identify(src) by extensions ['ignore', 'ignore_ament_install']
[5.870s] Level 1:colcon.colcon_core.package_identification:_identify(src) by extension 'ignore'
[5.870s] Level 1:colcon.colcon_core.package_identification:_identify(src) by extension 'ignore_ament_install'
[5.871s] Level 1:colcon.colcon_core.package_identification:_identify(src) by extensions ['colcon_pkg']
[5.871s] Level 1:colcon.colcon_core.package_identification:_identify(src) by extension 'colcon_pkg'
[5.871s] Level 1:colcon.colcon_core.package_identification:_identify(src) by extensions ['colcon_meta']
[5.871s] Level 1:colcon.colcon_core.package_identification:_identify(src) by extension 'colcon_meta'
[5.871s] Level 1:colcon.colcon_core.package_identification:_identify(src) by extensions ['ros']
[5.871s] Level 1:colcon.colcon_core.package_identification:_identify(src) by extension 'ros'
[5.872s] Level 1:colcon.colcon_core.package_identification:_identify(src) by extensions ['cmake', 'python']
[5.872s] Level 1:colcon.colcon_core.package_identification:_identify(src) by extension 'cmake'
[5.872s] Level 1:colcon.colcon_core.package_identification:_identify(src) by extension 'python'
[5.872s] Level 1:colcon.colcon_core.package_identification:_identify(src) by extensions ['python_setup_py']
[5.872s] Level 1:colcon.colcon_core.package_identification:_identify(src) by extension 'python_setup_py'
[5.873s] Level 1:colcon.colcon_core.package_identification:_identify(src/sensors) by extensions ['ignore', 'ignore_ament_install']
[5.874s] Level 1:colcon.colcon_core.package_identification:_identify(src/sensors) by extension 'ignore'
[5.874s] Level 1:colcon.colcon_core.package_identification:_identify(src/sensors) by extension 'ignore_ament_install'
[5.874s] Level 1:colcon.colcon_core.package_identification:_identify(src/sensors) by extensions ['colcon_pkg']
[5.874s] Level 1:colcon.colcon_core.package_identification:_identify(src/sensors) by extension 'colcon_pkg'
[5.874s] Level 1:colcon.colcon_core.package_identification:_identify(src/sensors) by extensions ['colcon_meta']
[5.874s] Level 1:colcon.colcon_core.package_identification:_identify(src/sensors) by extension 'colcon_meta'
[5.875s] Level 1:colcon.colcon_core.package_identification:_identify(src/sensors) by extensions ['ros']
[5.875s] Level 1:colcon.colcon_core.package_identification:_identify(src/sensors) by extension 'ros'
[5.887s] DEBUG:colcon.colcon_core.package_identification:Package 'src/sensors' with type 'ros.ament_python' and name 'sensors'
[5.887s] Level 1:colcon.colcon_core.package_discovery:discover_packages(recursive) using defaults
[5.887s] Level 1:colcon.colcon_core.package_discovery:discover_packages(ignore) discover
[5.888s] Level 1:colcon.colcon_core.package_discovery:discover_packages(ignore) using defaults
[5.888s] Level 1:colcon.colcon_core.package_discovery:discover_packages(path) discover
[5.888s] Level 1:colcon.colcon_core.package_discovery:discover_packages(path) using defaults
[6.400s] Level 1:colcon.colcon_core.package_discovery:discover_packages(prefix_path) check parameters
[6.400s] Level 1:colcon.colcon_core.package_discovery:discover_packages(prefix_path) discover
[6.546s] DEBUG:colcon.colcon_installed_package_information.package_discovery:Found 281 installed packages in /opt/ros/iron
[6.553s] Level 1:colcon.colcon_core.package_discovery:discover_packages(prefix_path) using defaults
[7.063s] Level 5:colcon.colcon_core.verb:set package 'sensors' build argument 'cmake_args' from command line to 'None'
[7.063s] Level 5:colcon.colcon_core.verb:set package 'sensors' build argument 'cmake_target' from command line to 'None'
[7.063s] Level 5:colcon.colcon_core.verb:set package 'sensors' build argument 'cmake_target_skip_unavailable' from command line to 'False'
[7.063s] Level 5:colcon.colcon_core.verb:set package 'sensors' build argument 'cmake_clean_cache' from command line to 'False'
[7.063s] Level 5:colcon.colcon_core.verb:set package 'sensors' build argument 'cmake_clean_first' from command line to 'False'
[7.063s] Level 5:colcon.colcon_core.verb:set package 'sensors' build argument 'cmake_force_configure' from command line to 'False'
[7.064s] Level 5:colcon.colcon_core.verb:set package 'sensors' build argument 'ament_cmake_args' from command line to 'None'
[7.064s] Level 5:colcon.colcon_core.verb:set package 'sensors' build argument 'catkin_cmake_args' from command line to 'None'
[7.064s] Level 5:colcon.colcon_core.verb:set package 'sensors' build argument 'catkin_skip_building_tests' from command line to 'False'
[7.064s] DEBUG:colcon.colcon_core.verb:Building package 'sensors' with the following arguments: {'ament_cmake_args': None, 'build_base': '/home/groupl/MarcWS/build/sensors', 'catkin_cmake_args': None, 'catkin_skip_building_tests': False, 'cmake_args': None, 'cmake_clean_cache': False, 'cmake_clean_first': False, 'cmake_force_configure': False, 'cmake_target': None, 'cmake_target_skip_unavailable': False, 'install_base': '/home/groupl/MarcWS/install/sensors', 'merge_install': False, 'path': '/home/groupl/MarcWS/src/sensors', 'symlink_install': False, 'test_result_base': None}
[7.127s] INFO:colcon.colcon_core.executor:Executing jobs using 'parallel' executor
[7.192s] DEBUG:colcon.colcon_parallel_executor.executor.parallel:run_until_complete
[7.193s] INFO:colcon.colcon_ros.task.ament_python.build:Building ROS package in '/home/groupl/MarcWS/src/sensors' with build type 'ament_python'
[7.193s] Level 1:colcon.colcon_core.shell:create_environment_hook('sensors', 'ament_prefix_path')
[7.280s] INFO:colcon.colcon_core.plugin_system:Skipping extension 'colcon_core.shell.bat': Not used on non-Windows systems
[7.282s] INFO:colcon.colcon_core.shell:Creating environment hook '/home/groupl/MarcWS/install/sensors/share/sensors/hook/ament_prefix_path.ps1'
[7.287s] INFO:colcon.colcon_core.shell:Creating environment descriptor '/home/groupl/MarcWS/install/sensors/share/sensors/hook/ament_prefix_path.dsv'
[7.293s] INFO:colcon.colcon_core.shell:Creating environment hook '/home/groupl/MarcWS/install/sensors/share/sensors/hook/ament_prefix_path.sh'
[7.368s] INFO:colcon.colcon_core.shell:Skip shell extension 'powershell' for command environment: Not usable outside of PowerShell
[7.369s] DEBUG:colcon.colcon_core.shell:Skip shell extension 'dsv' for command environment
[8.717s] INFO:colcon.colcon_core.task.python.build:Building Python package in '/home/groupl/MarcWS/src/sensors'
[8.786s] INFO:colcon.colcon_core.shell:Skip shell extension 'powershell' for command environment: Not usable outside of PowerShell
[8.786s] DEBUG:colcon.colcon_core.shell:Skip shell extension 'dsv' for command environment
[10.580s] DEBUG:colcon.colcon_core.event_handler.log_command:Invoking command in '/home/groupl/MarcWS/src/sensors': PYTHONPATH=/home/groupl/MarcWS/build/sensors/prefix_override:/home/groupl/MarcWS/install/sensors/lib/python3.10/site-packages:${PYTHONPATH} /usr/bin/python3 setup.py egg_info --egg-base ../../build/sensors build --build-base /home/groupl/MarcWS/build/sensors/build install --record /home/groupl/MarcWS/build/sensors/install.log --single-version-externally-managed
[11.955s] DEBUG:colcon.colcon_core.event_handler.log_command:Invoked command in '/home/groupl/MarcWS/src/sensors' returned '0': PYTHONPATH=/home/groupl/MarcWS/build/sensors/prefix_override:/home/groupl/MarcWS/install/sensors/lib/python3.10/site-packages:${PYTHONPATH} /usr/bin/python3 setup.py egg_info --egg-base ../../build/sensors build --build-base /home/groupl/MarcWS/build/sensors/build install --record /home/groupl/MarcWS/build/sensors/install.log --single-version-externally-managed
[12.051s] Level 1:colcon.colcon_core.environment:checking '/home/groupl/MarcWS/install/sensors' for CMake module files
[12.053s] Level 1:colcon.colcon_core.environment:checking '/home/groupl/MarcWS/install/sensors' for CMake config files
[12.060s] Level 1:colcon.colcon_core.environment:checking '/home/groupl/MarcWS/install/sensors/lib'
[12.061s] Level 1:colcon.colcon_core.environment:checking '/home/groupl/MarcWS/install/sensors/bin'
[12.061s] Level 1:colcon.colcon_core.environment:checking '/home/groupl/MarcWS/install/sensors/lib/pkgconfig/sensors.pc'
[12.062s] Level 1:colcon.colcon_core.environment:checking '/home/groupl/MarcWS/install/sensors/lib/python3.10/site-packages'
[12.063s] Level 1:colcon.colcon_core.shell:create_environment_hook('sensors', 'pythonpath')
[12.126s] INFO:colcon.colcon_core.shell:Creating environment hook '/home/groupl/MarcWS/install/sensors/share/sensors/hook/pythonpath.ps1'
[12.128s] INFO:colcon.colcon_core.shell:Creating environment descriptor '/home/groupl/MarcWS/install/sensors/share/sensors/hook/pythonpath.dsv'
[12.130s] INFO:colcon.colcon_core.shell:Creating environment hook '/home/groupl/MarcWS/install/sensors/share/sensors/hook/pythonpath.sh'
[12.133s] Level 1:colcon.colcon_core.environment:checking '/home/groupl/MarcWS/install/sensors/bin'
[12.133s] Level 1:colcon.colcon_core.environment:create_environment_scripts_only(sensors)
[12.199s] INFO:colcon.colcon_core.shell:Creating package script '/home/groupl/MarcWS/install/sensors/share/sensors/package.ps1'
[12.204s] INFO:colcon.colcon_core.shell:Creating package descriptor '/home/groupl/MarcWS/install/sensors/share/sensors/package.dsv'
[12.210s] INFO:colcon.colcon_core.shell:Creating package script '/home/groupl/MarcWS/install/sensors/share/sensors/package.sh'
[12.217s] INFO:colcon.colcon_core.shell:Creating package script '/home/groupl/MarcWS/install/sensors/share/sensors/package.bash'
[12.222s] INFO:colcon.colcon_core.shell:Creating package script '/home/groupl/MarcWS/install/sensors/share/sensors/package.zsh'
[12.226s] Level 1:colcon.colcon_core.environment:create_file_with_runtime_dependencies(/home/groupl/MarcWS/install/sensors/share/colcon-core/packages/sensors)
[12.228s] DEBUG:colcon.colcon_parallel_executor.executor.parallel:closing loop
[12.230s] DEBUG:colcon.colcon_parallel_executor.executor.parallel:loop closed
[12.230s] DEBUG:colcon.colcon_parallel_executor.executor.parallel:run_until_complete finished with '0'
[12.231s] DEBUG:colcon.colcon_core.event_reactor:joining thread
[12.371s] INFO:colcon.colcon_core.plugin_system:Skipping extension 'colcon_notification.desktop_notification.terminal_notifier': Not used on non-Darwin systems
[12.371s] INFO:colcon.colcon_core.plugin_system:Skipping extension 'colcon_notification.desktop_notification.win32': Not used on non-Windows systems
[12.372s] INFO:colcon.colcon_notification.desktop_notification:Sending desktop notification using 'notify2'
[12.467s] DEBUG:colcon.colcon_core.event_reactor:joined thread
[12.555s] INFO:colcon.colcon_core.shell:Creating prefix script '/home/groupl/MarcWS/install/local_setup.ps1'
[12.561s] INFO:colcon.colcon_core.shell:Creating prefix util module '/home/groupl/MarcWS/install/_local_setup_util_ps1.py'
[12.567s] INFO:colcon.colcon_core.shell:Creating prefix chain script '/home/groupl/MarcWS/install/setup.ps1'
[12.643s] INFO:colcon.colcon_core.shell:Creating prefix script '/home/groupl/MarcWS/install/local_setup.sh'
[12.647s] INFO:colcon.colcon_core.shell:Creating prefix util module '/home/groupl/MarcWS/install/_local_setup_util_sh.py'
[12.649s] INFO:colcon.colcon_core.shell:Creating prefix chain script '/home/groupl/MarcWS/install/setup.sh'
[12.717s] INFO:colcon.colcon_core.shell:Creating prefix script '/home/groupl/MarcWS/install/local_setup.bash'
[12.719s] INFO:colcon.colcon_core.shell:Creating prefix chain script '/home/groupl/MarcWS/install/setup.bash'
[12.785s] INFO:colcon.colcon_core.shell:Creating prefix script '/home/groupl/MarcWS/install/local_setup.zsh'
[12.788s] INFO:colcon.colcon_core.shell:Creating prefix chain script '/home/groupl/MarcWS/install/setup.zsh'
