[4.702s] DEBUG:colcon:Command line arguments: ['/usr/bin/colcon', 'build']
[4.702s] DEBUG:colcon:Parsed command line arguments: Namespace(log_base=None, log_level=None, verb_name='build', build_base='build', install_base='install', merge_install=False, symlink_install=False, test_result_base=None, continue_on_error=False, executor='parallel', parallel_workers=4, event_handlers=None, ignore_user_meta=False, metas=['./colcon.meta'], base_paths=['.'], packages_ignore=None, packages_ignore_regex=None, paths=None, packages_up_to=None, packages_up_to_regex=None, packages_above=None, packages_above_and_dependencies=None, packages_above_depth=None, packages_select_by_dep=None, packages_skip_by_dep=None, packages_skip_up_to=None, packages_select_build_failed=False, packages_skip_build_finished=False, packages_select_test_failures=False, packages_skip_test_passed=False, packages_select=None, packages_skip=None, packages_select_regex=None, packages_skip_regex=None, packages_start=None, packages_end=None, allow_overriding=[], cmake_args=None, cmake_target=None, cmake_target_skip_unavailable=False, cmake_clean_cache=False, cmake_clean_first=False, cmake_force_configure=False, ament_cmake_args=None, catkin_cmake_args=None, catkin_skip_building_tests=False, verb_parser=<colcon_defaults.argument_parser.defaults.DefaultArgumentsDecorator object at 0xffff811e6ce0>, verb_extension=<colcon_core.verb.build.BuildVerb object at 0xffff816c3520>, main=<bound method BuildVerb.main of <colcon_core.verb.build.BuildVerb object at 0xffff816c3520>>)
[4.915s] Level 1:colcon.colcon_core.package_discovery:discover_packages(colcon_meta) check parameters
[4.915s] Level 1:colcon.colcon_core.package_discovery:discover_packages(recursive) check parameters
[4.915s] Level 1:colcon.colcon_core.package_discovery:discover_packages(ignore) check parameters
[4.916s] Level 1:colcon.colcon_core.package_discovery:discover_packages(path) check parameters
[4.916s] Level 1:colcon.colcon_core.package_discovery:discover_packages(colcon_meta) discover
[4.916s] Level 1:colcon.colcon_core.package_discovery:discover_packages(recursive) discover
[4.916s] INFO:colcon.colcon_core.package_discovery:Crawling recursively for packages in '/home/groupl/MarcWS'
[4.917s] Level 1:colcon.colcon_core.package_identification:_identify(.) by extensions ['ignore', 'ignore_ament_install']
[4.917s] Level 1:colcon.colcon_core.package_identification:_identify(.) by extension 'ignore'
[4.917s] Level 1:colcon.colcon_core.package_identification:_identify(.) by extension 'ignore_ament_install'
[4.917s] Level 1:colcon.colcon_core.package_identification:_identify(.) by extensions ['colcon_pkg']
[4.917s] Level 1:colcon.colcon_core.package_identification:_identify(.) by extension 'colcon_pkg'
[4.918s] Level 1:colcon.colcon_core.package_identification:_identify(.) by extensions ['colcon_meta']
[4.918s] Level 1:colcon.colcon_core.package_identification:_identify(.) by extension 'colcon_meta'
[4.918s] Level 1:colcon.colcon_core.package_identification:_identify(.) by extensions ['ros']
[4.918s] Level 1:colcon.colcon_core.package_identification:_identify(.) by extension 'ros'
[4.965s] Level 1:colcon.colcon_core.package_identification:_identify(.) by extensions ['cmake', 'python']
[4.965s] Level 1:colcon.colcon_core.package_identification:_identify(.) by extension 'cmake'
[4.966s] Level 1:colcon.colcon_core.package_identification:_identify(.) by extension 'python'
[4.966s] Level 1:colcon.colcon_core.package_identification:_identify(.) by extensions ['python_setup_py']
[4.966s] Level 1:colcon.colcon_core.package_identification:_identify(.) by extension 'python_setup_py'
[4.966s] Level 1:colcon.colcon_core.package_identification:_identify(build) by extensions ['ignore', 'ignore_ament_install']
[4.967s] Level 1:colcon.colcon_core.package_identification:_identify(build) by extension 'ignore'
[4.967s] Level 1:colcon.colcon_core.package_identification:_identify(build) ignored
[4.968s] Level 1:colcon.colcon_core.package_identification:_identify(install) by extensions ['ignore', 'ignore_ament_install']
[4.968s] Level 1:colcon.colcon_core.package_identification:_identify(install) by extension 'ignore'
[4.968s] Level 1:colcon.colcon_core.package_identification:_identify(install) ignored
[4.969s] Level 1:colcon.colcon_core.package_identification:_identify(log) by extensions ['ignore', 'ignore_ament_install']
[4.969s] Level 1:colcon.colcon_core.package_identification:_identify(log) by extension 'ignore'
[4.969s] Level 1:colcon.colcon_core.package_identification:_identify(log) ignored
[4.969s] Level 1:colcon.colcon_core.package_identification:_identify(src) by extensions ['ignore', 'ignore_ament_install']
[4.970s] Level 1:colcon.colcon_core.package_identification:_identify(src) by extension 'ignore'
[4.970s] Level 1:colcon.colcon_core.package_identification:_identify(src) by extension 'ignore_ament_install'
[4.970s] Level 1:colcon.colcon_core.package_identification:_identify(src) by extensions ['colcon_pkg']
[4.970s] Level 1:colcon.colcon_core.package_identification:_identify(src) by extension 'colcon_pkg'
[4.970s] Level 1:colcon.colcon_core.package_identification:_identify(src) by extensions ['colcon_meta']
[4.971s] Level 1:colcon.colcon_core.package_identification:_identify(src) by extension 'colcon_meta'
[4.971s] Level 1:colcon.colcon_core.package_identification:_identify(src) by extensions ['ros']
[4.971s] Level 1:colcon.colcon_core.package_identification:_identify(src) by extension 'ros'
[4.971s] Level 1:colcon.colcon_core.package_identification:_identify(src) by extensions ['cmake', 'python']
[4.971s] Level 1:colcon.colcon_core.package_identification:_identify(src) by extension 'cmake'
[4.972s] Level 1:colcon.colcon_core.package_identification:_identify(src) by extension 'python'
[4.972s] Level 1:colcon.colcon_core.package_identification:_identify(src) by extensions ['python_setup_py']
[4.972s] Level 1:colcon.colcon_core.package_identification:_identify(src) by extension 'python_setup_py'
[4.972s] Level 1:colcon.colcon_core.package_identification:_identify(src/Sensors) by extensions ['ignore', 'ignore_ament_install']
[4.973s] Level 1:colcon.colcon_core.package_identification:_identify(src/Sensors) by extension 'ignore'
[4.973s] Level 1:colcon.colcon_core.package_identification:_identify(src/Sensors) by extension 'ignore_ament_install'
[4.973s] Level 1:colcon.colcon_core.package_identification:_identify(src/Sensors) by extensions ['colcon_pkg']
[4.973s] Level 1:colcon.colcon_core.package_identification:_identify(src/Sensors) by extension 'colcon_pkg'
[4.973s] Level 1:colcon.colcon_core.package_identification:_identify(src/Sensors) by extensions ['colcon_meta']
[4.973s] Level 1:colcon.colcon_core.package_identification:_identify(src/Sensors) by extension 'colcon_meta'
[4.974s] Level 1:colcon.colcon_core.package_identification:_identify(src/Sensors) by extensions ['ros']
[4.974s] Level 1:colcon.colcon_core.package_identification:_identify(src/Sensors) by extension 'ros'
[4.988s] DEBUG:colcon.colcon_core.package_identification:Package 'src/Sensors' with type 'ros.ament_python' and name 'Sensors'
[4.988s] Level 1:colcon.colcon_core.package_discovery:discover_packages(recursive) using defaults
[4.988s] Level 1:colcon.colcon_core.package_discovery:discover_packages(ignore) discover
[4.988s] Level 1:colcon.colcon_core.package_discovery:discover_packages(ignore) using defaults
[4.988s] Level 1:colcon.colcon_core.package_discovery:discover_packages(path) discover
[4.989s] Level 1:colcon.colcon_core.package_discovery:discover_packages(path) using defaults
[5.395s] Level 1:colcon.colcon_core.package_discovery:discover_packages(prefix_path) check parameters
[5.395s] Level 1:colcon.colcon_core.package_discovery:discover_packages(prefix_path) discover
[5.542s] DEBUG:colcon.colcon_installed_package_information.package_discovery:Found 281 installed packages in /opt/ros/iron
[5.549s] Level 1:colcon.colcon_core.package_discovery:discover_packages(prefix_path) using defaults
[5.993s] Level 5:colcon.colcon_core.verb:set package 'Sensors' build argument 'cmake_args' from command line to 'None'
[5.993s] Level 5:colcon.colcon_core.verb:set package 'Sensors' build argument 'cmake_target' from command line to 'None'
[5.994s] Level 5:colcon.colcon_core.verb:set package 'Sensors' build argument 'cmake_target_skip_unavailable' from command line to 'False'
[5.994s] Level 5:colcon.colcon_core.verb:set package 'Sensors' build argument 'cmake_clean_cache' from command line to 'False'
[5.994s] Level 5:colcon.colcon_core.verb:set package 'Sensors' build argument 'cmake_clean_first' from command line to 'False'
[5.994s] Level 5:colcon.colcon_core.verb:set package 'Sensors' build argument 'cmake_force_configure' from command line to 'False'
[5.994s] Level 5:colcon.colcon_core.verb:set package 'Sensors' build argument 'ament_cmake_args' from command line to 'None'
[5.995s] Level 5:colcon.colcon_core.verb:set package 'Sensors' build argument 'catkin_cmake_args' from command line to 'None'
[5.995s] Level 5:colcon.colcon_core.verb:set package 'Sensors' build argument 'catkin_skip_building_tests' from command line to 'False'
[5.995s] DEBUG:colcon.colcon_core.verb:Building package 'Sensors' with the following arguments: {'ament_cmake_args': None, 'build_base': '/home/groupl/MarcWS/build/Sensors', 'catkin_cmake_args': None, 'catkin_skip_building_tests': False, 'cmake_args': None, 'cmake_clean_cache': False, 'cmake_clean_first': False, 'cmake_force_configure': False, 'cmake_target': None, 'cmake_target_skip_unavailable': False, 'install_base': '/home/groupl/MarcWS/install/Sensors', 'merge_install': False, 'path': '/home/groupl/MarcWS/src/Sensors', 'symlink_install': False, 'test_result_base': None}
[6.058s] INFO:colcon.colcon_core.executor:Executing jobs using 'parallel' executor
[6.124s] DEBUG:colcon.colcon_parallel_executor.executor.parallel:run_until_complete
[6.125s] INFO:colcon.colcon_ros.task.ament_python.build:Building ROS package in '/home/groupl/MarcWS/src/Sensors' with build type 'ament_python'
[6.125s] Level 1:colcon.colcon_core.shell:create_environment_hook('Sensors', 'ament_prefix_path')
[6.207s] INFO:colcon.colcon_core.plugin_system:Skipping extension 'colcon_core.shell.bat': Not used on non-Windows systems
[6.208s] INFO:colcon.colcon_core.shell:Creating environment hook '/home/groupl/MarcWS/install/Sensors/share/Sensors/hook/ament_prefix_path.ps1'
[6.214s] INFO:colcon.colcon_core.shell:Creating environment descriptor '/home/groupl/MarcWS/install/Sensors/share/Sensors/hook/ament_prefix_path.dsv'
[6.217s] INFO:colcon.colcon_core.shell:Creating environment hook '/home/groupl/MarcWS/install/Sensors/share/Sensors/hook/ament_prefix_path.sh'
[6.293s] INFO:colcon.colcon_core.shell:Skip shell extension 'powershell' for command environment: Not usable outside of PowerShell
[6.293s] DEBUG:colcon.colcon_core.shell:Skip shell extension 'dsv' for command environment
[7.601s] INFO:colcon.colcon_core.task.python.build:Building Python package in '/home/groupl/MarcWS/src/Sensors'
[7.670s] INFO:colcon.colcon_core.shell:Skip shell extension 'powershell' for command environment: Not usable outside of PowerShell
[7.671s] DEBUG:colcon.colcon_core.shell:Skip shell extension 'dsv' for command environment
[9.392s] DEBUG:colcon.colcon_core.event_handler.log_command:Invoking command in '/home/groupl/MarcWS/src/Sensors': PYTHONPATH=/home/groupl/MarcWS/build/Sensors/prefix_override:/home/groupl/MarcWS/install/Sensors/lib/python3.10/site-packages:${PYTHONPATH} /usr/bin/python3 setup.py egg_info --egg-base ../../build/Sensors build --build-base /home/groupl/MarcWS/build/Sensors/build install --record /home/groupl/MarcWS/build/Sensors/install.log --single-version-externally-managed
[10.749s] DEBUG:colcon.colcon_core.event_handler.log_command:Invoked command in '/home/groupl/MarcWS/src/Sensors' returned '0': PYTHONPATH=/home/groupl/MarcWS/build/Sensors/prefix_override:/home/groupl/MarcWS/install/Sensors/lib/python3.10/site-packages:${PYTHONPATH} /usr/bin/python3 setup.py egg_info --egg-base ../../build/Sensors build --build-base /home/groupl/MarcWS/build/Sensors/build install --record /home/groupl/MarcWS/build/Sensors/install.log --single-version-externally-managed
[10.838s] Level 1:colcon.colcon_core.environment:checking '/home/groupl/MarcWS/install/Sensors' for CMake module files
[10.840s] Level 1:colcon.colcon_core.environment:checking '/home/groupl/MarcWS/install/Sensors' for CMake config files
[10.843s] Level 1:colcon.colcon_core.environment:checking '/home/groupl/MarcWS/install/Sensors/lib'
[10.844s] Level 1:colcon.colcon_core.environment:checking '/home/groupl/MarcWS/install/Sensors/bin'
[10.844s] Level 1:colcon.colcon_core.environment:checking '/home/groupl/MarcWS/install/Sensors/lib/pkgconfig/Sensors.pc'
[10.845s] Level 1:colcon.colcon_core.environment:checking '/home/groupl/MarcWS/install/Sensors/lib/python3.10/site-packages'
[10.846s] Level 1:colcon.colcon_core.shell:create_environment_hook('Sensors', 'pythonpath')
[10.914s] INFO:colcon.colcon_core.shell:Creating environment hook '/home/groupl/MarcWS/install/Sensors/share/Sensors/hook/pythonpath.ps1'
[10.916s] INFO:colcon.colcon_core.shell:Creating environment descriptor '/home/groupl/MarcWS/install/Sensors/share/Sensors/hook/pythonpath.dsv'
[10.917s] INFO:colcon.colcon_core.shell:Creating environment hook '/home/groupl/MarcWS/install/Sensors/share/Sensors/hook/pythonpath.sh'
[10.920s] Level 1:colcon.colcon_core.environment:checking '/home/groupl/MarcWS/install/Sensors/bin'
[10.920s] Level 1:colcon.colcon_core.environment:create_environment_scripts_only(Sensors)
[10.984s] INFO:colcon.colcon_core.shell:Creating package script '/home/groupl/MarcWS/install/Sensors/share/Sensors/package.ps1'
[10.992s] INFO:colcon.colcon_core.shell:Creating package descriptor '/home/groupl/MarcWS/install/Sensors/share/Sensors/package.dsv'
[11.009s] INFO:colcon.colcon_core.shell:Creating package script '/home/groupl/MarcWS/install/Sensors/share/Sensors/package.sh'
[11.015s] INFO:colcon.colcon_core.shell:Creating package script '/home/groupl/MarcWS/install/Sensors/share/Sensors/package.bash'
[11.021s] INFO:colcon.colcon_core.shell:Creating package script '/home/groupl/MarcWS/install/Sensors/share/Sensors/package.zsh'
[11.024s] Level 1:colcon.colcon_core.environment:create_file_with_runtime_dependencies(/home/groupl/MarcWS/install/Sensors/share/colcon-core/packages/Sensors)
[11.027s] DEBUG:colcon.colcon_parallel_executor.executor.parallel:closing loop
[11.029s] DEBUG:colcon.colcon_parallel_executor.executor.parallel:loop closed
[11.029s] DEBUG:colcon.colcon_parallel_executor.executor.parallel:run_until_complete finished with '0'
[11.029s] DEBUG:colcon.colcon_core.event_reactor:joining thread
[11.126s] INFO:colcon.colcon_core.plugin_system:Skipping extension 'colcon_notification.desktop_notification.terminal_notifier': Not used on non-Darwin systems
[11.126s] INFO:colcon.colcon_core.plugin_system:Skipping extension 'colcon_notification.desktop_notification.win32': Not used on non-Windows systems
[11.127s] INFO:colcon.colcon_notification.desktop_notification:Sending desktop notification using 'notify2'
[11.189s] DEBUG:colcon.colcon_core.event_reactor:joined thread
[11.278s] INFO:colcon.colcon_core.shell:Creating prefix script '/home/groupl/MarcWS/install/local_setup.ps1'
[11.283s] INFO:colcon.colcon_core.shell:Creating prefix util module '/home/groupl/MarcWS/install/_local_setup_util_ps1.py'
[11.289s] INFO:colcon.colcon_core.shell:Creating prefix chain script '/home/groupl/MarcWS/install/setup.ps1'
[11.365s] INFO:colcon.colcon_core.shell:Creating prefix script '/home/groupl/MarcWS/install/local_setup.sh'
[11.368s] INFO:colcon.colcon_core.shell:Creating prefix util module '/home/groupl/MarcWS/install/_local_setup_util_sh.py'
[11.370s] INFO:colcon.colcon_core.shell:Creating prefix chain script '/home/groupl/MarcWS/install/setup.sh'
[11.440s] INFO:colcon.colcon_core.shell:Creating prefix script '/home/groupl/MarcWS/install/local_setup.bash'
[11.443s] INFO:colcon.colcon_core.shell:Creating prefix chain script '/home/groupl/MarcWS/install/setup.bash'
[11.508s] INFO:colcon.colcon_core.shell:Creating prefix script '/home/groupl/MarcWS/install/local_setup.zsh'
[11.511s] INFO:colcon.colcon_core.shell:Creating prefix chain script '/home/groupl/MarcWS/install/setup.zsh'
