[3.239s] Invoking command in '/home/groupl/MarcWS/src/sensors': PYTHONPATH=/home/groupl/MarcWS/build/sensors/prefix_override:/home/groupl/MarcWS/install/sensors/lib/python3.10/site-packages:${PYTHONPATH} /usr/bin/python3 setup.py egg_info --egg-base ../../build/sensors build --build-base /home/groupl/MarcWS/build/sensors/build install --record /home/groupl/MarcWS/build/sensors/install.log --single-version-externally-managed
[4.340s] running egg_info
[4.342s] creating ../../build/sensors/sensors.egg-info
[4.343s] writing ../../build/sensors/sensors.egg-info/PKG-INFO
[4.344s] writing dependency_links to ../../build/sensors/sensors.egg-info/dependency_links.txt
[4.345s] writing entry points to ../../build/sensors/sensors.egg-info/entry_points.txt
[4.346s] writing requirements to ../../build/sensors/sensors.egg-info/requires.txt
[4.346s] writing top-level names to ../../build/sensors/sensors.egg-info/top_level.txt
[4.347s] writing manifest file '../../build/sensors/sensors.egg-info/SOURCES.txt'
[4.356s] reading manifest file '../../build/sensors/sensors.egg-info/SOURCES.txt'
[4.359s] writing manifest file '../../build/sensors/sensors.egg-info/SOURCES.txt'
[4.360s] running build
[4.361s] running build_py
[4.361s] creating /home/groupl/MarcWS/build/sensors/build
[4.362s] creating /home/groupl/MarcWS/build/sensors/build/lib
[4.362s] creating /home/groupl/MarcWS/build/sensors/build/lib/sensors
[4.362s] copying sensors/__init__.py -> /home/groupl/MarcWS/build/sensors/build/lib/sensors
[4.363s] running install
[4.364s] /usr/lib/python3/dist-packages/setuptools/command/install.py:34: SetuptoolsDeprecationWarning: setup.py install is deprecated. Use build and pip and other standards-based tools.
[4.364s]   warnings.warn(
[4.365s] running install_lib
[4.368s] creating /home/groupl/MarcWS/install/sensors/lib/python3.10/site-packages/sensors
[4.369s] copying /home/groupl/MarcWS/build/sensors/build/lib/sensors/__init__.py -> /home/groupl/MarcWS/install/sensors/lib/python3.10/site-packages/sensors
[4.371s] byte-compiling /home/groupl/MarcWS/install/sensors/lib/python3.10/site-packages/sensors/__init__.py to __init__.cpython-310.pyc
[4.373s] running install_data
[4.376s] creating /home/groupl/MarcWS/install/sensors/share/ament_index
[4.377s] creating /home/groupl/MarcWS/install/sensors/share/ament_index/resource_index
[4.377s] creating /home/groupl/MarcWS/install/sensors/share/ament_index/resource_index/packages
[4.378s] copying resource/sensors -> /home/groupl/MarcWS/install/sensors/share/ament_index/resource_index/packages
[4.379s] copying package.xml -> /home/groupl/MarcWS/install/sensors/share/sensors
[4.379s] running install_egg_info
[4.386s] Copying ../../build/sensors/sensors.egg-info to /home/groupl/MarcWS/install/sensors/lib/python3.10/site-packages/sensors-0.0.0-py3.10.egg-info
[4.391s] running install_scripts
[4.471s] writing list of installed files to '/home/groupl/MarcWS/build/sensors/install.log'
[4.598s] Invoked command in '/home/groupl/MarcWS/src/sensors' returned '0': PYTHONPATH=/home/groupl/MarcWS/build/sensors/prefix_override:/home/groupl/MarcWS/install/sensors/lib/python3.10/site-packages:${PYTHONPATH} /usr/bin/python3 setup.py egg_info --egg-base ../../build/sensors build --build-base /home/groupl/MarcWS/build/sensors/build install --record /home/groupl/MarcWS/build/sensors/install.log --single-version-externally-managed
