[7.203s] Invoking command in '/home/groupl/MarcWS/src/sensors': PYTHONPATH=/home/groupl/MarcWS/build/sensors/prefix_override:/home/groupl/MarcWS/install/sensors/lib/python3.10/site-packages:${PYTHONPATH} /usr/bin/python3 setup.py egg_info --egg-base ../../build/sensors build --build-base /home/groupl/MarcWS/build/sensors/build install --record /home/groupl/MarcWS/build/sensors/install.log --single-version-externally-managed
[8.966s] running egg_info
[8.969s] writing ../../build/sensors/sensors.egg-info/PKG-INFO
[8.972s] writing dependency_links to ../../build/sensors/sensors.egg-info/dependency_links.txt
[8.974s] writing entry points to ../../build/sensors/sensors.egg-info/entry_points.txt
[8.975s] writing requirements to ../../build/sensors/sensors.egg-info/requires.txt
[8.976s] writing top-level names to ../../build/sensors/sensors.egg-info/top_level.txt
[8.985s] reading manifest file '../../build/sensors/sensors.egg-info/SOURCES.txt'
[8.990s] writing manifest file '../../build/sensors/sensors.egg-info/SOURCES.txt'
[8.991s] running build
[8.991s] running build_py
[8.998s] running install
[8.999s] /usr/lib/python3/dist-packages/setuptools/command/install.py:34: SetuptoolsDeprecationWarning: setup.py install is deprecated. Use build and pip and other standards-based tools.
[8.999s]   warnings.warn(
[9.002s] running install_lib
[9.015s] running install_data
[9.016s] running install_egg_info
[9.030s] removing '/home/groupl/MarcWS/install/sensors/lib/python3.10/site-packages/sensors-0.0.0-py3.10.egg-info' (and everything under it)
[9.031s] Copying ../../build/sensors/sensors.egg-info to /home/groupl/MarcWS/install/sensors/lib/python3.10/site-packages/sensors-0.0.0-py3.10.egg-info
[9.038s] running install_scripts
[9.152s] Installing serialread script to /home/groupl/MarcWS/install/sensors/lib/sensors
[9.161s] writing list of installed files to '/home/groupl/MarcWS/build/sensors/install.log'
[9.774s] Invoked command in '/home/groupl/MarcWS/src/sensors' returned '0': PYTHONPATH=/home/groupl/MarcWS/build/sensors/prefix_override:/home/groupl/MarcWS/install/sensors/lib/python3.10/site-packages:${PYTHONPATH} /usr/bin/python3 setup.py egg_info --egg-base ../../build/sensors build --build-base /home/groupl/MarcWS/build/sensors/build install --record /home/groupl/MarcWS/build/sensors/install.log --single-version-externally-managed
