[6.156s] DEBUG:colcon:Command line arguments: ['/usr/bin/colcon', 'build']
[6.156s] DEBUG:colcon:Parsed command line arguments: Namespace(log_base=None, log_level=None, verb_name='build', build_base='build', install_base='install', merge_install=False, symlink_install=False, test_result_base=None, continue_on_error=False, executor='parallel', parallel_workers=4, event_handlers=None, ignore_user_meta=False, metas=['./colcon.meta'], base_paths=['.'], packages_ignore=None, packages_ignore_regex=None, paths=None, packages_up_to=None, packages_up_to_regex=None, packages_above=None, packages_above_and_dependencies=None, packages_above_depth=None, packages_select_by_dep=None, packages_skip_by_dep=None, packages_skip_up_to=None, packages_select_build_failed=False, packages_skip_build_finished=False, packages_select_test_failures=False, packages_skip_test_passed=False, packages_select=None, packages_skip=None, packages_select_regex=None, packages_skip_regex=None, packages_start=None, packages_end=None, allow_overriding=[], cmake_args=None, cmake_target=None, cmake_target_skip_unavailable=False, cmake_clean_cache=False, cmake_clean_first=False, cmake_force_configure=False, ament_cmake_args=None, catkin_cmake_args=None, catkin_skip_building_tests=False, verb_parser=<colcon_defaults.argument_parser.defaults.DefaultArgumentsDecorator object at 0xffffb6920f10>, verb_extension=<colcon_core.verb.build.BuildVerb object at 0xffffb6922140>, main=<bound method BuildVerb.main of <colcon_core.verb.build.BuildVerb object at 0xffffb6922140>>)
[6.476s] Level 1:colcon.colcon_core.package_discovery:discover_packages(colcon_meta) check parameters
[6.477s] Level 1:colcon.colcon_core.package_discovery:discover_packages(recursive) check parameters
[6.477s] Level 1:colcon.colcon_core.package_discovery:discover_packages(ignore) check parameters
[6.477s] Level 1:colcon.colcon_core.package_discovery:discover_packages(path) check parameters
[6.477s] Level 1:colcon.colcon_core.package_discovery:discover_packages(colcon_meta) discover
[6.478s] Level 1:colcon.colcon_core.package_discovery:discover_packages(recursive) discover
[6.478s] INFO:colcon.colcon_core.package_discovery:Crawling recursively for packages in '/home/groupl/MarcWS'
[6.478s] Level 1:colcon.colcon_core.package_identification:_identify(.) by extensions ['ignore', 'ignore_ament_install']
[6.479s] Level 1:colcon.colcon_core.package_identification:_identify(.) by extension 'ignore'
[6.479s] Level 1:colcon.colcon_core.package_identification:_identify(.) by extension 'ignore_ament_install'
[6.479s] Level 1:colcon.colcon_core.package_identification:_identify(.) by extensions ['colcon_pkg']
[6.479s] Level 1:colcon.colcon_core.package_identification:_identify(.) by extension 'colcon_pkg'
[6.479s] Level 1:colcon.colcon_core.package_identification:_identify(.) by extensions ['colcon_meta']
[6.479s] Level 1:colcon.colcon_core.package_identification:_identify(.) by extension 'colcon_meta'
[6.480s] Level 1:colcon.colcon_core.package_identification:_identify(.) by extensions ['ros']
[6.480s] Level 1:colcon.colcon_core.package_identification:_identify(.) by extension 'ros'
[6.552s] Level 1:colcon.colcon_core.package_identification:_identify(.) by extensions ['cmake', 'python']
[6.552s] Level 1:colcon.colcon_core.package_identification:_identify(.) by extension 'cmake'
[6.552s] Level 1:colcon.colcon_core.package_identification:_identify(.) by extension 'python'
[6.552s] Level 1:colcon.colcon_core.package_identification:_identify(.) by extensions ['python_setup_py']
[6.553s] Level 1:colcon.colcon_core.package_identification:_identify(.) by extension 'python_setup_py'
[6.553s] Level 1:colcon.colcon_core.package_identification:_identify(build) by extensions ['ignore', 'ignore_ament_install']
[6.554s] Level 1:colcon.colcon_core.package_identification:_identify(build) by extension 'ignore'
[6.554s] Level 1:colcon.colcon_core.package_identification:_identify(build) ignored
[6.554s] Level 1:colcon.colcon_core.package_identification:_identify(install) by extensions ['ignore', 'ignore_ament_install']
[6.555s] Level 1:colcon.colcon_core.package_identification:_identify(install) by extension 'ignore'
[6.555s] Level 1:colcon.colcon_core.package_identification:_identify(install) ignored
[6.556s] Level 1:colcon.colcon_core.package_identification:_identify(log) by extensions ['ignore', 'ignore_ament_install']
[6.556s] Level 1:colcon.colcon_core.package_identification:_identify(log) by extension 'ignore'
[6.556s] Level 1:colcon.colcon_core.package_identification:_identify(log) ignored
[6.557s] Level 1:colcon.colcon_core.package_identification:_identify(src) by extensions ['ignore', 'ignore_ament_install']
[6.557s] Level 1:colcon.colcon_core.package_identification:_identify(src) by extension 'ignore'
[6.557s] Level 1:colcon.colcon_core.package_identification:_identify(src) by extension 'ignore_ament_install'
[6.557s] Level 1:colcon.colcon_core.package_identification:_identify(src) by extensions ['colcon_pkg']
[6.558s] Level 1:colcon.colcon_core.package_identification:_identify(src) by extension 'colcon_pkg'
[6.558s] Level 1:colcon.colcon_core.package_identification:_identify(src) by extensions ['colcon_meta']
[6.558s] Level 1:colcon.colcon_core.package_identification:_identify(src) by extension 'colcon_meta'
[6.558s] Level 1:colcon.colcon_core.package_identification:_identify(src) by extensions ['ros']
[6.558s] Level 1:colcon.colcon_core.package_identification:_identify(src) by extension 'ros'
[6.559s] Level 1:colcon.colcon_core.package_identification:_identify(src) by extensions ['cmake', 'python']
[6.559s] Level 1:colcon.colcon_core.package_identification:_identify(src) by extension 'cmake'
[6.559s] Level 1:colcon.colcon_core.package_identification:_identify(src) by extension 'python'
[6.559s] Level 1:colcon.colcon_core.package_identification:_identify(src) by extensions ['python_setup_py']
[6.559s] Level 1:colcon.colcon_core.package_identification:_identify(src) by extension 'python_setup_py'
[6.564s] Level 1:colcon.colcon_core.package_identification:_identify(src/motor) by extensions ['ignore', 'ignore_ament_install']
[6.565s] Level 1:colcon.colcon_core.package_identification:_identify(src/motor) by extension 'ignore'
[6.565s] Level 1:colcon.colcon_core.package_identification:_identify(src/motor) by extension 'ignore_ament_install'
[6.565s] Level 1:colcon.colcon_core.package_identification:_identify(src/motor) by extensions ['colcon_pkg']
[6.565s] Level 1:colcon.colcon_core.package_identification:_identify(src/motor) by extension 'colcon_pkg'
[6.566s] Level 1:colcon.colcon_core.package_identification:_identify(src/motor) by extensions ['colcon_meta']
[6.566s] Level 1:colcon.colcon_core.package_identification:_identify(src/motor) by extension 'colcon_meta'
[6.566s] Level 1:colcon.colcon_core.package_identification:_identify(src/motor) by extensions ['ros']
[6.566s] Level 1:colcon.colcon_core.package_identification:_identify(src/motor) by extension 'ros'
[6.585s] DEBUG:colcon.colcon_core.package_identification:Package 'src/motor' with type 'ros.ament_python' and name 'motor'
[6.586s] Level 1:colcon.colcon_core.package_identification:_identify(src/motorpub) by extensions ['ignore', 'ignore_ament_install']
[6.587s] Level 1:colcon.colcon_core.package_identification:_identify(src/motorpub) by extension 'ignore'
[6.587s] Level 1:colcon.colcon_core.package_identification:_identify(src/motorpub) by extension 'ignore_ament_install'
[6.587s] Level 1:colcon.colcon_core.package_identification:_identify(src/motorpub) by extensions ['colcon_pkg']
[6.587s] Level 1:colcon.colcon_core.package_identification:_identify(src/motorpub) by extension 'colcon_pkg'
[6.587s] Level 1:colcon.colcon_core.package_identification:_identify(src/motorpub) by extensions ['colcon_meta']
[6.588s] Level 1:colcon.colcon_core.package_identification:_identify(src/motorpub) by extension 'colcon_meta'
[6.588s] Level 1:colcon.colcon_core.package_identification:_identify(src/motorpub) by extensions ['ros']
[6.588s] Level 1:colcon.colcon_core.package_identification:_identify(src/motorpub) by extension 'ros'
[6.591s] DEBUG:colcon.colcon_core.package_identification:Package 'src/motorpub' with type 'ros.ament_python' and name 'motorpub'
[6.592s] Level 1:colcon.colcon_core.package_identification:_identify(src/sensors) by extensions ['ignore', 'ignore_ament_install']
[6.593s] Level 1:colcon.colcon_core.package_identification:_identify(src/sensors) by extension 'ignore'
[6.593s] Level 1:colcon.colcon_core.package_identification:_identify(src/sensors) by extension 'ignore_ament_install'
[6.593s] Level 1:colcon.colcon_core.package_identification:_identify(src/sensors) by extensions ['colcon_pkg']
[6.594s] Level 1:colcon.colcon_core.package_identification:_identify(src/sensors) by extension 'colcon_pkg'
[6.594s] Level 1:colcon.colcon_core.package_identification:_identify(src/sensors) by extensions ['colcon_meta']
[6.594s] Level 1:colcon.colcon_core.package_identification:_identify(src/sensors) by extension 'colcon_meta'
[6.594s] Level 1:colcon.colcon_core.package_identification:_identify(src/sensors) by extensions ['ros']
[6.594s] Level 1:colcon.colcon_core.package_identification:_identify(src/sensors) by extension 'ros'
[6.597s] DEBUG:colcon.colcon_core.package_identification:Package 'src/sensors' with type 'ros.ament_python' and name 'sensors'
[6.597s] Level 1:colcon.colcon_core.package_discovery:discover_packages(recursive) using defaults
[6.597s] Level 1:colcon.colcon_core.package_discovery:discover_packages(ignore) discover
[6.597s] Level 1:colcon.colcon_core.package_discovery:discover_packages(ignore) using defaults
[6.597s] Level 1:colcon.colcon_core.package_discovery:discover_packages(path) discover
[6.598s] Level 1:colcon.colcon_core.package_discovery:discover_packages(path) using defaults
[7.089s] Level 1:colcon.colcon_core.package_discovery:discover_packages(prefix_path) check parameters
[7.089s] Level 1:colcon.colcon_core.package_discovery:discover_packages(prefix_path) discover
[7.252s] DEBUG:colcon.colcon_installed_package_information.package_discovery:Found 4 installed packages in /home/groupl/MarcWS/install
[7.331s] DEBUG:colcon.colcon_installed_package_information.package_discovery:Found 310 installed packages in /opt/ros/humble
[7.339s] Level 1:colcon.colcon_core.package_discovery:discover_packages(prefix_path) using defaults
[7.985s] Level 5:colcon.colcon_core.verb:set package 'motor' build argument 'cmake_args' from command line to 'None'
[7.986s] Level 5:colcon.colcon_core.verb:set package 'motor' build argument 'cmake_target' from command line to 'None'
[7.986s] Level 5:colcon.colcon_core.verb:set package 'motor' build argument 'cmake_target_skip_unavailable' from command line to 'False'
[7.986s] Level 5:colcon.colcon_core.verb:set package 'motor' build argument 'cmake_clean_cache' from command line to 'False'
[7.986s] Level 5:colcon.colcon_core.verb:set package 'motor' build argument 'cmake_clean_first' from command line to 'False'
[7.986s] Level 5:colcon.colcon_core.verb:set package 'motor' build argument 'cmake_force_configure' from command line to 'False'
[7.986s] Level 5:colcon.colcon_core.verb:set package 'motor' build argument 'ament_cmake_args' from command line to 'None'
[7.986s] Level 5:colcon.colcon_core.verb:set package 'motor' build argument 'catkin_cmake_args' from command line to 'None'
[7.986s] Level 5:colcon.colcon_core.verb:set package 'motor' build argument 'catkin_skip_building_tests' from command line to 'False'
[7.987s] DEBUG:colcon.colcon_core.verb:Building package 'motor' with the following arguments: {'ament_cmake_args': None, 'build_base': '/home/groupl/MarcWS/build/motor', 'catkin_cmake_args': None, 'catkin_skip_building_tests': False, 'cmake_args': None, 'cmake_clean_cache': False, 'cmake_clean_first': False, 'cmake_force_configure': False, 'cmake_target': None, 'cmake_target_skip_unavailable': False, 'install_base': '/home/groupl/MarcWS/install/motor', 'merge_install': False, 'path': '/home/groupl/MarcWS/src/motor', 'symlink_install': False, 'test_result_base': None}
[8.052s] Level 5:colcon.colcon_core.verb:set package 'motorpub' build argument 'cmake_args' from command line to 'None'
[8.053s] Level 5:colcon.colcon_core.verb:set package 'motorpub' build argument 'cmake_target' from command line to 'None'
[8.053s] Level 5:colcon.colcon_core.verb:set package 'motorpub' build argument 'cmake_target_skip_unavailable' from command line to 'False'
[8.053s] Level 5:colcon.colcon_core.verb:set package 'motorpub' build argument 'cmake_clean_cache' from command line to 'False'
[8.053s] Level 5:colcon.colcon_core.verb:set package 'motorpub' build argument 'cmake_clean_first' from command line to 'False'
[8.053s] Level 5:colcon.colcon_core.verb:set package 'motorpub' build argument 'cmake_force_configure' from command line to 'False'
[8.053s] Level 5:colcon.colcon_core.verb:set package 'motorpub' build argument 'ament_cmake_args' from command line to 'None'
[8.053s] Level 5:colcon.colcon_core.verb:set package 'motorpub' build argument 'catkin_cmake_args' from command line to 'None'
[8.054s] Level 5:colcon.colcon_core.verb:set package 'motorpub' build argument 'catkin_skip_building_tests' from command line to 'False'
[8.054s] DEBUG:colcon.colcon_core.verb:Building package 'motorpub' with the following arguments: {'ament_cmake_args': None, 'build_base': '/home/groupl/MarcWS/build/motorpub', 'catkin_cmake_args': None, 'catkin_skip_building_tests': False, 'cmake_args': None, 'cmake_clean_cache': False, 'cmake_clean_first': False, 'cmake_force_configure': False, 'cmake_target': None, 'cmake_target_skip_unavailable': False, 'install_base': '/home/groupl/MarcWS/install/motorpub', 'merge_install': False, 'path': '/home/groupl/MarcWS/src/motorpub', 'symlink_install': False, 'test_result_base': None}
[8.120s] Level 5:colcon.colcon_core.verb:set package 'sensors' build argument 'cmake_args' from command line to 'None'
[8.120s] Level 5:colcon.colcon_core.verb:set package 'sensors' build argument 'cmake_target' from command line to 'None'
[8.120s] Level 5:colcon.colcon_core.verb:set package 'sensors' build argument 'cmake_target_skip_unavailable' from command line to 'False'
[8.120s] Level 5:colcon.colcon_core.verb:set package 'sensors' build argument 'cmake_clean_cache' from command line to 'False'
[8.120s] Level 5:colcon.colcon_core.verb:set package 'sensors' build argument 'cmake_clean_first' from command line to 'False'
[8.120s] Level 5:colcon.colcon_core.verb:set package 'sensors' build argument 'cmake_force_configure' from command line to 'False'
[8.120s] Level 5:colcon.colcon_core.verb:set package 'sensors' build argument 'ament_cmake_args' from command line to 'None'
[8.121s] Level 5:colcon.colcon_core.verb:set package 'sensors' build argument 'catkin_cmake_args' from command line to 'None'
[8.121s] Level 5:colcon.colcon_core.verb:set package 'sensors' build argument 'catkin_skip_building_tests' from command line to 'False'
[8.121s] DEBUG:colcon.colcon_core.verb:Building package 'sensors' with the following arguments: {'ament_cmake_args': None, 'build_base': '/home/groupl/MarcWS/build/sensors', 'catkin_cmake_args': None, 'catkin_skip_building_tests': False, 'cmake_args': None, 'cmake_clean_cache': False, 'cmake_clean_first': False, 'cmake_force_configure': False, 'cmake_target': None, 'cmake_target_skip_unavailable': False, 'install_base': '/home/groupl/MarcWS/install/sensors', 'merge_install': False, 'path': '/home/groupl/MarcWS/src/sensors', 'symlink_install': False, 'test_result_base': None}
[8.186s] INFO:colcon.colcon_core.executor:Executing jobs using 'parallel' executor
[8.253s] DEBUG:colcon.colcon_parallel_executor.executor.parallel:run_until_complete
[8.255s] INFO:colcon.colcon_ros.task.ament_python.build:Building ROS package in '/home/groupl/MarcWS/src/motor' with build type 'ament_python'
[8.256s] Level 1:colcon.colcon_core.shell:create_environment_hook('motor', 'ament_prefix_path')
[8.359s] INFO:colcon.colcon_core.plugin_system:Skipping extension 'colcon_core.shell.bat': Not used on non-Windows systems
[8.359s] INFO:colcon.colcon_core.shell:Creating environment hook '/home/groupl/MarcWS/install/motor/share/motor/hook/ament_prefix_path.ps1'
[8.370s] INFO:colcon.colcon_core.shell:Creating environment descriptor '/home/groupl/MarcWS/install/motor/share/motor/hook/ament_prefix_path.dsv'
[8.374s] INFO:colcon.colcon_core.shell:Creating environment hook '/home/groupl/MarcWS/install/motor/share/motor/hook/ament_prefix_path.sh'
[8.483s] INFO:colcon.colcon_core.shell:Skip shell extension 'powershell' for command environment: Not usable outside of PowerShell
[8.483s] DEBUG:colcon.colcon_core.shell:Skip shell extension 'dsv' for command environment
[8.732s] INFO:colcon.colcon_ros.task.ament_python.build:Building ROS package in '/home/groupl/MarcWS/src/motorpub' with build type 'ament_python'
[8.733s] Level 1:colcon.colcon_core.shell:create_environment_hook('motorpub', 'ament_prefix_path')
[8.831s] INFO:colcon.colcon_core.shell:Creating environment hook '/home/groupl/MarcWS/install/motorpub/share/motorpub/hook/ament_prefix_path.ps1'
[8.835s] INFO:colcon.colcon_core.shell:Creating environment descriptor '/home/groupl/MarcWS/install/motorpub/share/motorpub/hook/ament_prefix_path.dsv'
[8.836s] INFO:colcon.colcon_core.shell:Creating environment hook '/home/groupl/MarcWS/install/motorpub/share/motorpub/hook/ament_prefix_path.sh'
[8.914s] INFO:colcon.colcon_core.shell:Skip shell extension 'powershell' for command environment: Not usable outside of PowerShell
[8.914s] DEBUG:colcon.colcon_core.shell:Skip shell extension 'dsv' for command environment
[9.151s] INFO:colcon.colcon_ros.task.ament_python.build:Building ROS package in '/home/groupl/MarcWS/src/sensors' with build type 'ament_python'
[9.152s] Level 1:colcon.colcon_core.shell:create_environment_hook('sensors', 'ament_prefix_path')
[9.242s] INFO:colcon.colcon_core.shell:Creating environment hook '/home/groupl/MarcWS/install/sensors/share/sensors/hook/ament_prefix_path.ps1'
[9.246s] INFO:colcon.colcon_core.shell:Creating environment descriptor '/home/groupl/MarcWS/install/sensors/share/sensors/hook/ament_prefix_path.dsv'
[9.247s] INFO:colcon.colcon_core.shell:Creating environment hook '/home/groupl/MarcWS/install/sensors/share/sensors/hook/ament_prefix_path.sh'
[9.324s] INFO:colcon.colcon_core.shell:Skip shell extension 'powershell' for command environment: Not usable outside of PowerShell
[9.324s] DEBUG:colcon.colcon_core.shell:Skip shell extension 'dsv' for command environment
[11.005s] INFO:colcon.colcon_core.task.python.build:Building Python package in '/home/groupl/MarcWS/src/motor'
[11.082s] INFO:colcon.colcon_core.shell:Skip shell extension 'powershell' for command environment: Not usable outside of PowerShell
[11.082s] DEBUG:colcon.colcon_core.shell:Skip shell extension 'dsv' for command environment
[12.560s] INFO:colcon.colcon_core.task.python.build:Building Python package in '/home/groupl/MarcWS/src/motorpub'
[12.632s] INFO:colcon.colcon_core.shell:Skip shell extension 'powershell' for command environment: Not usable outside of PowerShell
[12.632s] DEBUG:colcon.colcon_core.shell:Skip shell extension 'dsv' for command environment
[14.102s] INFO:colcon.colcon_core.task.python.build:Building Python package in '/home/groupl/MarcWS/src/sensors'
[14.177s] INFO:colcon.colcon_core.shell:Skip shell extension 'powershell' for command environment: Not usable outside of PowerShell
[14.178s] DEBUG:colcon.colcon_core.shell:Skip shell extension 'dsv' for command environment
[17.355s] DEBUG:colcon.colcon_core.event_handler.log_command:Invoking command in '/home/groupl/MarcWS/src/sensors': PYTHONPATH=/home/groupl/MarcWS/build/sensors/prefix_override:/home/groupl/MarcWS/install/sensors/lib/python3.10/site-packages:${PYTHONPATH} /usr/bin/python3 setup.py egg_info --egg-base ../../build/sensors build --build-base /home/groupl/MarcWS/build/sensors/build install --record /home/groupl/MarcWS/build/sensors/install.log --single-version-externally-managed
[17.396s] DEBUG:colcon.colcon_core.event_handler.log_command:Invoking command in '/home/groupl/MarcWS/src/motor': PYTHONPATH=/home/groupl/MarcWS/build/motor/prefix_override:/home/groupl/MarcWS/install/motor/lib/python3.10/site-packages:${PYTHONPATH} /usr/bin/python3 setup.py egg_info --egg-base ../../build/motor build --build-base /home/groupl/MarcWS/build/motor/build install --record /home/groupl/MarcWS/build/motor/install.log --single-version-externally-managed
[17.408s] DEBUG:colcon.colcon_core.event_handler.log_command:Invoking command in '/home/groupl/MarcWS/src/motorpub': PYTHONPATH=/home/groupl/MarcWS/build/motorpub/prefix_override:/home/groupl/MarcWS/install/motorpub/lib/python3.10/site-packages:${PYTHONPATH} /usr/bin/python3 setup.py egg_info --egg-base ../../build/motorpub build --build-base /home/groupl/MarcWS/build/motorpub/build install --record /home/groupl/MarcWS/build/motorpub/install.log --single-version-externally-managed
[19.428s] DEBUG:colcon.colcon_core.event_handler.log_command:Invoked command in '/home/groupl/MarcWS/src/motor' returned '0': PYTHONPATH=/home/groupl/MarcWS/build/motor/prefix_override:/home/groupl/MarcWS/install/motor/lib/python3.10/site-packages:${PYTHONPATH} /usr/bin/python3 setup.py egg_info --egg-base ../../build/motor build --build-base /home/groupl/MarcWS/build/motor/build install --record /home/groupl/MarcWS/build/motor/install.log --single-version-externally-managed
[19.528s] Level 1:colcon.colcon_core.environment:checking '/home/groupl/MarcWS/install/motor' for CMake module files
[19.532s] Level 1:colcon.colcon_core.environment:checking '/home/groupl/MarcWS/install/motor' for CMake config files
[19.536s] Level 1:colcon.colcon_core.shell:create_environment_hook('motor', 'cmake_prefix_path')
[19.605s] INFO:colcon.colcon_core.shell:Creating environment hook '/home/groupl/MarcWS/install/motor/share/motor/hook/cmake_prefix_path.ps1'
[19.608s] INFO:colcon.colcon_core.shell:Creating environment descriptor '/home/groupl/MarcWS/install/motor/share/motor/hook/cmake_prefix_path.dsv'
[19.610s] INFO:colcon.colcon_core.shell:Creating environment hook '/home/groupl/MarcWS/install/motor/share/motor/hook/cmake_prefix_path.sh'
[19.613s] Level 1:colcon.colcon_core.environment:checking '/home/groupl/MarcWS/install/motor/lib'
[19.614s] Level 1:colcon.colcon_core.environment:checking '/home/groupl/MarcWS/install/motor/bin'
[19.614s] Level 1:colcon.colcon_core.environment:checking '/home/groupl/MarcWS/install/motor/lib/pkgconfig/motor.pc'
[19.615s] Level 1:colcon.colcon_core.environment:checking '/home/groupl/MarcWS/install/motor/lib/python3.10/site-packages'
[19.616s] Level 1:colcon.colcon_core.shell:create_environment_hook('motor', 'pythonpath')
[19.687s] INFO:colcon.colcon_core.shell:Creating environment hook '/home/groupl/MarcWS/install/motor/share/motor/hook/pythonpath.ps1'
[19.689s] INFO:colcon.colcon_core.shell:Creating environment descriptor '/home/groupl/MarcWS/install/motor/share/motor/hook/pythonpath.dsv'
[19.691s] INFO:colcon.colcon_core.shell:Creating environment hook '/home/groupl/MarcWS/install/motor/share/motor/hook/pythonpath.sh'
[19.693s] Level 1:colcon.colcon_core.environment:checking '/home/groupl/MarcWS/install/motor/bin'
[19.694s] Level 1:colcon.colcon_core.environment:create_environment_scripts_only(motor)
[19.765s] INFO:colcon.colcon_core.shell:Creating package script '/home/groupl/MarcWS/install/motor/share/motor/package.ps1'
[19.770s] INFO:colcon.colcon_core.shell:Creating package descriptor '/home/groupl/MarcWS/install/motor/share/motor/package.dsv'
[19.773s] INFO:colcon.colcon_core.shell:Creating package script '/home/groupl/MarcWS/install/motor/share/motor/package.sh'
[19.777s] INFO:colcon.colcon_core.shell:Creating package script '/home/groupl/MarcWS/install/motor/share/motor/package.bash'
[19.782s] INFO:colcon.colcon_core.shell:Creating package script '/home/groupl/MarcWS/install/motor/share/motor/package.zsh'
[19.786s] Level 1:colcon.colcon_core.environment:create_file_with_runtime_dependencies(/home/groupl/MarcWS/install/motor/share/colcon-core/packages/motor)
[19.793s] DEBUG:colcon.colcon_core.event_handler.log_command:Invoked command in '/home/groupl/MarcWS/src/sensors' returned '0': PYTHONPATH=/home/groupl/MarcWS/build/sensors/prefix_override:/home/groupl/MarcWS/install/sensors/lib/python3.10/site-packages:${PYTHONPATH} /usr/bin/python3 setup.py egg_info --egg-base ../../build/sensors build --build-base /home/groupl/MarcWS/build/sensors/build install --record /home/groupl/MarcWS/build/sensors/install.log --single-version-externally-managed
[19.875s] Level 1:colcon.colcon_core.environment:checking '/home/groupl/MarcWS/install/sensors' for CMake module files
[19.877s] Level 1:colcon.colcon_core.environment:checking '/home/groupl/MarcWS/install/sensors' for CMake config files
[19.880s] Level 1:colcon.colcon_core.environment:checking '/home/groupl/MarcWS/install/sensors/lib'
[19.881s] Level 1:colcon.colcon_core.environment:checking '/home/groupl/MarcWS/install/sensors/bin'
[19.882s] Level 1:colcon.colcon_core.environment:checking '/home/groupl/MarcWS/install/sensors/lib/pkgconfig/sensors.pc'
[19.883s] Level 1:colcon.colcon_core.environment:checking '/home/groupl/MarcWS/install/sensors/lib/python3.10/site-packages'
[19.883s] Level 1:colcon.colcon_core.shell:create_environment_hook('sensors', 'pythonpath')
[19.977s] INFO:colcon.colcon_core.shell:Creating environment hook '/home/groupl/MarcWS/install/sensors/share/sensors/hook/pythonpath.ps1'
[19.979s] INFO:colcon.colcon_core.shell:Creating environment descriptor '/home/groupl/MarcWS/install/sensors/share/sensors/hook/pythonpath.dsv'
[19.981s] INFO:colcon.colcon_core.shell:Creating environment hook '/home/groupl/MarcWS/install/sensors/share/sensors/hook/pythonpath.sh'
[19.984s] Level 1:colcon.colcon_core.environment:checking '/home/groupl/MarcWS/install/sensors/bin'
[19.985s] Level 1:colcon.colcon_core.environment:create_environment_scripts_only(sensors)
[20.062s] INFO:colcon.colcon_core.shell:Creating package script '/home/groupl/MarcWS/install/sensors/share/sensors/package.ps1'
[20.064s] INFO:colcon.colcon_core.shell:Creating package descriptor '/home/groupl/MarcWS/install/sensors/share/sensors/package.dsv'
[20.066s] INFO:colcon.colcon_core.shell:Creating package script '/home/groupl/MarcWS/install/sensors/share/sensors/package.sh'
[20.068s] INFO:colcon.colcon_core.shell:Creating package script '/home/groupl/MarcWS/install/sensors/share/sensors/package.bash'
[20.070s] INFO:colcon.colcon_core.shell:Creating package script '/home/groupl/MarcWS/install/sensors/share/sensors/package.zsh'
[20.072s] Level 1:colcon.colcon_core.environment:create_file_with_runtime_dependencies(/home/groupl/MarcWS/install/sensors/share/colcon-core/packages/sensors)
[20.077s] DEBUG:colcon.colcon_core.event_handler.log_command:Invoked command in '/home/groupl/MarcWS/src/motorpub' returned '0': PYTHONPATH=/home/groupl/MarcWS/build/motorpub/prefix_override:/home/groupl/MarcWS/install/motorpub/lib/python3.10/site-packages:${PYTHONPATH} /usr/bin/python3 setup.py egg_info --egg-base ../../build/motorpub build --build-base /home/groupl/MarcWS/build/motorpub/build install --record /home/groupl/MarcWS/build/motorpub/install.log --single-version-externally-managed
[20.174s] Level 1:colcon.colcon_core.environment:checking '/home/groupl/MarcWS/install/motorpub' for CMake module files
[20.176s] Level 1:colcon.colcon_core.environment:checking '/home/groupl/MarcWS/install/motorpub' for CMake config files
[20.179s] Level 1:colcon.colcon_core.environment:checking '/home/groupl/MarcWS/install/motorpub/lib'
[20.180s] Level 1:colcon.colcon_core.environment:checking '/home/groupl/MarcWS/install/motorpub/bin'
[20.180s] Level 1:colcon.colcon_core.environment:checking '/home/groupl/MarcWS/install/motorpub/lib/pkgconfig/motorpub.pc'
[20.181s] Level 1:colcon.colcon_core.environment:checking '/home/groupl/MarcWS/install/motorpub/lib/python3.10/site-packages'
[20.181s] Level 1:colcon.colcon_core.shell:create_environment_hook('motorpub', 'pythonpath')
[20.256s] INFO:colcon.colcon_core.shell:Creating environment hook '/home/groupl/MarcWS/install/motorpub/share/motorpub/hook/pythonpath.ps1'
[20.258s] INFO:colcon.colcon_core.shell:Creating environment descriptor '/home/groupl/MarcWS/install/motorpub/share/motorpub/hook/pythonpath.dsv'
[20.259s] INFO:colcon.colcon_core.shell:Creating environment hook '/home/groupl/MarcWS/install/motorpub/share/motorpub/hook/pythonpath.sh'
[20.262s] Level 1:colcon.colcon_core.environment:checking '/home/groupl/MarcWS/install/motorpub/bin'
[20.262s] Level 1:colcon.colcon_core.environment:create_environment_scripts_only(motorpub)
[20.335s] INFO:colcon.colcon_core.shell:Creating package script '/home/groupl/MarcWS/install/motorpub/share/motorpub/package.ps1'
[20.338s] INFO:colcon.colcon_core.shell:Creating package descriptor '/home/groupl/MarcWS/install/motorpub/share/motorpub/package.dsv'
[20.340s] INFO:colcon.colcon_core.shell:Creating package script '/home/groupl/MarcWS/install/motorpub/share/motorpub/package.sh'
[20.342s] INFO:colcon.colcon_core.shell:Creating package script '/home/groupl/MarcWS/install/motorpub/share/motorpub/package.bash'
[20.343s] INFO:colcon.colcon_core.shell:Creating package script '/home/groupl/MarcWS/install/motorpub/share/motorpub/package.zsh'
[20.345s] Level 1:colcon.colcon_core.environment:create_file_with_runtime_dependencies(/home/groupl/MarcWS/install/motorpub/share/colcon-core/packages/motorpub)
[20.346s] DEBUG:colcon.colcon_parallel_executor.executor.parallel:closing loop
[20.347s] DEBUG:colcon.colcon_parallel_executor.executor.parallel:loop closed
[20.348s] DEBUG:colcon.colcon_parallel_executor.executor.parallel:run_until_complete finished with '0'
[20.348s] DEBUG:colcon.colcon_core.event_reactor:joining thread
[20.513s] INFO:colcon.colcon_core.plugin_system:Skipping extension 'colcon_notification.desktop_notification.terminal_notifier': Not used on non-Darwin systems
[20.513s] INFO:colcon.colcon_core.plugin_system:Skipping extension 'colcon_notification.desktop_notification.win32': Not used on non-Windows systems
[20.514s] INFO:colcon.colcon_notification.desktop_notification:Sending desktop notification using 'notify2'
[20.693s] DEBUG:colcon.colcon_core.event_reactor:joined thread
[20.810s] INFO:colcon.colcon_core.shell:Creating prefix script '/home/groupl/MarcWS/install/local_setup.ps1'
[20.818s] INFO:colcon.colcon_core.shell:Creating prefix util module '/home/groupl/MarcWS/install/_local_setup_util_ps1.py'
[20.827s] INFO:colcon.colcon_core.shell:Creating prefix chain script '/home/groupl/MarcWS/install/setup.ps1'
[20.929s] INFO:colcon.colcon_core.shell:Creating prefix script '/home/groupl/MarcWS/install/local_setup.sh'
[20.933s] INFO:colcon.colcon_core.shell:Creating prefix util module '/home/groupl/MarcWS/install/_local_setup_util_sh.py'
[20.935s] INFO:colcon.colcon_core.shell:Creating prefix chain script '/home/groupl/MarcWS/install/setup.sh'
[21.007s] INFO:colcon.colcon_core.shell:Creating prefix script '/home/groupl/MarcWS/install/local_setup.bash'
[21.010s] INFO:colcon.colcon_core.shell:Creating prefix chain script '/home/groupl/MarcWS/install/setup.bash'
[21.094s] INFO:colcon.colcon_core.shell:Creating prefix script '/home/groupl/MarcWS/install/local_setup.zsh'
[21.097s] INFO:colcon.colcon_core.shell:Creating prefix chain script '/home/groupl/MarcWS/install/setup.zsh'
