[7.648s] Invoking command in '/home/groupl/MarcWS/src/motor': PYTHONPATH=/home/groupl/MarcWS/build/motor/prefix_override:/home/groupl/MarcWS/install/motor/lib/python3.10/site-packages:${PYTHONPATH} /usr/bin/python3 setup.py egg_info --egg-base ../../build/motor build --build-base /home/groupl/MarcWS/build/motor/build install --record /home/groupl/MarcWS/build/motor/install.log --single-version-externally-managed
[9.268s] running egg_info
[9.269s] writing ../../build/motor/motor.egg-info/PKG-INFO
[9.281s] writing dependency_links to ../../build/motor/motor.egg-info/dependency_links.txt
[9.282s] writing entry points to ../../build/motor/motor.egg-info/entry_points.txt
[9.283s] writing requirements to ../../build/motor/motor.egg-info/requires.txt
[9.283s] writing top-level names to ../../build/motor/motor.egg-info/top_level.txt
[9.295s] reading manifest file '../../build/motor/motor.egg-info/SOURCES.txt'
[9.300s] writing manifest file '../../build/motor/motor.egg-info/SOURCES.txt'
[9.302s] running build
[9.302s] running build_py
[9.311s] running install
[9.314s] /usr/lib/python3/dist-packages/setuptools/command/install.py:34: SetuptoolsDeprecationWarning: setup.py install is deprecated. Use build and pip and other standards-based tools.
[9.315s]   warnings.warn(
[9.316s] running install_lib
[9.329s] running install_data
[9.334s] running install_egg_info
[9.347s] removing '/home/groupl/MarcWS/install/motor/lib/python3.10/site-packages/motor-0.0.0-py3.10.egg-info' (and everything under it)
[9.349s] Copying ../../build/motor/motor.egg-info to /home/groupl/MarcWS/install/motor/lib/python3.10/site-packages/motor-0.0.0-py3.10.egg-info
[9.357s] running install_scripts
[9.469s] Installing motorpwm script to /home/groupl/MarcWS/install/motor/lib/motor
[9.471s] writing list of installed files to '/home/groupl/MarcWS/build/motor/install.log'
[9.672s] Invoked command in '/home/groupl/MarcWS/src/motor' returned '0': PYTHONPATH=/home/groupl/MarcWS/build/motor/prefix_override:/home/groupl/MarcWS/install/motor/lib/python3.10/site-packages:${PYTHONPATH} /usr/bin/python3 setup.py egg_info --egg-base ../../build/motor build --build-base /home/groupl/MarcWS/build/motor/build install --record /home/groupl/MarcWS/build/motor/install.log --single-version-externally-managed
