[6.817s] Invoking command in '/home/groupl/MarcWS/src/motor': PYTHONPATH=/home/groupl/MarcWS/build/motor/prefix_override:/home/groupl/MarcWS/install/motor/lib/python3.10/site-packages:${PYTHONPATH} /usr/bin/python3 setup.py egg_info --egg-base ../../build/motor build --build-base /home/groupl/MarcWS/build/motor/build install --record /home/groupl/MarcWS/build/motor/install.log --single-version-externally-managed
[8.139s] running egg_info
[8.142s] writing ../../build/motor/motor.egg-info/PKG-INFO
[8.147s] writing dependency_links to ../../build/motor/motor.egg-info/dependency_links.txt
[8.147s] writing entry points to ../../build/motor/motor.egg-info/entry_points.txt
[8.149s] writing requirements to ../../build/motor/motor.egg-info/requires.txt
[8.150s] writing top-level names to ../../build/motor/motor.egg-info/top_level.txt
[8.158s] reading manifest file '../../build/motor/motor.egg-info/SOURCES.txt'
[8.163s] writing manifest file '../../build/motor/motor.egg-info/SOURCES.txt'
[8.165s] running build
[8.166s] running build_py
[8.167s] copying motor/motorpwm.py -> /home/groupl/MarcWS/build/motor/build/lib/motor
[8.170s] running install
[8.172s] /usr/lib/python3/dist-packages/setuptools/command/install.py:34: SetuptoolsDeprecationWarning: setup.py install is deprecated. Use build and pip and other standards-based tools.
[8.173s]   warnings.warn(
[8.174s] running install_lib
[8.177s] copying /home/groupl/MarcWS/build/motor/build/lib/motor/motorpwm.py -> /home/groupl/MarcWS/install/motor/lib/python3.10/site-packages/motor
[8.181s] byte-compiling /home/groupl/MarcWS/install/motor/lib/python3.10/site-packages/motor/motorpwm.py to motorpwm.cpython-310.pyc
[8.184s] running install_data
[8.188s] running install_egg_info
[8.197s] removing '/home/groupl/MarcWS/install/motor/lib/python3.10/site-packages/motor-0.0.0-py3.10.egg-info' (and everything under it)
[8.199s] Copying ../../build/motor/motor.egg-info to /home/groupl/MarcWS/install/motor/lib/python3.10/site-packages/motor-0.0.0-py3.10.egg-info
[8.205s] running install_scripts
[8.308s] Installing motorpwm script to /home/groupl/MarcWS/install/motor/lib/motor
[8.311s] writing list of installed files to '/home/groupl/MarcWS/build/motor/install.log'
[8.507s] Invoked command in '/home/groupl/MarcWS/src/motor' returned '0': PYTHONPATH=/home/groupl/MarcWS/build/motor/prefix_override:/home/groupl/MarcWS/install/motor/lib/python3.10/site-packages:${PYTHONPATH} /usr/bin/python3 setup.py egg_info --egg-base ../../build/motor build --build-base /home/groupl/MarcWS/build/motor/build install --record /home/groupl/MarcWS/build/motor/install.log --single-version-externally-managed
