[5.724s] Invoking command in '/home/groupl/MarcWS/src/sensors': PYTHONPATH=/home/groupl/MarcWS/build/sensors/prefix_override:/home/groupl/MarcWS/install/sensors/lib/python3.10/site-packages:${PYTHONPATH} /usr/bin/python3 setup.py egg_info --egg-base ../../build/sensors build --build-base /home/groupl/MarcWS/build/sensors/build install --record /home/groupl/MarcWS/build/sensors/install.log --single-version-externally-managed
[7.017s] running egg_info
[7.020s] writing ../../build/sensors/sensors.egg-info/PKG-INFO
[7.023s] writing dependency_links to ../../build/sensors/sensors.egg-info/dependency_links.txt
[7.024s] writing entry points to ../../build/sensors/sensors.egg-info/entry_points.txt
[7.028s] writing requirements to ../../build/sensors/sensors.egg-info/requires.txt
[7.029s] writing top-level names to ../../build/sensors/sensors.egg-info/top_level.txt
[7.035s] reading manifest file '../../build/sensors/sensors.egg-info/SOURCES.txt'
[7.040s] writing manifest file '../../build/sensors/sensors.egg-info/SOURCES.txt'
[7.042s] running build
[7.042s] running build_py
[7.044s] running install
[7.045s] /usr/lib/python3/dist-packages/setuptools/command/install.py:34: SetuptoolsDeprecationWarning: setup.py install is deprecated. Use build and pip and other standards-based tools.
[7.046s]   warnings.warn(
[7.048s] running install_lib
[7.054s] running install_data
[7.058s] running install_egg_info
[7.066s] removing '/home/groupl/MarcWS/install/sensors/lib/python3.10/site-packages/sensors-0.0.0-py3.10.egg-info' (and everything under it)
[7.069s] Copying ../../build/sensors/sensors.egg-info to /home/groupl/MarcWS/install/sensors/lib/python3.10/site-packages/sensors-0.0.0-py3.10.egg-info
[7.080s] running install_scripts
[7.187s] Installing serialread script to /home/groupl/MarcWS/install/sensors/lib/sensors
[7.189s] writing list of installed files to '/home/groupl/MarcWS/build/sensors/install.log'
[7.700s] Invoked command in '/home/groupl/MarcWS/src/sensors' returned '0': PYTHONPATH=/home/groupl/MarcWS/build/sensors/prefix_override:/home/groupl/MarcWS/install/sensors/lib/python3.10/site-packages:${PYTHONPATH} /usr/bin/python3 setup.py egg_info --egg-base ../../build/sensors build --build-base /home/groupl/MarcWS/build/sensors/build install --record /home/groupl/MarcWS/build/sensors/install.log --single-version-externally-managed
