[3.249s] Invoking command in '/home/groupl/MarcWS/src/sensors': PYTHONPATH=/home/groupl/MarcWS/build/sensors/prefix_override:/home/groupl/MarcWS/install/sensors/lib/python3.10/site-packages:${PYTHONPATH} /usr/bin/python3 setup.py egg_info --egg-base ../../build/sensors build --build-base /home/groupl/MarcWS/build/sensors/build install --record /home/groupl/MarcWS/build/sensors/install.log --single-version-externally-managed
[4.425s] running egg_info
[4.427s] writing ../../build/sensors/sensors.egg-info/PKG-INFO
[4.428s] writing dependency_links to ../../build/sensors/sensors.egg-info/dependency_links.txt
[4.429s] writing entry points to ../../build/sensors/sensors.egg-info/entry_points.txt
[4.430s] writing requirements to ../../build/sensors/sensors.egg-info/requires.txt
[4.431s] writing top-level names to ../../build/sensors/sensors.egg-info/top_level.txt
[4.438s] reading manifest file '../../build/sensors/sensors.egg-info/SOURCES.txt'
[4.443s] writing manifest file '../../build/sensors/sensors.egg-info/SOURCES.txt'
[4.443s] running build
[4.444s] running build_py
[4.445s] running install
[4.447s] /usr/lib/python3/dist-packages/setuptools/command/install.py:34: SetuptoolsDeprecationWarning: setup.py install is deprecated. Use build and pip and other standards-based tools.
[4.447s]   warnings.warn(
[4.448s] running install_lib
[4.453s] running install_data
[4.456s] running install_egg_info
[4.463s] removing '/home/groupl/MarcWS/install/sensors/lib/python3.10/site-packages/sensors-0.0.0-py3.10.egg-info' (and everything under it)
[4.465s] Copying ../../build/sensors/sensors.egg-info to /home/groupl/MarcWS/install/sensors/lib/python3.10/site-packages/sensors-0.0.0-py3.10.egg-info
[4.474s] running install_scripts
[4.560s] Installing serialread script to /home/groupl/MarcWS/install/sensors/lib/sensors
[4.561s] writing list of installed files to '/home/groupl/MarcWS/build/sensors/install.log'
[4.691s] Invoked command in '/home/groupl/MarcWS/src/sensors' returned '0': PYTHONPATH=/home/groupl/MarcWS/build/sensors/prefix_override:/home/groupl/MarcWS/install/sensors/lib/python3.10/site-packages:${PYTHONPATH} /usr/bin/python3 setup.py egg_info --egg-base ../../build/sensors build --build-base /home/groupl/MarcWS/build/sensors/build install --record /home/groupl/MarcWS/build/sensors/install.log --single-version-externally-managed
