[6.550s] Invoking command in '/home/groupl/MarcWS/src/sensors': PYTHONPATH=/home/groupl/MarcWS/build/sensors/prefix_override:/home/groupl/MarcWS/install/sensors/lib/python3.10/site-packages:${PYTHONPATH} /usr/bin/python3 setup.py egg_info --egg-base ../../build/sensors build --build-base /home/groupl/MarcWS/build/sensors/build install --record /home/groupl/MarcWS/build/sensors/install.log --single-version-externally-managed
[8.980s] running egg_info
[8.983s] writing ../../build/sensors/sensors.egg-info/PKG-INFO
[8.985s] writing dependency_links to ../../build/sensors/sensors.egg-info/dependency_links.txt
[8.986s] writing entry points to ../../build/sensors/sensors.egg-info/entry_points.txt
[8.987s] writing requirements to ../../build/sensors/sensors.egg-info/requires.txt
[8.988s] writing top-level names to ../../build/sensors/sensors.egg-info/top_level.txt
[9.000s] reading manifest file '../../build/sensors/sensors.egg-info/SOURCES.txt'
[9.004s] writing manifest file '../../build/sensors/sensors.egg-info/SOURCES.txt'
[9.010s] running build
[9.011s] running build_py
[9.011s] running install
[9.013s] /usr/lib/python3/dist-packages/setuptools/command/install.py:34: SetuptoolsDeprecationWarning: setup.py install is deprecated. Use build and pip and other standards-based tools.
[9.014s]   warnings.warn(
[9.015s] running install_lib
[9.033s] running install_data
[9.037s] running install_egg_info
[9.045s] removing '/home/groupl/MarcWS/install/sensors/lib/python3.10/site-packages/sensors-0.0.0-py3.10.egg-info' (and everything under it)
[9.058s] Copying ../../build/sensors/sensors.egg-info to /home/groupl/MarcWS/install/sensors/lib/python3.10/site-packages/sensors-0.0.0-py3.10.egg-info
[9.059s] running install_scripts
[9.285s] Installing serialread script to /home/groupl/MarcWS/install/sensors/lib/sensors
[9.294s] writing list of installed files to '/home/groupl/MarcWS/build/sensors/install.log'
[10.055s] Invoked command in '/home/groupl/MarcWS/src/sensors' returned '0': PYTHONPATH=/home/groupl/MarcWS/build/sensors/prefix_override:/home/groupl/MarcWS/install/sensors/lib/python3.10/site-packages:${PYTHONPATH} /usr/bin/python3 setup.py egg_info --egg-base ../../build/sensors build --build-base /home/groupl/MarcWS/build/sensors/build install --record /home/groupl/MarcWS/build/sensors/install.log --single-version-externally-managed
