[6.001s] DEBUG:colcon:Command line arguments: ['/usr/bin/colcon', 'build']
[6.001s] DEBUG:colcon:Parsed command line arguments: Namespace(log_base=None, log_level=None, verb_name='build', build_base='build', install_base='install', merge_install=False, symlink_install=False, test_result_base=None, continue_on_error=False, executor='parallel', parallel_workers=4, event_handlers=None, ignore_user_meta=False, metas=['./colcon.meta'], base_paths=['.'], packages_ignore=None, packages_ignore_regex=None, paths=None, packages_up_to=None, packages_up_to_regex=None, packages_above=None, packages_above_and_dependencies=None, packages_above_depth=None, packages_select_by_dep=None, packages_skip_by_dep=None, packages_skip_up_to=None, packages_select_build_failed=False, packages_skip_build_finished=False, packages_select_test_failures=False, packages_skip_test_passed=False, packages_select=None, packages_skip=None, packages_select_regex=None, packages_skip_regex=None, packages_start=None, packages_end=None, allow_overriding=[], cmake_args=None, cmake_target=None, cmake_target_skip_unavailable=False, cmake_clean_cache=False, cmake_clean_first=False, cmake_force_configure=False, ament_cmake_args=None, catkin_cmake_args=None, catkin_skip_building_tests=False, verb_parser=<colcon_defaults.argument_parser.defaults.DefaultArgumentsDecorator object at 0xffffb5d93460>, verb_extension=<colcon_core.verb.build.BuildVerb object at 0xffffb5d91d50>, main=<bound method BuildVerb.main of <colcon_core.verb.build.BuildVerb object at 0xffffb5d91d50>>)
[6.320s] Level 1:colcon.colcon_core.package_discovery:discover_packages(colcon_meta) check parameters
[6.320s] Level 1:colcon.colcon_core.package_discovery:discover_packages(recursive) check parameters
[6.320s] Level 1:colcon.colcon_core.package_discovery:discover_packages(ignore) check parameters
[6.320s] Level 1:colcon.colcon_core.package_discovery:discover_packages(path) check parameters
[6.321s] Level 1:colcon.colcon_core.package_discovery:discover_packages(colcon_meta) discover
[6.321s] Level 1:colcon.colcon_core.package_discovery:discover_packages(recursive) discover
[6.321s] INFO:colcon.colcon_core.package_discovery:Crawling recursively for packages in '/home/groupl/MarcWS'
[6.321s] Level 1:colcon.colcon_core.package_identification:_identify(.) by extensions ['ignore', 'ignore_ament_install']
[6.322s] Level 1:colcon.colcon_core.package_identification:_identify(.) by extension 'ignore'
[6.322s] Level 1:colcon.colcon_core.package_identification:_identify(.) by extension 'ignore_ament_install'
[6.322s] Level 1:colcon.colcon_core.package_identification:_identify(.) by extensions ['colcon_pkg']
[6.322s] Level 1:colcon.colcon_core.package_identification:_identify(.) by extension 'colcon_pkg'
[6.323s] Level 1:colcon.colcon_core.package_identification:_identify(.) by extensions ['colcon_meta']
[6.323s] Level 1:colcon.colcon_core.package_identification:_identify(.) by extension 'colcon_meta'
[6.323s] Level 1:colcon.colcon_core.package_identification:_identify(.) by extensions ['ros']
[6.323s] Level 1:colcon.colcon_core.package_identification:_identify(.) by extension 'ros'
[6.403s] Level 1:colcon.colcon_core.package_identification:_identify(.) by extensions ['cmake', 'python']
[6.404s] Level 1:colcon.colcon_core.package_identification:_identify(.) by extension 'cmake'
[6.404s] Level 1:colcon.colcon_core.package_identification:_identify(.) by extension 'python'
[6.404s] Level 1:colcon.colcon_core.package_identification:_identify(.) by extensions ['python_setup_py']
[6.404s] Level 1:colcon.colcon_core.package_identification:_identify(.) by extension 'python_setup_py'
[6.405s] Level 1:colcon.colcon_core.package_identification:_identify(build) by extensions ['ignore', 'ignore_ament_install']
[6.405s] Level 1:colcon.colcon_core.package_identification:_identify(build) by extension 'ignore'
[6.405s] Level 1:colcon.colcon_core.package_identification:_identify(build) ignored
[6.406s] Level 1:colcon.colcon_core.package_identification:_identify(install) by extensions ['ignore', 'ignore_ament_install']
[6.406s] Level 1:colcon.colcon_core.package_identification:_identify(install) by extension 'ignore'
[6.406s] Level 1:colcon.colcon_core.package_identification:_identify(install) ignored
[6.407s] Level 1:colcon.colcon_core.package_identification:_identify(log) by extensions ['ignore', 'ignore_ament_install']
[6.408s] Level 1:colcon.colcon_core.package_identification:_identify(log) by extension 'ignore'
[6.408s] Level 1:colcon.colcon_core.package_identification:_identify(log) ignored
[6.409s] Level 1:colcon.colcon_core.package_identification:_identify(src) by extensions ['ignore', 'ignore_ament_install']
[6.410s] Level 1:colcon.colcon_core.package_identification:_identify(src) by extension 'ignore'
[6.410s] Level 1:colcon.colcon_core.package_identification:_identify(src) by extension 'ignore_ament_install'
[6.410s] Level 1:colcon.colcon_core.package_identification:_identify(src) by extensions ['colcon_pkg']
[6.410s] Level 1:colcon.colcon_core.package_identification:_identify(src) by extension 'colcon_pkg'
[6.410s] Level 1:colcon.colcon_core.package_identification:_identify(src) by extensions ['colcon_meta']
[6.410s] Level 1:colcon.colcon_core.package_identification:_identify(src) by extension 'colcon_meta'
[6.411s] Level 1:colcon.colcon_core.package_identification:_identify(src) by extensions ['ros']
[6.411s] Level 1:colcon.colcon_core.package_identification:_identify(src) by extension 'ros'
[6.411s] Level 1:colcon.colcon_core.package_identification:_identify(src) by extensions ['cmake', 'python']
[6.411s] Level 1:colcon.colcon_core.package_identification:_identify(src) by extension 'cmake'
[6.411s] Level 1:colcon.colcon_core.package_identification:_identify(src) by extension 'python'
[6.411s] Level 1:colcon.colcon_core.package_identification:_identify(src) by extensions ['python_setup_py']
[6.412s] Level 1:colcon.colcon_core.package_identification:_identify(src) by extension 'python_setup_py'
[6.413s] Level 1:colcon.colcon_core.package_identification:_identify(src/motor) by extensions ['ignore', 'ignore_ament_install']
[6.413s] Level 1:colcon.colcon_core.package_identification:_identify(src/motor) by extension 'ignore'
[6.413s] Level 1:colcon.colcon_core.package_identification:_identify(src/motor) by extension 'ignore_ament_install'
[6.413s] Level 1:colcon.colcon_core.package_identification:_identify(src/motor) by extensions ['colcon_pkg']
[6.414s] Level 1:colcon.colcon_core.package_identification:_identify(src/motor) by extension 'colcon_pkg'
[6.414s] Level 1:colcon.colcon_core.package_identification:_identify(src/motor) by extensions ['colcon_meta']
[6.414s] Level 1:colcon.colcon_core.package_identification:_identify(src/motor) by extension 'colcon_meta'
[6.414s] Level 1:colcon.colcon_core.package_identification:_identify(src/motor) by extensions ['ros']
[6.414s] Level 1:colcon.colcon_core.package_identification:_identify(src/motor) by extension 'ros'
[6.426s] DEBUG:colcon.colcon_core.package_identification:Package 'src/motor' with type 'ros.ament_python' and name 'motor'
[6.427s] Level 1:colcon.colcon_core.package_identification:_identify(src/sensors) by extensions ['ignore', 'ignore_ament_install']
[6.428s] Level 1:colcon.colcon_core.package_identification:_identify(src/sensors) by extension 'ignore'
[6.428s] Level 1:colcon.colcon_core.package_identification:_identify(src/sensors) by extension 'ignore_ament_install'
[6.428s] Level 1:colcon.colcon_core.package_identification:_identify(src/sensors) by extensions ['colcon_pkg']
[6.428s] Level 1:colcon.colcon_core.package_identification:_identify(src/sensors) by extension 'colcon_pkg'
[6.429s] Level 1:colcon.colcon_core.package_identification:_identify(src/sensors) by extensions ['colcon_meta']
[6.429s] Level 1:colcon.colcon_core.package_identification:_identify(src/sensors) by extension 'colcon_meta'
[6.429s] Level 1:colcon.colcon_core.package_identification:_identify(src/sensors) by extensions ['ros']
[6.429s] Level 1:colcon.colcon_core.package_identification:_identify(src/sensors) by extension 'ros'
[6.432s] DEBUG:colcon.colcon_core.package_identification:Package 'src/sensors' with type 'ros.ament_python' and name 'sensors'
[6.432s] Level 1:colcon.colcon_core.package_discovery:discover_packages(recursive) using defaults
[6.432s] Level 1:colcon.colcon_core.package_discovery:discover_packages(ignore) discover
[6.432s] Level 1:colcon.colcon_core.package_discovery:discover_packages(ignore) using defaults
[6.432s] Level 1:colcon.colcon_core.package_discovery:discover_packages(path) discover
[6.433s] Level 1:colcon.colcon_core.package_discovery:discover_packages(path) using defaults
[7.179s] Level 1:colcon.colcon_core.package_discovery:discover_packages(prefix_path) check parameters
[7.179s] Level 1:colcon.colcon_core.package_discovery:discover_packages(prefix_path) discover
[7.339s] DEBUG:colcon.colcon_installed_package_information.package_discovery:Found 4 installed packages in /home/groupl/MarcWS/install
[7.420s] DEBUG:colcon.colcon_installed_package_information.package_discovery:Found 310 installed packages in /opt/ros/humble
[7.428s] Level 1:colcon.colcon_core.package_discovery:discover_packages(prefix_path) using defaults
[8.044s] Level 5:colcon.colcon_core.verb:set package 'motor' build argument 'cmake_args' from command line to 'None'
[8.044s] Level 5:colcon.colcon_core.verb:set package 'motor' build argument 'cmake_target' from command line to 'None'
[8.044s] Level 5:colcon.colcon_core.verb:set package 'motor' build argument 'cmake_target_skip_unavailable' from command line to 'False'
[8.044s] Level 5:colcon.colcon_core.verb:set package 'motor' build argument 'cmake_clean_cache' from command line to 'False'
[8.044s] Level 5:colcon.colcon_core.verb:set package 'motor' build argument 'cmake_clean_first' from command line to 'False'
[8.044s] Level 5:colcon.colcon_core.verb:set package 'motor' build argument 'cmake_force_configure' from command line to 'False'
[8.045s] Level 5:colcon.colcon_core.verb:set package 'motor' build argument 'ament_cmake_args' from command line to 'None'
[8.045s] Level 5:colcon.colcon_core.verb:set package 'motor' build argument 'catkin_cmake_args' from command line to 'None'
[8.045s] Level 5:colcon.colcon_core.verb:set package 'motor' build argument 'catkin_skip_building_tests' from command line to 'False'
[8.045s] DEBUG:colcon.colcon_core.verb:Building package 'motor' with the following arguments: {'ament_cmake_args': None, 'build_base': '/home/groupl/MarcWS/build/motor', 'catkin_cmake_args': None, 'catkin_skip_building_tests': False, 'cmake_args': None, 'cmake_clean_cache': False, 'cmake_clean_first': False, 'cmake_force_configure': False, 'cmake_target': None, 'cmake_target_skip_unavailable': False, 'install_base': '/home/groupl/MarcWS/install/motor', 'merge_install': False, 'path': '/home/groupl/MarcWS/src/motor', 'symlink_install': False, 'test_result_base': None}
[8.111s] Level 5:colcon.colcon_core.verb:set package 'sensors' build argument 'cmake_args' from command line to 'None'
[8.111s] Level 5:colcon.colcon_core.verb:set package 'sensors' build argument 'cmake_target' from command line to 'None'
[8.111s] Level 5:colcon.colcon_core.verb:set package 'sensors' build argument 'cmake_target_skip_unavailable' from command line to 'False'
[8.111s] Level 5:colcon.colcon_core.verb:set package 'sensors' build argument 'cmake_clean_cache' from command line to 'False'
[8.111s] Level 5:colcon.colcon_core.verb:set package 'sensors' build argument 'cmake_clean_first' from command line to 'False'
[8.112s] Level 5:colcon.colcon_core.verb:set package 'sensors' build argument 'cmake_force_configure' from command line to 'False'
[8.112s] Level 5:colcon.colcon_core.verb:set package 'sensors' build argument 'ament_cmake_args' from command line to 'None'
[8.112s] Level 5:colcon.colcon_core.verb:set package 'sensors' build argument 'catkin_cmake_args' from command line to 'None'
[8.112s] Level 5:colcon.colcon_core.verb:set package 'sensors' build argument 'catkin_skip_building_tests' from command line to 'False'
[8.112s] DEBUG:colcon.colcon_core.verb:Building package 'sensors' with the following arguments: {'ament_cmake_args': None, 'build_base': '/home/groupl/MarcWS/build/sensors', 'catkin_cmake_args': None, 'catkin_skip_building_tests': False, 'cmake_args': None, 'cmake_clean_cache': False, 'cmake_clean_first': False, 'cmake_force_configure': False, 'cmake_target': None, 'cmake_target_skip_unavailable': False, 'install_base': '/home/groupl/MarcWS/install/sensors', 'merge_install': False, 'path': '/home/groupl/MarcWS/src/sensors', 'symlink_install': False, 'test_result_base': None}
[8.177s] INFO:colcon.colcon_core.executor:Executing jobs using 'parallel' executor
[8.245s] DEBUG:colcon.colcon_parallel_executor.executor.parallel:run_until_complete
[8.246s] INFO:colcon.colcon_ros.task.ament_python.build:Building ROS package in '/home/groupl/MarcWS/src/motor' with build type 'ament_python'
[8.246s] Level 1:colcon.colcon_core.shell:create_environment_hook('motor', 'ament_prefix_path')
[8.354s] INFO:colcon.colcon_core.plugin_system:Skipping extension 'colcon_core.shell.bat': Not used on non-Windows systems
[8.355s] INFO:colcon.colcon_core.shell:Creating environment hook '/home/groupl/MarcWS/install/motor/share/motor/hook/ament_prefix_path.ps1'
[8.367s] INFO:colcon.colcon_core.shell:Creating environment descriptor '/home/groupl/MarcWS/install/motor/share/motor/hook/ament_prefix_path.dsv'
[8.371s] INFO:colcon.colcon_core.shell:Creating environment hook '/home/groupl/MarcWS/install/motor/share/motor/hook/ament_prefix_path.sh'
[8.461s] INFO:colcon.colcon_core.shell:Skip shell extension 'powershell' for command environment: Not usable outside of PowerShell
[8.462s] DEBUG:colcon.colcon_core.shell:Skip shell extension 'dsv' for command environment
[8.702s] INFO:colcon.colcon_ros.task.ament_python.build:Building ROS package in '/home/groupl/MarcWS/src/sensors' with build type 'ament_python'
[8.703s] Level 1:colcon.colcon_core.shell:create_environment_hook('sensors', 'ament_prefix_path')
[8.794s] INFO:colcon.colcon_core.shell:Creating environment hook '/home/groupl/MarcWS/install/sensors/share/sensors/hook/ament_prefix_path.ps1'
[8.797s] INFO:colcon.colcon_core.shell:Creating environment descriptor '/home/groupl/MarcWS/install/sensors/share/sensors/hook/ament_prefix_path.dsv'
[8.800s] INFO:colcon.colcon_core.shell:Creating environment hook '/home/groupl/MarcWS/install/sensors/share/sensors/hook/ament_prefix_path.sh'
[8.872s] INFO:colcon.colcon_core.shell:Skip shell extension 'powershell' for command environment: Not usable outside of PowerShell
[8.872s] DEBUG:colcon.colcon_core.shell:Skip shell extension 'dsv' for command environment
[10.789s] INFO:colcon.colcon_core.task.python.build:Building Python package in '/home/groupl/MarcWS/src/motor'
[10.861s] INFO:colcon.colcon_core.shell:Skip shell extension 'powershell' for command environment: Not usable outside of PowerShell
[10.862s] DEBUG:colcon.colcon_core.shell:Skip shell extension 'dsv' for command environment
[12.343s] INFO:colcon.colcon_core.task.python.build:Building Python package in '/home/groupl/MarcWS/src/sensors'
[12.414s] INFO:colcon.colcon_core.shell:Skip shell extension 'powershell' for command environment: Not usable outside of PowerShell
[12.415s] DEBUG:colcon.colcon_core.shell:Skip shell extension 'dsv' for command environment
[15.772s] DEBUG:colcon.colcon_core.event_handler.log_command:Invoking command in '/home/groupl/MarcWS/src/motor': PYTHONPATH=/home/groupl/MarcWS/build/motor/prefix_override:/home/groupl/MarcWS/install/motor/lib/python3.10/site-packages:${PYTHONPATH} /usr/bin/python3 setup.py egg_info --egg-base ../../build/motor build --build-base /home/groupl/MarcWS/build/motor/build install --record /home/groupl/MarcWS/build/motor/install.log --single-version-externally-managed
[15.808s] DEBUG:colcon.colcon_core.event_handler.log_command:Invoking command in '/home/groupl/MarcWS/src/sensors': PYTHONPATH=/home/groupl/MarcWS/build/sensors/prefix_override:/home/groupl/MarcWS/install/sensors/lib/python3.10/site-packages:${PYTHONPATH} /usr/bin/python3 setup.py egg_info --egg-base ../../build/sensors build --build-base /home/groupl/MarcWS/build/sensors/build install --record /home/groupl/MarcWS/build/sensors/install.log --single-version-externally-managed
[17.587s] DEBUG:colcon.colcon_core.event_handler.log_command:Invoked command in '/home/groupl/MarcWS/src/motor' returned '0': PYTHONPATH=/home/groupl/MarcWS/build/motor/prefix_override:/home/groupl/MarcWS/install/motor/lib/python3.10/site-packages:${PYTHONPATH} /usr/bin/python3 setup.py egg_info --egg-base ../../build/motor build --build-base /home/groupl/MarcWS/build/motor/build install --record /home/groupl/MarcWS/build/motor/install.log --single-version-externally-managed
[17.693s] Level 1:colcon.colcon_core.environment:checking '/home/groupl/MarcWS/install/motor' for CMake module files
[17.697s] Level 1:colcon.colcon_core.environment:checking '/home/groupl/MarcWS/install/motor' for CMake config files
[17.702s] Level 1:colcon.colcon_core.shell:create_environment_hook('motor', 'cmake_prefix_path')
[17.776s] INFO:colcon.colcon_core.shell:Creating environment hook '/home/groupl/MarcWS/install/motor/share/motor/hook/cmake_prefix_path.ps1'
[17.778s] INFO:colcon.colcon_core.shell:Creating environment descriptor '/home/groupl/MarcWS/install/motor/share/motor/hook/cmake_prefix_path.dsv'
[17.780s] INFO:colcon.colcon_core.shell:Creating environment hook '/home/groupl/MarcWS/install/motor/share/motor/hook/cmake_prefix_path.sh'
[17.783s] Level 1:colcon.colcon_core.environment:checking '/home/groupl/MarcWS/install/motor/lib'
[17.784s] Level 1:colcon.colcon_core.environment:checking '/home/groupl/MarcWS/install/motor/bin'
[17.784s] Level 1:colcon.colcon_core.environment:checking '/home/groupl/MarcWS/install/motor/lib/pkgconfig/motor.pc'
[17.785s] Level 1:colcon.colcon_core.environment:checking '/home/groupl/MarcWS/install/motor/lib/python3.10/site-packages'
[17.786s] Level 1:colcon.colcon_core.shell:create_environment_hook('motor', 'pythonpath')
[17.852s] INFO:colcon.colcon_core.shell:Creating environment hook '/home/groupl/MarcWS/install/motor/share/motor/hook/pythonpath.ps1'
[17.854s] INFO:colcon.colcon_core.shell:Creating environment descriptor '/home/groupl/MarcWS/install/motor/share/motor/hook/pythonpath.dsv'
[17.856s] INFO:colcon.colcon_core.shell:Creating environment hook '/home/groupl/MarcWS/install/motor/share/motor/hook/pythonpath.sh'
[17.858s] Level 1:colcon.colcon_core.environment:checking '/home/groupl/MarcWS/install/motor/bin'
[17.859s] Level 1:colcon.colcon_core.environment:create_environment_scripts_only(motor)
[17.928s] INFO:colcon.colcon_core.shell:Creating package script '/home/groupl/MarcWS/install/motor/share/motor/package.ps1'
[17.933s] INFO:colcon.colcon_core.shell:Creating package descriptor '/home/groupl/MarcWS/install/motor/share/motor/package.dsv'
[17.936s] INFO:colcon.colcon_core.shell:Creating package script '/home/groupl/MarcWS/install/motor/share/motor/package.sh'
[17.940s] INFO:colcon.colcon_core.shell:Creating package script '/home/groupl/MarcWS/install/motor/share/motor/package.bash'
[17.944s] INFO:colcon.colcon_core.shell:Creating package script '/home/groupl/MarcWS/install/motor/share/motor/package.zsh'
[17.949s] Level 1:colcon.colcon_core.environment:create_file_with_runtime_dependencies(/home/groupl/MarcWS/install/motor/share/colcon-core/packages/motor)
[17.956s] DEBUG:colcon.colcon_core.event_handler.log_command:Invoked command in '/home/groupl/MarcWS/src/sensors' returned '0': PYTHONPATH=/home/groupl/MarcWS/build/sensors/prefix_override:/home/groupl/MarcWS/install/sensors/lib/python3.10/site-packages:${PYTHONPATH} /usr/bin/python3 setup.py egg_info --egg-base ../../build/sensors build --build-base /home/groupl/MarcWS/build/sensors/build install --record /home/groupl/MarcWS/build/sensors/install.log --single-version-externally-managed
[18.032s] Level 1:colcon.colcon_core.environment:checking '/home/groupl/MarcWS/install/sensors' for CMake module files
[18.035s] Level 1:colcon.colcon_core.environment:checking '/home/groupl/MarcWS/install/sensors' for CMake config files
[18.039s] Level 1:colcon.colcon_core.environment:checking '/home/groupl/MarcWS/install/sensors/lib'
[18.039s] Level 1:colcon.colcon_core.environment:checking '/home/groupl/MarcWS/install/sensors/bin'
[18.040s] Level 1:colcon.colcon_core.environment:checking '/home/groupl/MarcWS/install/sensors/lib/pkgconfig/sensors.pc'
[18.041s] Level 1:colcon.colcon_core.environment:checking '/home/groupl/MarcWS/install/sensors/lib/python3.10/site-packages'
[18.041s] Level 1:colcon.colcon_core.shell:create_environment_hook('sensors', 'pythonpath')
[18.131s] INFO:colcon.colcon_core.shell:Creating environment hook '/home/groupl/MarcWS/install/sensors/share/sensors/hook/pythonpath.ps1'
[18.133s] INFO:colcon.colcon_core.shell:Creating environment descriptor '/home/groupl/MarcWS/install/sensors/share/sensors/hook/pythonpath.dsv'
[18.135s] INFO:colcon.colcon_core.shell:Creating environment hook '/home/groupl/MarcWS/install/sensors/share/sensors/hook/pythonpath.sh'
[18.137s] Level 1:colcon.colcon_core.environment:checking '/home/groupl/MarcWS/install/sensors/bin'
[18.138s] Level 1:colcon.colcon_core.environment:create_environment_scripts_only(sensors)
[18.211s] INFO:colcon.colcon_core.shell:Creating package script '/home/groupl/MarcWS/install/sensors/share/sensors/package.ps1'
[18.214s] INFO:colcon.colcon_core.shell:Creating package descriptor '/home/groupl/MarcWS/install/sensors/share/sensors/package.dsv'
[18.216s] INFO:colcon.colcon_core.shell:Creating package script '/home/groupl/MarcWS/install/sensors/share/sensors/package.sh'
[18.218s] INFO:colcon.colcon_core.shell:Creating package script '/home/groupl/MarcWS/install/sensors/share/sensors/package.bash'
[18.219s] INFO:colcon.colcon_core.shell:Creating package script '/home/groupl/MarcWS/install/sensors/share/sensors/package.zsh'
[18.221s] Level 1:colcon.colcon_core.environment:create_file_with_runtime_dependencies(/home/groupl/MarcWS/install/sensors/share/colcon-core/packages/sensors)
[18.222s] DEBUG:colcon.colcon_parallel_executor.executor.parallel:closing loop
[18.223s] DEBUG:colcon.colcon_parallel_executor.executor.parallel:loop closed
[18.223s] DEBUG:colcon.colcon_parallel_executor.executor.parallel:run_until_complete finished with '0'
[18.224s] DEBUG:colcon.colcon_core.event_reactor:joining thread
[18.420s] INFO:colcon.colcon_core.plugin_system:Skipping extension 'colcon_notification.desktop_notification.terminal_notifier': Not used on non-Darwin systems
[18.420s] INFO:colcon.colcon_core.plugin_system:Skipping extension 'colcon_notification.desktop_notification.win32': Not used on non-Windows systems
[18.420s] INFO:colcon.colcon_notification.desktop_notification:Sending desktop notification using 'notify2'
[18.904s] DEBUG:colcon.colcon_core.event_reactor:joined thread
[19.001s] INFO:colcon.colcon_core.shell:Creating prefix script '/home/groupl/MarcWS/install/local_setup.ps1'
[19.006s] INFO:colcon.colcon_core.shell:Creating prefix util module '/home/groupl/MarcWS/install/_local_setup_util_ps1.py'
[19.014s] INFO:colcon.colcon_core.shell:Creating prefix chain script '/home/groupl/MarcWS/install/setup.ps1'
[19.127s] INFO:colcon.colcon_core.shell:Creating prefix script '/home/groupl/MarcWS/install/local_setup.sh'
[19.132s] INFO:colcon.colcon_core.shell:Creating prefix util module '/home/groupl/MarcWS/install/_local_setup_util_sh.py'
[19.135s] INFO:colcon.colcon_core.shell:Creating prefix chain script '/home/groupl/MarcWS/install/setup.sh'
[19.216s] INFO:colcon.colcon_core.shell:Creating prefix script '/home/groupl/MarcWS/install/local_setup.bash'
[19.219s] INFO:colcon.colcon_core.shell:Creating prefix chain script '/home/groupl/MarcWS/install/setup.bash'
[19.290s] INFO:colcon.colcon_core.shell:Creating prefix script '/home/groupl/MarcWS/install/local_setup.zsh'
[19.293s] INFO:colcon.colcon_core.shell:Creating prefix chain script '/home/groupl/MarcWS/install/setup.zsh'
