[2.971s] Invoking command in '/home/groupl/MarcWS/src/sensors': PYTHONPATH=/home/groupl/MarcWS/build/sensors/prefix_override:/home/groupl/MarcWS/install/sensors/lib/python3.10/site-packages: /usr/bin/python3 setup.py egg_info --egg-base ../../build/sensors build --build-base /home/groupl/MarcWS/build/sensors/build install --record /home/groupl/MarcWS/build/sensors/install.log --single-version-externally-managed
[3.808s] running egg_info
[3.810s] writing ../../build/sensors/sensors.egg-info/PKG-INFO
[3.815s] writing dependency_links to ../../build/sensors/sensors.egg-info/dependency_links.txt
[3.816s] writing entry points to ../../build/sensors/sensors.egg-info/entry_points.txt
[3.817s] writing requirements to ../../build/sensors/sensors.egg-info/requires.txt
[3.817s] writing top-level names to ../../build/sensors/sensors.egg-info/top_level.txt
[3.825s] reading manifest file '../../build/sensors/sensors.egg-info/SOURCES.txt'
[3.829s] writing manifest file '../../build/sensors/sensors.egg-info/SOURCES.txt'
[3.830s] running build
[3.830s] running build_py
[3.832s] copying sensors/serialread.py -> /home/groupl/MarcWS/build/sensors/build/lib/sensors
[3.834s] running install
[3.835s] /usr/lib/python3/dist-packages/setuptools/command/install.py:34: SetuptoolsDeprecationWarning: setup.py install is deprecated. Use build and pip and other standards-based tools.
[3.836s]   warnings.warn(
[3.837s] running install_lib
[3.840s] copying /home/groupl/MarcWS/build/sensors/build/lib/sensors/serialread.py -> /home/groupl/MarcWS/install/sensors/lib/python3.10/site-packages/sensors
[3.844s] byte-compiling /home/groupl/MarcWS/install/sensors/lib/python3.10/site-packages/sensors/serialread.py to serialread.cpython-310.pyc
[3.846s] running install_data
[3.850s] running install_egg_info
[3.858s] removing '/home/groupl/MarcWS/install/sensors/lib/python3.10/site-packages/sensors-0.0.0-py3.10.egg-info' (and everything under it)
[3.861s] Copying ../../build/sensors/sensors.egg-info to /home/groupl/MarcWS/install/sensors/lib/python3.10/site-packages/sensors-0.0.0-py3.10.egg-info
[3.867s] running install_scripts
[3.944s] Installing serialread script to /home/groupl/MarcWS/install/sensors/lib/sensors
[3.951s] writing list of installed files to '/home/groupl/MarcWS/build/sensors/install.log'
[4.071s] Invoked command in '/home/groupl/MarcWS/src/sensors' returned '0': PYTHONPATH=/home/groupl/MarcWS/build/sensors/prefix_override:/home/groupl/MarcWS/install/sensors/lib/python3.10/site-packages: /usr/bin/python3 setup.py egg_info --egg-base ../../build/sensors build --build-base /home/groupl/MarcWS/build/sensors/build install --record /home/groupl/MarcWS/build/sensors/install.log --single-version-externally-managed
