[5.894s] DEBUG:colcon:Command line arguments: ['/usr/bin/colcon', 'build']
[5.895s] DEBUG:colcon:Parsed command line arguments: Namespace(log_base=None, log_level=None, verb_name='build', build_base='build', install_base='install', merge_install=False, symlink_install=False, test_result_base=None, continue_on_error=False, executor='parallel', parallel_workers=4, event_handlers=None, ignore_user_meta=False, metas=['./colcon.meta'], base_paths=['.'], packages_ignore=None, packages_ignore_regex=None, paths=None, packages_up_to=None, packages_up_to_regex=None, packages_above=None, packages_above_and_dependencies=None, packages_above_depth=None, packages_select_by_dep=None, packages_skip_by_dep=None, packages_skip_up_to=None, packages_select_build_failed=False, packages_skip_build_finished=False, packages_select_test_failures=False, packages_skip_test_passed=False, packages_select=None, packages_skip=None, packages_select_regex=None, packages_skip_regex=None, packages_start=None, packages_end=None, allow_overriding=[], cmake_args=None, cmake_target=None, cmake_target_skip_unavailable=False, cmake_clean_cache=False, cmake_clean_first=False, cmake_force_configure=False, ament_cmake_args=None, catkin_cmake_args=None, catkin_skip_building_tests=False, verb_parser=<colcon_defaults.argument_parser.defaults.DefaultArgumentsDecorator object at 0xffff86411240>, verb_extension=<colcon_core.verb.build.BuildVerb object at 0xffff86410100>, main=<bound method BuildVerb.main of <colcon_core.verb.build.BuildVerb object at 0xffff86410100>>)
[6.214s] Level 1:colcon.colcon_core.package_discovery:discover_packages(colcon_meta) check parameters
[6.215s] Level 1:colcon.colcon_core.package_discovery:discover_packages(recursive) check parameters
[6.215s] Level 1:colcon.colcon_core.package_discovery:discover_packages(ignore) check parameters
[6.215s] Level 1:colcon.colcon_core.package_discovery:discover_packages(path) check parameters
[6.215s] Level 1:colcon.colcon_core.package_discovery:discover_packages(colcon_meta) discover
[6.216s] Level 1:colcon.colcon_core.package_discovery:discover_packages(recursive) discover
[6.216s] INFO:colcon.colcon_core.package_discovery:Crawling recursively for packages in '/home/groupl/MarcWS'
[6.216s] Level 1:colcon.colcon_core.package_identification:_identify(.) by extensions ['ignore', 'ignore_ament_install']
[6.217s] Level 1:colcon.colcon_core.package_identification:_identify(.) by extension 'ignore'
[6.217s] Level 1:colcon.colcon_core.package_identification:_identify(.) by extension 'ignore_ament_install'
[6.217s] Level 1:colcon.colcon_core.package_identification:_identify(.) by extensions ['colcon_pkg']
[6.217s] Level 1:colcon.colcon_core.package_identification:_identify(.) by extension 'colcon_pkg'
[6.218s] Level 1:colcon.colcon_core.package_identification:_identify(.) by extensions ['colcon_meta']
[6.218s] Level 1:colcon.colcon_core.package_identification:_identify(.) by extension 'colcon_meta'
[6.218s] Level 1:colcon.colcon_core.package_identification:_identify(.) by extensions ['ros']
[6.218s] Level 1:colcon.colcon_core.package_identification:_identify(.) by extension 'ros'
[6.295s] Level 1:colcon.colcon_core.package_identification:_identify(.) by extensions ['cmake', 'python']
[6.296s] Level 1:colcon.colcon_core.package_identification:_identify(.) by extension 'cmake'
[6.296s] Level 1:colcon.colcon_core.package_identification:_identify(.) by extension 'python'
[6.296s] Level 1:colcon.colcon_core.package_identification:_identify(.) by extensions ['python_setup_py']
[6.296s] Level 1:colcon.colcon_core.package_identification:_identify(.) by extension 'python_setup_py'
[6.297s] Level 1:colcon.colcon_core.package_identification:_identify(build) by extensions ['ignore', 'ignore_ament_install']
[6.297s] Level 1:colcon.colcon_core.package_identification:_identify(build) by extension 'ignore'
[6.297s] Level 1:colcon.colcon_core.package_identification:_identify(build) ignored
[6.298s] Level 1:colcon.colcon_core.package_identification:_identify(install) by extensions ['ignore', 'ignore_ament_install']
[6.298s] Level 1:colcon.colcon_core.package_identification:_identify(install) by extension 'ignore'
[6.298s] Level 1:colcon.colcon_core.package_identification:_identify(install) ignored
[6.299s] Level 1:colcon.colcon_core.package_identification:_identify(log) by extensions ['ignore', 'ignore_ament_install']
[6.300s] Level 1:colcon.colcon_core.package_identification:_identify(log) by extension 'ignore'
[6.300s] Level 1:colcon.colcon_core.package_identification:_identify(log) ignored
[6.301s] Level 1:colcon.colcon_core.package_identification:_identify(src) by extensions ['ignore', 'ignore_ament_install']
[6.302s] Level 1:colcon.colcon_core.package_identification:_identify(src) by extension 'ignore'
[6.302s] Level 1:colcon.colcon_core.package_identification:_identify(src) by extension 'ignore_ament_install'
[6.302s] Level 1:colcon.colcon_core.package_identification:_identify(src) by extensions ['colcon_pkg']
[6.302s] Level 1:colcon.colcon_core.package_identification:_identify(src) by extension 'colcon_pkg'
[6.302s] Level 1:colcon.colcon_core.package_identification:_identify(src) by extensions ['colcon_meta']
[6.302s] Level 1:colcon.colcon_core.package_identification:_identify(src) by extension 'colcon_meta'
[6.303s] Level 1:colcon.colcon_core.package_identification:_identify(src) by extensions ['ros']
[6.303s] Level 1:colcon.colcon_core.package_identification:_identify(src) by extension 'ros'
[6.303s] Level 1:colcon.colcon_core.package_identification:_identify(src) by extensions ['cmake', 'python']
[6.303s] Level 1:colcon.colcon_core.package_identification:_identify(src) by extension 'cmake'
[6.303s] Level 1:colcon.colcon_core.package_identification:_identify(src) by extension 'python'
[6.304s] Level 1:colcon.colcon_core.package_identification:_identify(src) by extensions ['python_setup_py']
[6.304s] Level 1:colcon.colcon_core.package_identification:_identify(src) by extension 'python_setup_py'
[6.308s] Level 1:colcon.colcon_core.package_identification:_identify(src/motor) by extensions ['ignore', 'ignore_ament_install']
[6.309s] Level 1:colcon.colcon_core.package_identification:_identify(src/motor) by extension 'ignore'
[6.309s] Level 1:colcon.colcon_core.package_identification:_identify(src/motor) by extension 'ignore_ament_install'
[6.309s] Level 1:colcon.colcon_core.package_identification:_identify(src/motor) by extensions ['colcon_pkg']
[6.310s] Level 1:colcon.colcon_core.package_identification:_identify(src/motor) by extension 'colcon_pkg'
[6.310s] Level 1:colcon.colcon_core.package_identification:_identify(src/motor) by extensions ['colcon_meta']
[6.310s] Level 1:colcon.colcon_core.package_identification:_identify(src/motor) by extension 'colcon_meta'
[6.310s] Level 1:colcon.colcon_core.package_identification:_identify(src/motor) by extensions ['ros']
[6.310s] Level 1:colcon.colcon_core.package_identification:_identify(src/motor) by extension 'ros'
[6.326s] DEBUG:colcon.colcon_core.package_identification:Package 'src/motor' with type 'ros.ament_python' and name 'motor'
[6.327s] Level 1:colcon.colcon_core.package_identification:_identify(src/sensors) by extensions ['ignore', 'ignore_ament_install']
[6.328s] Level 1:colcon.colcon_core.package_identification:_identify(src/sensors) by extension 'ignore'
[6.328s] Level 1:colcon.colcon_core.package_identification:_identify(src/sensors) by extension 'ignore_ament_install'
[6.329s] Level 1:colcon.colcon_core.package_identification:_identify(src/sensors) by extensions ['colcon_pkg']
[6.329s] Level 1:colcon.colcon_core.package_identification:_identify(src/sensors) by extension 'colcon_pkg'
[6.329s] Level 1:colcon.colcon_core.package_identification:_identify(src/sensors) by extensions ['colcon_meta']
[6.329s] Level 1:colcon.colcon_core.package_identification:_identify(src/sensors) by extension 'colcon_meta'
[6.329s] Level 1:colcon.colcon_core.package_identification:_identify(src/sensors) by extensions ['ros']
[6.329s] Level 1:colcon.colcon_core.package_identification:_identify(src/sensors) by extension 'ros'
[6.332s] DEBUG:colcon.colcon_core.package_identification:Package 'src/sensors' with type 'ros.ament_python' and name 'sensors'
[6.332s] Level 1:colcon.colcon_core.package_discovery:discover_packages(recursive) using defaults
[6.333s] Level 1:colcon.colcon_core.package_discovery:discover_packages(ignore) discover
[6.333s] Level 1:colcon.colcon_core.package_discovery:discover_packages(ignore) using defaults
[6.333s] Level 1:colcon.colcon_core.package_discovery:discover_packages(path) discover
[6.333s] Level 1:colcon.colcon_core.package_discovery:discover_packages(path) using defaults
[6.803s] Level 1:colcon.colcon_core.package_discovery:discover_packages(prefix_path) check parameters
[6.803s] Level 1:colcon.colcon_core.package_discovery:discover_packages(prefix_path) discover
[6.957s] DEBUG:colcon.colcon_installed_package_information.package_discovery:Found 310 installed packages in /opt/ros/humble
[6.964s] Level 1:colcon.colcon_core.package_discovery:discover_packages(prefix_path) using defaults
[7.559s] Level 5:colcon.colcon_core.verb:set package 'motor' build argument 'cmake_args' from command line to 'None'
[7.559s] Level 5:colcon.colcon_core.verb:set package 'motor' build argument 'cmake_target' from command line to 'None'
[7.559s] Level 5:colcon.colcon_core.verb:set package 'motor' build argument 'cmake_target_skip_unavailable' from command line to 'False'
[7.559s] Level 5:colcon.colcon_core.verb:set package 'motor' build argument 'cmake_clean_cache' from command line to 'False'
[7.560s] Level 5:colcon.colcon_core.verb:set package 'motor' build argument 'cmake_clean_first' from command line to 'False'
[7.560s] Level 5:colcon.colcon_core.verb:set package 'motor' build argument 'cmake_force_configure' from command line to 'False'
[7.560s] Level 5:colcon.colcon_core.verb:set package 'motor' build argument 'ament_cmake_args' from command line to 'None'
[7.560s] Level 5:colcon.colcon_core.verb:set package 'motor' build argument 'catkin_cmake_args' from command line to 'None'
[7.560s] Level 5:colcon.colcon_core.verb:set package 'motor' build argument 'catkin_skip_building_tests' from command line to 'False'
[7.560s] DEBUG:colcon.colcon_core.verb:Building package 'motor' with the following arguments: {'ament_cmake_args': None, 'build_base': '/home/groupl/MarcWS/build/motor', 'catkin_cmake_args': None, 'catkin_skip_building_tests': False, 'cmake_args': None, 'cmake_clean_cache': False, 'cmake_clean_first': False, 'cmake_force_configure': False, 'cmake_target': None, 'cmake_target_skip_unavailable': False, 'install_base': '/home/groupl/MarcWS/install/motor', 'merge_install': False, 'path': '/home/groupl/MarcWS/src/motor', 'symlink_install': False, 'test_result_base': None}
[7.625s] Level 5:colcon.colcon_core.verb:set package 'sensors' build argument 'cmake_args' from command line to 'None'
[7.626s] Level 5:colcon.colcon_core.verb:set package 'sensors' build argument 'cmake_target' from command line to 'None'
[7.626s] Level 5:colcon.colcon_core.verb:set package 'sensors' build argument 'cmake_target_skip_unavailable' from command line to 'False'
[7.626s] Level 5:colcon.colcon_core.verb:set package 'sensors' build argument 'cmake_clean_cache' from command line to 'False'
[7.626s] Level 5:colcon.colcon_core.verb:set package 'sensors' build argument 'cmake_clean_first' from command line to 'False'
[7.626s] Level 5:colcon.colcon_core.verb:set package 'sensors' build argument 'cmake_force_configure' from command line to 'False'
[7.626s] Level 5:colcon.colcon_core.verb:set package 'sensors' build argument 'ament_cmake_args' from command line to 'None'
[7.626s] Level 5:colcon.colcon_core.verb:set package 'sensors' build argument 'catkin_cmake_args' from command line to 'None'
[7.626s] Level 5:colcon.colcon_core.verb:set package 'sensors' build argument 'catkin_skip_building_tests' from command line to 'False'
[7.626s] DEBUG:colcon.colcon_core.verb:Building package 'sensors' with the following arguments: {'ament_cmake_args': None, 'build_base': '/home/groupl/MarcWS/build/sensors', 'catkin_cmake_args': None, 'catkin_skip_building_tests': False, 'cmake_args': None, 'cmake_clean_cache': False, 'cmake_clean_first': False, 'cmake_force_configure': False, 'cmake_target': None, 'cmake_target_skip_unavailable': False, 'install_base': '/home/groupl/MarcWS/install/sensors', 'merge_install': False, 'path': '/home/groupl/MarcWS/src/sensors', 'symlink_install': False, 'test_result_base': None}
[7.691s] INFO:colcon.colcon_core.executor:Executing jobs using 'parallel' executor
[7.757s] DEBUG:colcon.colcon_parallel_executor.executor.parallel:run_until_complete
[7.758s] INFO:colcon.colcon_ros.task.ament_python.build:Building ROS package in '/home/groupl/MarcWS/src/motor' with build type 'ament_python'
[7.759s] Level 1:colcon.colcon_core.shell:create_environment_hook('motor', 'ament_prefix_path')
[7.864s] INFO:colcon.colcon_core.plugin_system:Skipping extension 'colcon_core.shell.bat': Not used on non-Windows systems
[7.865s] INFO:colcon.colcon_core.shell:Creating environment hook '/home/groupl/MarcWS/install/motor/share/motor/hook/ament_prefix_path.ps1'
[7.892s] INFO:colcon.colcon_core.shell:Creating environment descriptor '/home/groupl/MarcWS/install/motor/share/motor/hook/ament_prefix_path.dsv'
[7.903s] INFO:colcon.colcon_core.shell:Creating environment hook '/home/groupl/MarcWS/install/motor/share/motor/hook/ament_prefix_path.sh'
[8.057s] INFO:colcon.colcon_core.shell:Skip shell extension 'powershell' for command environment: Not usable outside of PowerShell
[8.058s] DEBUG:colcon.colcon_core.shell:Skip shell extension 'dsv' for command environment
[8.276s] INFO:colcon.colcon_ros.task.ament_python.build:Building ROS package in '/home/groupl/MarcWS/src/sensors' with build type 'ament_python'
[8.277s] Level 1:colcon.colcon_core.shell:create_environment_hook('sensors', 'ament_prefix_path')
[8.362s] INFO:colcon.colcon_core.shell:Creating environment hook '/home/groupl/MarcWS/install/sensors/share/sensors/hook/ament_prefix_path.ps1'
[8.367s] INFO:colcon.colcon_core.shell:Creating environment descriptor '/home/groupl/MarcWS/install/sensors/share/sensors/hook/ament_prefix_path.dsv'
[8.373s] INFO:colcon.colcon_core.shell:Creating environment hook '/home/groupl/MarcWS/install/sensors/share/sensors/hook/ament_prefix_path.sh'
[8.473s] INFO:colcon.colcon_core.shell:Skip shell extension 'powershell' for command environment: Not usable outside of PowerShell
[8.473s] DEBUG:colcon.colcon_core.shell:Skip shell extension 'dsv' for command environment
[10.175s] INFO:colcon.colcon_core.task.python.build:Building Python package in '/home/groupl/MarcWS/src/motor'
[10.247s] INFO:colcon.colcon_core.shell:Skip shell extension 'powershell' for command environment: Not usable outside of PowerShell
[10.247s] DEBUG:colcon.colcon_core.shell:Skip shell extension 'dsv' for command environment
[11.611s] INFO:colcon.colcon_core.task.python.build:Building Python package in '/home/groupl/MarcWS/src/sensors'
[11.684s] INFO:colcon.colcon_core.shell:Skip shell extension 'powershell' for command environment: Not usable outside of PowerShell
[11.684s] DEBUG:colcon.colcon_core.shell:Skip shell extension 'dsv' for command environment
[14.872s] DEBUG:colcon.colcon_core.event_handler.log_command:Invoking command in '/home/groupl/MarcWS/src/sensors': PYTHONPATH=/home/groupl/MarcWS/build/sensors/prefix_override:/home/groupl/MarcWS/install/sensors/lib/python3.10/site-packages:${PYTHONPATH} /usr/bin/python3 setup.py egg_info --egg-base ../../build/sensors build --build-base /home/groupl/MarcWS/build/sensors/build install --record /home/groupl/MarcWS/build/sensors/install.log --single-version-externally-managed
[14.907s] DEBUG:colcon.colcon_core.event_handler.log_command:Invoking command in '/home/groupl/MarcWS/src/motor': PYTHONPATH=/home/groupl/MarcWS/build/motor/prefix_override:/home/groupl/MarcWS/install/motor/lib/python3.10/site-packages:${PYTHONPATH} /usr/bin/python3 setup.py egg_info --egg-base ../../build/motor build --build-base /home/groupl/MarcWS/build/motor/build install --record /home/groupl/MarcWS/build/motor/install.log --single-version-externally-managed
[17.164s] DEBUG:colcon.colcon_core.event_handler.log_command:Invoked command in '/home/groupl/MarcWS/src/motor' returned '0': PYTHONPATH=/home/groupl/MarcWS/build/motor/prefix_override:/home/groupl/MarcWS/install/motor/lib/python3.10/site-packages:${PYTHONPATH} /usr/bin/python3 setup.py egg_info --egg-base ../../build/motor build --build-base /home/groupl/MarcWS/build/motor/build install --record /home/groupl/MarcWS/build/motor/install.log --single-version-externally-managed
[17.278s] Level 1:colcon.colcon_core.environment:checking '/home/groupl/MarcWS/install/motor' for CMake module files
[17.283s] Level 1:colcon.colcon_core.environment:checking '/home/groupl/MarcWS/install/motor' for CMake config files
[17.288s] Level 1:colcon.colcon_core.shell:create_environment_hook('motor', 'cmake_prefix_path')
[17.354s] INFO:colcon.colcon_core.shell:Creating environment hook '/home/groupl/MarcWS/install/motor/share/motor/hook/cmake_prefix_path.ps1'
[17.357s] INFO:colcon.colcon_core.shell:Creating environment descriptor '/home/groupl/MarcWS/install/motor/share/motor/hook/cmake_prefix_path.dsv'
[17.360s] INFO:colcon.colcon_core.shell:Creating environment hook '/home/groupl/MarcWS/install/motor/share/motor/hook/cmake_prefix_path.sh'
[17.367s] Level 1:colcon.colcon_core.environment:checking '/home/groupl/MarcWS/install/motor/lib'
[17.368s] Level 1:colcon.colcon_core.environment:checking '/home/groupl/MarcWS/install/motor/bin'
[17.368s] Level 1:colcon.colcon_core.environment:checking '/home/groupl/MarcWS/install/motor/lib/pkgconfig/motor.pc'
[17.370s] Level 1:colcon.colcon_core.environment:checking '/home/groupl/MarcWS/install/motor/lib/python3.10/site-packages'
[17.370s] Level 1:colcon.colcon_core.shell:create_environment_hook('motor', 'pythonpath')
[17.440s] INFO:colcon.colcon_core.shell:Creating environment hook '/home/groupl/MarcWS/install/motor/share/motor/hook/pythonpath.ps1'
[17.442s] INFO:colcon.colcon_core.shell:Creating environment descriptor '/home/groupl/MarcWS/install/motor/share/motor/hook/pythonpath.dsv'
[17.443s] INFO:colcon.colcon_core.shell:Creating environment hook '/home/groupl/MarcWS/install/motor/share/motor/hook/pythonpath.sh'
[17.446s] Level 1:colcon.colcon_core.environment:checking '/home/groupl/MarcWS/install/motor/bin'
[17.447s] Level 1:colcon.colcon_core.environment:create_environment_scripts_only(motor)
[17.515s] INFO:colcon.colcon_core.shell:Creating package script '/home/groupl/MarcWS/install/motor/share/motor/package.ps1'
[17.520s] INFO:colcon.colcon_core.shell:Creating package descriptor '/home/groupl/MarcWS/install/motor/share/motor/package.dsv'
[17.523s] INFO:colcon.colcon_core.shell:Creating package script '/home/groupl/MarcWS/install/motor/share/motor/package.sh'
[17.527s] INFO:colcon.colcon_core.shell:Creating package script '/home/groupl/MarcWS/install/motor/share/motor/package.bash'
[17.532s] INFO:colcon.colcon_core.shell:Creating package script '/home/groupl/MarcWS/install/motor/share/motor/package.zsh'
[17.536s] Level 1:colcon.colcon_core.environment:create_file_with_runtime_dependencies(/home/groupl/MarcWS/install/motor/share/colcon-core/packages/motor)
[17.544s] DEBUG:colcon.colcon_core.event_handler.log_command:Invoked command in '/home/groupl/MarcWS/src/sensors' returned '0': PYTHONPATH=/home/groupl/MarcWS/build/sensors/prefix_override:/home/groupl/MarcWS/install/sensors/lib/python3.10/site-packages:${PYTHONPATH} /usr/bin/python3 setup.py egg_info --egg-base ../../build/sensors build --build-base /home/groupl/MarcWS/build/sensors/build install --record /home/groupl/MarcWS/build/sensors/install.log --single-version-externally-managed
[17.642s] Level 1:colcon.colcon_core.environment:checking '/home/groupl/MarcWS/install/sensors' for CMake module files
[17.645s] Level 1:colcon.colcon_core.environment:checking '/home/groupl/MarcWS/install/sensors' for CMake config files
[17.651s] Level 1:colcon.colcon_core.environment:checking '/home/groupl/MarcWS/install/sensors/lib'
[17.651s] Level 1:colcon.colcon_core.environment:checking '/home/groupl/MarcWS/install/sensors/bin'
[17.652s] Level 1:colcon.colcon_core.environment:checking '/home/groupl/MarcWS/install/sensors/lib/pkgconfig/sensors.pc'
[17.654s] Level 1:colcon.colcon_core.environment:checking '/home/groupl/MarcWS/install/sensors/lib/python3.10/site-packages'
[17.655s] Level 1:colcon.colcon_core.shell:create_environment_hook('sensors', 'pythonpath')
[17.729s] INFO:colcon.colcon_core.shell:Creating environment hook '/home/groupl/MarcWS/install/sensors/share/sensors/hook/pythonpath.ps1'
[17.731s] INFO:colcon.colcon_core.shell:Creating environment descriptor '/home/groupl/MarcWS/install/sensors/share/sensors/hook/pythonpath.dsv'
[17.733s] INFO:colcon.colcon_core.shell:Creating environment hook '/home/groupl/MarcWS/install/sensors/share/sensors/hook/pythonpath.sh'
[17.735s] Level 1:colcon.colcon_core.environment:checking '/home/groupl/MarcWS/install/sensors/bin'
[17.736s] Level 1:colcon.colcon_core.environment:create_environment_scripts_only(sensors)
[17.806s] INFO:colcon.colcon_core.shell:Creating package script '/home/groupl/MarcWS/install/sensors/share/sensors/package.ps1'
[17.808s] INFO:colcon.colcon_core.shell:Creating package descriptor '/home/groupl/MarcWS/install/sensors/share/sensors/package.dsv'
[17.810s] INFO:colcon.colcon_core.shell:Creating package script '/home/groupl/MarcWS/install/sensors/share/sensors/package.sh'
[17.812s] INFO:colcon.colcon_core.shell:Creating package script '/home/groupl/MarcWS/install/sensors/share/sensors/package.bash'
[17.814s] INFO:colcon.colcon_core.shell:Creating package script '/home/groupl/MarcWS/install/sensors/share/sensors/package.zsh'
[17.816s] Level 1:colcon.colcon_core.environment:create_file_with_runtime_dependencies(/home/groupl/MarcWS/install/sensors/share/colcon-core/packages/sensors)
[17.817s] DEBUG:colcon.colcon_parallel_executor.executor.parallel:closing loop
[17.818s] DEBUG:colcon.colcon_parallel_executor.executor.parallel:loop closed
[17.819s] DEBUG:colcon.colcon_parallel_executor.executor.parallel:run_until_complete finished with '0'
[17.819s] DEBUG:colcon.colcon_core.event_reactor:joining thread
[18.009s] INFO:colcon.colcon_core.plugin_system:Skipping extension 'colcon_notification.desktop_notification.terminal_notifier': Not used on non-Darwin systems
[18.010s] INFO:colcon.colcon_core.plugin_system:Skipping extension 'colcon_notification.desktop_notification.win32': Not used on non-Windows systems
[18.010s] INFO:colcon.colcon_notification.desktop_notification:Sending desktop notification using 'notify2'
[18.658s] DEBUG:colcon.colcon_core.event_reactor:joined thread
[18.759s] INFO:colcon.colcon_core.shell:Creating prefix script '/home/groupl/MarcWS/install/local_setup.ps1'
[18.765s] INFO:colcon.colcon_core.shell:Creating prefix util module '/home/groupl/MarcWS/install/_local_setup_util_ps1.py'
[18.773s] INFO:colcon.colcon_core.shell:Creating prefix chain script '/home/groupl/MarcWS/install/setup.ps1'
[18.869s] INFO:colcon.colcon_core.shell:Creating prefix script '/home/groupl/MarcWS/install/local_setup.sh'
[18.874s] INFO:colcon.colcon_core.shell:Creating prefix util module '/home/groupl/MarcWS/install/_local_setup_util_sh.py'
[18.877s] INFO:colcon.colcon_core.shell:Creating prefix chain script '/home/groupl/MarcWS/install/setup.sh'
[18.946s] INFO:colcon.colcon_core.shell:Creating prefix script '/home/groupl/MarcWS/install/local_setup.bash'
[18.949s] INFO:colcon.colcon_core.shell:Creating prefix chain script '/home/groupl/MarcWS/install/setup.bash'
[19.020s] INFO:colcon.colcon_core.shell:Creating prefix script '/home/groupl/MarcWS/install/local_setup.zsh'
[19.023s] INFO:colcon.colcon_core.shell:Creating prefix chain script '/home/groupl/MarcWS/install/setup.zsh'
