[6.718s] Invoking command in '/home/groupl/MarcWS/src/motor': PYTHONPATH=/home/groupl/MarcWS/build/motor/prefix_override:/home/groupl/MarcWS/install/motor/lib/python3.10/site-packages:${PYTHONPATH} /usr/bin/python3 setup.py egg_info --egg-base ../../build/motor build --build-base /home/groupl/MarcWS/build/motor/build install --record /home/groupl/MarcWS/build/motor/install.log --single-version-externally-managed
[8.045s] running egg_info
[8.047s] writing ../../build/motor/motor.egg-info/PKG-INFO
[8.055s] writing dependency_links to ../../build/motor/motor.egg-info/dependency_links.txt
[8.057s] writing entry points to ../../build/motor/motor.egg-info/entry_points.txt
[8.058s] writing requirements to ../../build/motor/motor.egg-info/requires.txt
[8.059s] writing top-level names to ../../build/motor/motor.egg-info/top_level.txt
[8.069s] reading manifest file '../../build/motor/motor.egg-info/SOURCES.txt'
[8.074s] writing manifest file '../../build/motor/motor.egg-info/SOURCES.txt'
[8.074s] running build
[8.074s] running build_py
[8.087s] copying motor/motorpwm.py -> /home/groupl/MarcWS/build/motor/build/lib/motor
[8.089s] running install
[8.090s] running install_lib
[8.095s] /usr/lib/python3/dist-packages/setuptools/command/install.py:34: SetuptoolsDeprecationWarning: setup.py install is deprecated. Use build and pip and other standards-based tools.
[8.096s]   warnings.warn(
[8.099s] copying /home/groupl/MarcWS/build/motor/build/lib/motor/motorpwm.py -> /home/groupl/MarcWS/install/motor/lib/python3.10/site-packages/motor
[8.109s] byte-compiling /home/groupl/MarcWS/install/motor/lib/python3.10/site-packages/motor/motorpwm.py to motorpwm.cpython-310.pyc
[8.121s] running install_data
[8.122s] running install_egg_info
[8.134s] removing '/home/groupl/MarcWS/install/motor/lib/python3.10/site-packages/motor-0.0.0-py3.10.egg-info' (and everything under it)
[8.137s] Copying ../../build/motor/motor.egg-info to /home/groupl/MarcWS/install/motor/lib/python3.10/site-packages/motor-0.0.0-py3.10.egg-info
[8.147s] running install_scripts
[8.288s] Installing motorpwm script to /home/groupl/MarcWS/install/motor/lib/motor
[8.295s] writing list of installed files to '/home/groupl/MarcWS/build/motor/install.log'
[8.855s] Invoked command in '/home/groupl/MarcWS/src/motor' returned '0': PYTHONPATH=/home/groupl/MarcWS/build/motor/prefix_override:/home/groupl/MarcWS/install/motor/lib/python3.10/site-packages:${PYTHONPATH} /usr/bin/python3 setup.py egg_info --egg-base ../../build/motor build --build-base /home/groupl/MarcWS/build/motor/build install --record /home/groupl/MarcWS/build/motor/install.log --single-version-externally-managed
