running egg_info
creating ../../build/motor/motor.egg-info
writing ../../build/motor/motor.egg-info/PKG-INFO
writing dependency_links to ../../build/motor/motor.egg-info/dependency_links.txt
writing entry points to ../../build/motor/motor.egg-info/entry_points.txt
writing requirements to ../../build/motor/motor.egg-info/requires.txt
writing top-level names to ../../build/motor/motor.egg-info/top_level.txt
writing manifest file '../../build/motor/motor.egg-info/SOURCES.txt'
reading manifest file '../../build/motor/motor.egg-info/SOURCES.txt'
writing manifest file '../../build/motor/motor.egg-info/SOURCES.txt'
running build
running build_py
creating /home/groupl/MarcWS/build/motor/build
creating /home/groupl/MarcWS/build/motor/build/lib
creating /home/groupl/MarcWS/build/motor/build/lib/motor
copying motor/motorpwm.py -> /home/groupl/MarcWS/build/motor/build/lib/motor
copying motor/__init__.py -> /home/groupl/MarcWS/build/motor/build/lib/motor
running install
running install_lib
creating /home/groupl/MarcWS/install/motor/lib/python3.10/site-packages/motor
copying /home/groupl/MarcWS/build/motor/build/lib/motor/motorpwm.py -> /home/groupl/MarcWS/install/motor/lib/python3.10/site-packages/motor
copying /home/groupl/MarcWS/build/motor/build/lib/motor/__init__.py -> /home/groupl/MarcWS/install/motor/lib/python3.10/site-packages/motor
byte-compiling /home/groupl/MarcWS/install/motor/lib/python3.10/site-packages/motor/motorpwm.py to motorpwm.cpython-310.pyc
byte-compiling /home/groupl/MarcWS/install/motor/lib/python3.10/site-packages/motor/__init__.py to __init__.cpython-310.pyc
running install_data
copying resource/motor -> /home/groupl/MarcWS/install/motor/share/ament_index/resource_index/packages
copying package.xml -> /home/groupl/MarcWS/install/motor/share/motor
running install_egg_info
Copying ../../build/motor/motor.egg-info to /home/groupl/MarcWS/install/motor/lib/python3.10/site-packages/motor-0.0.0-py3.10.egg-info
running install_scripts
Installing motorpwm script to /home/groupl/MarcWS/install/motor/lib/motor
writing list of installed files to '/home/groupl/MarcWS/build/motor/install.log'
