[6.660s] Invoking command in '/home/groupl/MarcWS/src/motor': PYTHONPATH=/home/groupl/MarcWS/build/motor/prefix_override:/home/groupl/MarcWS/install/motor/lib/python3.10/site-packages:${PYTHONPATH} /usr/bin/python3 setup.py egg_info --egg-base ../../build/motor build --build-base /home/groupl/MarcWS/build/motor/build install --record /home/groupl/MarcWS/build/motor/install.log --single-version-externally-managed
[8.470s] running egg_info
[8.472s] creating ../../build/motor/motor.egg-info
[8.474s] writing ../../build/motor/motor.egg-info/PKG-INFO
[8.475s] writing dependency_links to ../../build/motor/motor.egg-info/dependency_links.txt
[8.476s] writing entry points to ../../build/motor/motor.egg-info/entry_points.txt
[8.477s] writing requirements to ../../build/motor/motor.egg-info/requires.txt
[8.479s] writing top-level names to ../../build/motor/motor.egg-info/top_level.txt
[8.481s] writing manifest file '../../build/motor/motor.egg-info/SOURCES.txt'
[8.489s] reading manifest file '../../build/motor/motor.egg-info/SOURCES.txt'
[8.493s] writing manifest file '../../build/motor/motor.egg-info/SOURCES.txt'
[8.494s] running build
[8.495s] running build_py
[8.497s] creating /home/groupl/MarcWS/build/motor/build
[8.498s] creating /home/groupl/MarcWS/build/motor/build/lib
[8.500s] creating /home/groupl/MarcWS/build/motor/build/lib/motor
[8.500s] copying motor/motorpwm.py -> /home/groupl/MarcWS/build/motor/build/lib/motor
[8.501s] copying motor/__init__.py -> /home/groupl/MarcWS/build/motor/build/lib/motor
[8.501s] running install
[8.502s] /usr/lib/python3/dist-packages/setuptools/command/install.py:34: SetuptoolsDeprecationWarning: setup.py install is deprecated. Use build and pip and other standards-based tools.
[8.503s]   warnings.warn(
[8.505s] running install_lib
[8.510s] creating /home/groupl/MarcWS/install/motor/lib/python3.10/site-packages/motor
[8.511s] copying /home/groupl/MarcWS/build/motor/build/lib/motor/motorpwm.py -> /home/groupl/MarcWS/install/motor/lib/python3.10/site-packages/motor
[8.512s] copying /home/groupl/MarcWS/build/motor/build/lib/motor/__init__.py -> /home/groupl/MarcWS/install/motor/lib/python3.10/site-packages/motor
[8.513s] byte-compiling /home/groupl/MarcWS/install/motor/lib/python3.10/site-packages/motor/motorpwm.py to motorpwm.cpython-310.pyc
[8.514s] byte-compiling /home/groupl/MarcWS/install/motor/lib/python3.10/site-packages/motor/__init__.py to __init__.cpython-310.pyc
[8.516s] running install_data
[8.519s] copying resource/motor -> /home/groupl/MarcWS/install/motor/share/ament_index/resource_index/packages
[8.521s] copying package.xml -> /home/groupl/MarcWS/install/motor/share/motor
[8.523s] running install_egg_info
[8.532s] Copying ../../build/motor/motor.egg-info to /home/groupl/MarcWS/install/motor/lib/python3.10/site-packages/motor-0.0.0-py3.10.egg-info
[8.537s] running install_scripts
[8.685s] Installing motorpwm script to /home/groupl/MarcWS/install/motor/lib/motor
[8.687s] writing list of installed files to '/home/groupl/MarcWS/build/motor/install.log'
[8.887s] Invoked command in '/home/groupl/MarcWS/src/motor' returned '0': PYTHONPATH=/home/groupl/MarcWS/build/motor/prefix_override:/home/groupl/MarcWS/install/motor/lib/python3.10/site-packages:${PYTHONPATH} /usr/bin/python3 setup.py egg_info --egg-base ../../build/motor build --build-base /home/groupl/MarcWS/build/motor/build install --record /home/groupl/MarcWS/build/motor/install.log --single-version-externally-managed
