[6.571s] Invoking command in '/home/groupl/MarcWS/src/motor': PYTHONPATH=/home/groupl/MarcWS/build/motor/prefix_override:/home/groupl/MarcWS/install/motor/lib/python3.10/site-packages:${PYTHONPATH} /usr/bin/python3 setup.py egg_info --egg-base ../../build/motor build --build-base /home/groupl/MarcWS/build/motor/build install --record /home/groupl/MarcWS/build/motor/install.log --single-version-externally-managed
[7.948s] running egg_info
[7.951s] writing ../../build/motor/motor.egg-info/PKG-INFO
[7.957s] writing dependency_links to ../../build/motor/motor.egg-info/dependency_links.txt
[7.959s] writing entry points to ../../build/motor/motor.egg-info/entry_points.txt
[7.960s] writing requirements to ../../build/motor/motor.egg-info/requires.txt
[7.962s] writing top-level names to ../../build/motor/motor.egg-info/top_level.txt
[7.968s] reading manifest file '../../build/motor/motor.egg-info/SOURCES.txt'
[7.973s] writing manifest file '../../build/motor/motor.egg-info/SOURCES.txt'
[7.974s] running build
[7.974s] running build_py
[7.976s] copying motor/motorpwm.py -> /home/groupl/MarcWS/build/motor/build/lib/motor
[7.980s] running install
[7.984s] /usr/lib/python3/dist-packages/setuptools/command/install.py:34: SetuptoolsDeprecationWarning: setup.py install is deprecated. Use build and pip and other standards-based tools.
[7.985s]   warnings.warn(
[7.986s] running install_lib
[7.990s] copying /home/groupl/MarcWS/build/motor/build/lib/motor/motorpwm.py -> /home/groupl/MarcWS/install/motor/lib/python3.10/site-packages/motor
[7.994s] byte-compiling /home/groupl/MarcWS/install/motor/lib/python3.10/site-packages/motor/motorpwm.py to motorpwm.cpython-310.pyc
[7.997s] running install_data
[8.006s] running install_egg_info
[8.012s] removing '/home/groupl/MarcWS/install/motor/lib/python3.10/site-packages/motor-0.0.0-py3.10.egg-info' (and everything under it)
[8.014s] Copying ../../build/motor/motor.egg-info to /home/groupl/MarcWS/install/motor/lib/python3.10/site-packages/motor-0.0.0-py3.10.egg-info
[8.020s] running install_scripts
[8.144s] Installing motorpwm script to /home/groupl/MarcWS/install/motor/lib/motor
[8.146s] writing list of installed files to '/home/groupl/MarcWS/build/motor/install.log'
[8.346s] Invoked command in '/home/groupl/MarcWS/src/motor' returned '0': PYTHONPATH=/home/groupl/MarcWS/build/motor/prefix_override:/home/groupl/MarcWS/install/motor/lib/python3.10/site-packages:${PYTHONPATH} /usr/bin/python3 setup.py egg_info --egg-base ../../build/motor build --build-base /home/groupl/MarcWS/build/motor/build install --record /home/groupl/MarcWS/build/motor/install.log --single-version-externally-managed
