[6.249s] Invoking command in '/home/groupl/MarcWS/src/sensors': PYTHONPATH=/home/groupl/MarcWS/build/sensors/prefix_override:/home/groupl/MarcWS/install/sensors/lib/python3.10/site-packages:${PYTHONPATH} /usr/bin/python3 setup.py egg_info --egg-base ../../build/sensors build --build-base /home/groupl/MarcWS/build/sensors/build install --record /home/groupl/MarcWS/build/sensors/install.log --single-version-externally-managed
[7.624s] running egg_info
[7.626s] writing ../../build/sensors/sensors.egg-info/PKG-INFO
[7.632s] writing dependency_links to ../../build/sensors/sensors.egg-info/dependency_links.txt
[7.633s] writing entry points to ../../build/sensors/sensors.egg-info/entry_points.txt
[7.634s] writing requirements to ../../build/sensors/sensors.egg-info/requires.txt
[7.635s] writing top-level names to ../../build/sensors/sensors.egg-info/top_level.txt
[7.645s] reading manifest file '../../build/sensors/sensors.egg-info/SOURCES.txt'
[7.652s] writing manifest file '../../build/sensors/sensors.egg-info/SOURCES.txt'
[7.655s] running build
[7.657s] running build_py
[7.659s] running install
[7.660s] /usr/lib/python3/dist-packages/setuptools/command/install.py:34: SetuptoolsDeprecationWarning: setup.py install is deprecated. Use build and pip and other standards-based tools.
[7.660s]   warnings.warn(
[7.663s] running install_lib
[7.668s] running install_data
[7.672s] running install_egg_info
[7.681s] removing '/home/groupl/MarcWS/install/sensors/lib/python3.10/site-packages/sensors-0.0.0-py3.10.egg-info' (and everything under it)
[7.684s] Copying ../../build/sensors/sensors.egg-info to /home/groupl/MarcWS/install/sensors/lib/python3.10/site-packages/sensors-0.0.0-py3.10.egg-info
[7.690s] running install_scripts
[7.795s] Installing serialread script to /home/groupl/MarcWS/install/sensors/lib/sensors
[7.805s] writing list of installed files to '/home/groupl/MarcWS/build/sensors/install.log'
[8.359s] Invoked command in '/home/groupl/MarcWS/src/sensors' returned '0': PYTHONPATH=/home/groupl/MarcWS/build/sensors/prefix_override:/home/groupl/MarcWS/install/sensors/lib/python3.10/site-packages:${PYTHONPATH} /usr/bin/python3 setup.py egg_info --egg-base ../../build/sensors build --build-base /home/groupl/MarcWS/build/sensors/build install --record /home/groupl/MarcWS/build/sensors/install.log --single-version-externally-managed
