[6.082s] Invoking command in '/home/groupl/MarcWS/src/sensors': PYTHONPATH=/home/groupl/MarcWS/build/sensors/prefix_override:/home/groupl/MarcWS/install/sensors/lib/python3.10/site-packages:${PYTHONPATH} /usr/bin/python3 setup.py egg_info --egg-base ../../build/sensors build --build-base /home/groupl/MarcWS/build/sensors/build install --record /home/groupl/MarcWS/build/sensors/install.log --single-version-externally-managed
[7.484s] running egg_info
[7.487s] writing ../../build/sensors/sensors.egg-info/PKG-INFO
[7.492s] writing dependency_links to ../../build/sensors/sensors.egg-info/dependency_links.txt
[7.493s] writing entry points to ../../build/sensors/sensors.egg-info/entry_points.txt
[7.495s] writing requirements to ../../build/sensors/sensors.egg-info/requires.txt
[7.496s] writing top-level names to ../../build/sensors/sensors.egg-info/top_level.txt
[7.503s] reading manifest file '../../build/sensors/sensors.egg-info/SOURCES.txt'
[7.509s] writing manifest file '../../build/sensors/sensors.egg-info/SOURCES.txt'
[7.510s] running build
[7.510s] running build_py
[7.513s] running install
[7.518s] /usr/lib/python3/dist-packages/setuptools/command/install.py:34: SetuptoolsDeprecationWarning: setup.py install is deprecated. Use build and pip and other standards-based tools.
[7.519s]   warnings.warn(
[7.521s] running install_lib
[7.530s] running install_data
[7.534s] running install_egg_info
[7.547s] removing '/home/groupl/MarcWS/install/sensors/lib/python3.10/site-packages/sensors-0.0.0-py3.10.egg-info' (and everything under it)
[7.549s] Copying ../../build/sensors/sensors.egg-info to /home/groupl/MarcWS/install/sensors/lib/python3.10/site-packages/sensors-0.0.0-py3.10.egg-info
[7.556s] running install_scripts
[7.679s] Installing serialread script to /home/groupl/MarcWS/install/sensors/lib/sensors
[7.688s] writing list of installed files to '/home/groupl/MarcWS/build/sensors/install.log'
[8.246s] Invoked command in '/home/groupl/MarcWS/src/sensors' returned '0': PYTHONPATH=/home/groupl/MarcWS/build/sensors/prefix_override:/home/groupl/MarcWS/install/sensors/lib/python3.10/site-packages:${PYTHONPATH} /usr/bin/python3 setup.py egg_info --egg-base ../../build/sensors build --build-base /home/groupl/MarcWS/build/sensors/build install --record /home/groupl/MarcWS/build/sensors/install.log --single-version-externally-managed
