[6.894s] Invoking command in '/home/groupl/MarcWS/src/motor': PYTHONPATH=/home/groupl/MarcWS/build/motor/prefix_override:/home/groupl/MarcWS/install/motor/lib/python3.10/site-packages:${PYTHONPATH} /usr/bin/python3 setup.py egg_info --egg-base ../../build/motor build --build-base /home/groupl/MarcWS/build/motor/build install --record /home/groupl/MarcWS/build/motor/install.log --single-version-externally-managed
[8.268s] running egg_info
[8.270s] writing ../../build/motor/motor.egg-info/PKG-INFO
[8.281s] writing dependency_links to ../../build/motor/motor.egg-info/dependency_links.txt
[8.282s] writing entry points to ../../build/motor/motor.egg-info/entry_points.txt
[8.284s] writing requirements to ../../build/motor/motor.egg-info/requires.txt
[8.284s] writing top-level names to ../../build/motor/motor.egg-info/top_level.txt
[8.295s] reading manifest file '../../build/motor/motor.egg-info/SOURCES.txt'
[8.300s] writing manifest file '../../build/motor/motor.egg-info/SOURCES.txt'
[8.301s] running build
[8.302s] running build_py
[8.303s] copying motor/motorpwm.py -> /home/groupl/MarcWS/build/motor/build/lib/motor
[8.309s] running install
[8.310s] /usr/lib/python3/dist-packages/setuptools/command/install.py:34: SetuptoolsDeprecationWarning: setup.py install is deprecated. Use build and pip and other standards-based tools.
[8.311s]   warnings.warn(
[8.312s] running install_lib
[8.318s] copying /home/groupl/MarcWS/build/motor/build/lib/motor/motorpwm.py -> /home/groupl/MarcWS/install/motor/lib/python3.10/site-packages/motor
[8.325s] byte-compiling /home/groupl/MarcWS/install/motor/lib/python3.10/site-packages/motor/motorpwm.py to motorpwm.cpython-310.pyc
[8.329s] running install_data
[8.334s] running install_egg_info
[8.341s] removing '/home/groupl/MarcWS/install/motor/lib/python3.10/site-packages/motor-0.0.0-py3.10.egg-info' (and everything under it)
[8.343s] Copying ../../build/motor/motor.egg-info to /home/groupl/MarcWS/install/motor/lib/python3.10/site-packages/motor-0.0.0-py3.10.egg-info
[8.351s] running install_scripts
[8.448s] Installing motorpwm script to /home/groupl/MarcWS/install/motor/lib/motor
[8.455s] writing list of installed files to '/home/groupl/MarcWS/build/motor/install.log'
[8.934s] Invoked command in '/home/groupl/MarcWS/src/motor' returned '0': PYTHONPATH=/home/groupl/MarcWS/build/motor/prefix_override:/home/groupl/MarcWS/install/motor/lib/python3.10/site-packages:${PYTHONPATH} /usr/bin/python3 setup.py egg_info --egg-base ../../build/motor build --build-base /home/groupl/MarcWS/build/motor/build install --record /home/groupl/MarcWS/build/motor/install.log --single-version-externally-managed
