[5.117s] Invoking command in '/home/groupl/MarcWS/src/motor': PYTHONPATH=/home/groupl/MarcWS/build/motor/prefix_override:/home/groupl/MarcWS/install/motor/lib/python3.10/site-packages:${PYTHONPATH} /usr/bin/python3 setup.py egg_info --egg-base ../../build/motor build --build-base /home/groupl/MarcWS/build/motor/build install --record /home/groupl/MarcWS/build/motor/install.log --single-version-externally-managed
[6.531s] running egg_info
[6.534s] writing ../../build/motor/motor.egg-info/PKG-INFO
[6.536s] writing dependency_links to ../../build/motor/motor.egg-info/dependency_links.txt
[6.538s] writing entry points to ../../build/motor/motor.egg-info/entry_points.txt
[6.539s] writing requirements to ../../build/motor/motor.egg-info/requires.txt
[6.540s] writing top-level names to ../../build/motor/motor.egg-info/top_level.txt
[6.550s] reading manifest file '../../build/motor/motor.egg-info/SOURCES.txt'
[6.555s] writing manifest file '../../build/motor/motor.egg-info/SOURCES.txt'
[6.557s] running build
[6.557s] running build_py
[6.560s] running install
[6.563s] /usr/lib/python3/dist-packages/setuptools/command/install.py:34: SetuptoolsDeprecationWarning: setup.py install is deprecated. Use build and pip and other standards-based tools.
[6.563s]   warnings.warn(
[6.564s] running install_lib
[6.576s] running install_data
[6.580s] running install_egg_info
[6.589s] removing '/home/groupl/MarcWS/install/motor/lib/python3.10/site-packages/motor-0.0.0-py3.10.egg-info' (and everything under it)
[6.591s] Copying ../../build/motor/motor.egg-info to /home/groupl/MarcWS/install/motor/lib/python3.10/site-packages/motor-0.0.0-py3.10.egg-info
[6.597s] running install_scripts
[6.754s] Installing motorpwm script to /home/groupl/MarcWS/install/motor/lib/motor
[6.757s] writing list of installed files to '/home/groupl/MarcWS/build/motor/install.log'
[6.949s] Invoked command in '/home/groupl/MarcWS/src/motor' returned '0': PYTHONPATH=/home/groupl/MarcWS/build/motor/prefix_override:/home/groupl/MarcWS/install/motor/lib/python3.10/site-packages:${PYTHONPATH} /usr/bin/python3 setup.py egg_info --egg-base ../../build/motor build --build-base /home/groupl/MarcWS/build/motor/build install --record /home/groupl/MarcWS/build/motor/install.log --single-version-externally-managed
