[8.356s] Invoking command in '/home/groupl/MarcWS/src/sensors': PYTHONPATH=/home/groupl/MarcWS/build/sensors/prefix_override:/home/groupl/MarcWS/install/sensors/lib/python3.10/site-packages:${PYTHONPATH} /usr/bin/python3 setup.py egg_info --egg-base ../../build/sensors build --build-base /home/groupl/MarcWS/build/sensors/build install --record /home/groupl/MarcWS/build/sensors/install.log --single-version-externally-managed
[9.966s] running egg_info
[9.968s] writing ../../build/sensors/sensors.egg-info/PKG-INFO
[9.973s] writing dependency_links to ../../build/sensors/sensors.egg-info/dependency_links.txt
[9.974s] writing entry points to ../../build/sensors/sensors.egg-info/entry_points.txt
[9.979s] writing requirements to ../../build/sensors/sensors.egg-info/requires.txt
[9.979s] writing top-level names to ../../build/sensors/sensors.egg-info/top_level.txt
[9.991s] reading manifest file '../../build/sensors/sensors.egg-info/SOURCES.txt'
[10.013s] writing manifest file '../../build/sensors/sensors.egg-info/SOURCES.txt'
[10.016s] running build
[10.018s] running build_py
[10.020s] running install
[10.021s] running install_lib
[10.021s] /usr/lib/python3/dist-packages/setuptools/command/install.py:34: SetuptoolsDeprecationWarning: setup.py install is deprecated. Use build and pip and other standards-based tools.
[10.022s]   warnings.warn(
[10.030s] running install_data
[10.033s] running install_egg_info
[10.036s] removing '/home/groupl/MarcWS/install/sensors/lib/python3.10/site-packages/sensors-0.0.0-py3.10.egg-info' (and everything under it)
[10.037s] Copying ../../build/sensors/sensors.egg-info to /home/groupl/MarcWS/install/sensors/lib/python3.10/site-packages/sensors-0.0.0-py3.10.egg-info
[10.043s] running install_scripts
[10.174s] Installing serialread script to /home/groupl/MarcWS/install/sensors/lib/sensors
[10.185s] writing list of installed files to '/home/groupl/MarcWS/build/sensors/install.log'
[11.109s] Invoked command in '/home/groupl/MarcWS/src/sensors' returned '0': PYTHONPATH=/home/groupl/MarcWS/build/sensors/prefix_override:/home/groupl/MarcWS/install/sensors/lib/python3.10/site-packages:${PYTHONPATH} /usr/bin/python3 setup.py egg_info --egg-base ../../build/sensors build --build-base /home/groupl/MarcWS/build/sensors/build install --record /home/groupl/MarcWS/build/sensors/install.log --single-version-externally-managed
