[6.418s] Invoking command in '/home/groupl/MarcWS/src/sensors': PYTHONPATH=/home/groupl/MarcWS/build/sensors/prefix_override:/home/groupl/MarcWS/install/sensors/lib/python3.10/site-packages:${PYTHONPATH} /usr/bin/python3 setup.py egg_info --egg-base ../../build/sensors build --build-base /home/groupl/MarcWS/build/sensors/build install --record /home/groupl/MarcWS/build/sensors/install.log --single-version-externally-managed
[8.160s] running egg_info
[8.163s] writing ../../build/sensors/sensors.egg-info/PKG-INFO
[8.168s] writing dependency_links to ../../build/sensors/sensors.egg-info/dependency_links.txt
[8.170s] writing entry points to ../../build/sensors/sensors.egg-info/entry_points.txt
[8.171s] writing requirements to ../../build/sensors/sensors.egg-info/requires.txt
[8.176s] writing top-level names to ../../build/sensors/sensors.egg-info/top_level.txt
[8.184s] reading manifest file '../../build/sensors/sensors.egg-info/SOURCES.txt'
[8.189s] writing manifest file '../../build/sensors/sensors.egg-info/SOURCES.txt'
[8.190s] running build
[8.190s] running build_py
[8.210s] running install
[8.211s] /usr/lib/python3/dist-packages/setuptools/command/install.py:34: SetuptoolsDeprecationWarning: setup.py install is deprecated. Use build and pip and other standards-based tools.
[8.212s]   warnings.warn(
[8.215s] running install_lib
[8.223s] running install_data
[8.226s] running install_egg_info
[8.236s] removing '/home/groupl/MarcWS/install/sensors/lib/python3.10/site-packages/sensors-0.0.0-py3.10.egg-info' (and everything under it)
[8.241s] Copying ../../build/sensors/sensors.egg-info to /home/groupl/MarcWS/install/sensors/lib/python3.10/site-packages/sensors-0.0.0-py3.10.egg-info
[8.247s] running install_scripts
[8.408s] Installing serialread script to /home/groupl/MarcWS/install/sensors/lib/sensors
[8.419s] writing list of installed files to '/home/groupl/MarcWS/build/sensors/install.log'
[9.033s] Invoked command in '/home/groupl/MarcWS/src/sensors' returned '0': PYTHONPATH=/home/groupl/MarcWS/build/sensors/prefix_override:/home/groupl/MarcWS/install/sensors/lib/python3.10/site-packages:${PYTHONPATH} /usr/bin/python3 setup.py egg_info --egg-base ../../build/sensors build --build-base /home/groupl/MarcWS/build/sensors/build install --record /home/groupl/MarcWS/build/sensors/install.log --single-version-externally-managed
