[4.893s] Invoking command in '/home/groupl/MarcWS/src/sensors': PYTHONPATH=/home/groupl/MarcWS/build/sensors/prefix_override:/home/groupl/MarcWS/install/sensors/lib/python3.10/site-packages:${PYTHONPATH} /usr/bin/python3 setup.py egg_info --egg-base ../../build/sensors build --build-base /home/groupl/MarcWS/build/sensors/build install --record /home/groupl/MarcWS/build/sensors/install.log --single-version-externally-managed
[6.265s] running egg_info
[6.267s] writing ../../build/sensors/sensors.egg-info/PKG-INFO
[6.270s] writing dependency_links to ../../build/sensors/sensors.egg-info/dependency_links.txt
[6.271s] writing entry points to ../../build/sensors/sensors.egg-info/entry_points.txt
[6.272s] writing requirements to ../../build/sensors/sensors.egg-info/requires.txt
[6.273s] writing top-level names to ../../build/sensors/sensors.egg-info/top_level.txt
[6.284s] reading manifest file '../../build/sensors/sensors.egg-info/SOURCES.txt'
[6.289s] writing manifest file '../../build/sensors/sensors.egg-info/SOURCES.txt'
[6.290s] running build
[6.291s] running build_py
[6.294s] running install
[6.294s] /usr/lib/python3/dist-packages/setuptools/command/install.py:34: SetuptoolsDeprecationWarning: setup.py install is deprecated. Use build and pip and other standards-based tools.
[6.295s]   warnings.warn(
[6.297s] running install_lib
[6.306s] running install_data
[6.310s] running install_egg_info
[6.322s] removing '/home/groupl/MarcWS/install/sensors/lib/python3.10/site-packages/sensors-0.0.0-py3.10.egg-info' (and everything under it)
[6.323s] Copying ../../build/sensors/sensors.egg-info to /home/groupl/MarcWS/install/sensors/lib/python3.10/site-packages/sensors-0.0.0-py3.10.egg-info
[6.331s] running install_scripts
[6.487s] Installing serialread script to /home/groupl/MarcWS/install/sensors/lib/sensors
[6.496s] writing list of installed files to '/home/groupl/MarcWS/build/sensors/install.log'
[6.935s] Invoked command in '/home/groupl/MarcWS/src/sensors' returned '0': PYTHONPATH=/home/groupl/MarcWS/build/sensors/prefix_override:/home/groupl/MarcWS/install/sensors/lib/python3.10/site-packages:${PYTHONPATH} /usr/bin/python3 setup.py egg_info --egg-base ../../build/sensors build --build-base /home/groupl/MarcWS/build/sensors/build install --record /home/groupl/MarcWS/build/sensors/install.log --single-version-externally-managed
