[3.383s] Invoking command in '/home/groupl/MarcWS/src/Sensors': PYTHONPATH=/home/groupl/MarcWS/build/Sensors/prefix_override:/home/groupl/MarcWS/install/Sensors/lib/python3.10/site-packages:${PYTHONPATH} /usr/bin/python3 setup.py egg_info --egg-base ../../build/Sensors build --build-base /home/groupl/MarcWS/build/Sensors/build install --record /home/groupl/MarcWS/build/Sensors/install.log --single-version-externally-managed
[4.490s] running egg_info
[4.493s] writing ../../build/Sensors/Sensors.egg-info/PKG-INFO
[4.494s] writing dependency_links to ../../build/Sensors/Sensors.egg-info/dependency_links.txt
[4.495s] writing entry points to ../../build/Sensors/Sensors.egg-info/entry_points.txt
[4.496s] writing requirements to ../../build/Sensors/Sensors.egg-info/requires.txt
[4.496s] writing top-level names to ../../build/Sensors/Sensors.egg-info/top_level.txt
[4.504s] reading manifest file '../../build/Sensors/Sensors.egg-info/SOURCES.txt'
[4.508s] writing manifest file '../../build/Sensors/Sensors.egg-info/SOURCES.txt'
[4.508s] running build
[4.509s] running build_py
[4.509s] copying Sensors/serialread.py -> /home/groupl/MarcWS/build/Sensors/build/lib/Sensors
[4.510s] copying Sensors/__init__.py -> /home/groupl/MarcWS/build/Sensors/build/lib/Sensors
[4.511s] running install
[4.512s] /usr/lib/python3/dist-packages/setuptools/command/install.py:34: SetuptoolsDeprecationWarning: setup.py install is deprecated. Use build and pip and other standards-based tools.
[4.512s]   warnings.warn(
[4.513s] running install_lib
[4.516s] copying /home/groupl/MarcWS/build/Sensors/build/lib/Sensors/serialread.py -> /home/groupl/MarcWS/install/Sensors/lib/python3.10/site-packages/Sensors
[4.517s] copying /home/groupl/MarcWS/build/Sensors/build/lib/Sensors/__init__.py -> /home/groupl/MarcWS/install/Sensors/lib/python3.10/site-packages/Sensors
[4.519s] byte-compiling /home/groupl/MarcWS/install/Sensors/lib/python3.10/site-packages/Sensors/serialread.py to serialread.cpython-310.pyc
[4.521s] byte-compiling /home/groupl/MarcWS/install/Sensors/lib/python3.10/site-packages/Sensors/__init__.py to __init__.cpython-310.pyc
[4.522s] running install_data
[4.525s] copying resource/Sensors -> /home/groupl/MarcWS/install/Sensors/share/ament_index/resource_index/packages
[4.526s] copying package.xml -> /home/groupl/MarcWS/install/Sensors/share/Sensors
[4.526s] running install_egg_info
[4.533s] removing '/home/groupl/MarcWS/install/Sensors/lib/python3.10/site-packages/Sensors-0.0.0-py3.10.egg-info' (and everything under it)
[4.534s] Copying ../../build/Sensors/Sensors.egg-info to /home/groupl/MarcWS/install/Sensors/lib/python3.10/site-packages/Sensors-0.0.0-py3.10.egg-info
[4.540s] running install_scripts
[4.626s] Installing serialread script to /home/groupl/MarcWS/install/Sensors/lib/Sensors
[4.627s] writing list of installed files to '/home/groupl/MarcWS/build/Sensors/install.log'
[4.754s] Invoked command in '/home/groupl/MarcWS/src/Sensors' returned '0': PYTHONPATH=/home/groupl/MarcWS/build/Sensors/prefix_override:/home/groupl/MarcWS/install/Sensors/lib/python3.10/site-packages:${PYTHONPATH} /usr/bin/python3 setup.py egg_info --egg-base ../../build/Sensors build --build-base /home/groupl/MarcWS/build/Sensors/build install --record /home/groupl/MarcWS/build/Sensors/install.log --single-version-externally-managed
