[5.401s] DEBUG:colcon:Command line arguments: ['/usr/bin/colcon', 'build']
[5.402s] DEBUG:colcon:Parsed command line arguments: Namespace(log_base=None, log_level=None, verb_name='build', build_base='build', install_base='install', merge_install=False, symlink_install=False, test_result_base=None, continue_on_error=False, executor='parallel', parallel_workers=4, event_handlers=None, ignore_user_meta=False, metas=['./colcon.meta'], base_paths=['.'], packages_ignore=None, packages_ignore_regex=None, paths=None, packages_up_to=None, packages_up_to_regex=None, packages_above=None, packages_above_and_dependencies=None, packages_above_depth=None, packages_select_by_dep=None, packages_skip_by_dep=None, packages_skip_up_to=None, packages_select_build_failed=False, packages_skip_build_finished=False, packages_select_test_failures=False, packages_skip_test_passed=False, packages_select=None, packages_skip=None, packages_select_regex=None, packages_skip_regex=None, packages_start=None, packages_end=None, allow_overriding=[], cmake_args=None, cmake_target=None, cmake_target_skip_unavailable=False, cmake_clean_cache=False, cmake_clean_first=False, cmake_force_configure=False, ament_cmake_args=None, catkin_cmake_args=None, catkin_skip_building_tests=False, verb_parser=<colcon_defaults.argument_parser.defaults.DefaultArgumentsDecorator object at 0xffffa3015750>, verb_extension=<colcon_core.verb.build.BuildVerb object at 0xffffa32bbf40>, main=<bound method BuildVerb.main of <colcon_core.verb.build.BuildVerb object at 0xffffa32bbf40>>)
[5.677s] Level 1:colcon.colcon_core.package_discovery:discover_packages(colcon_meta) check parameters
[5.678s] Level 1:colcon.colcon_core.package_discovery:discover_packages(recursive) check parameters
[5.678s] Level 1:colcon.colcon_core.package_discovery:discover_packages(ignore) check parameters
[5.678s] Level 1:colcon.colcon_core.package_discovery:discover_packages(path) check parameters
[5.678s] Level 1:colcon.colcon_core.package_discovery:discover_packages(colcon_meta) discover
[5.678s] Level 1:colcon.colcon_core.package_discovery:discover_packages(recursive) discover
[5.678s] INFO:colcon.colcon_core.package_discovery:Crawling recursively for packages in '/home/groupl/MarcWS'
[5.679s] Level 1:colcon.colcon_core.package_identification:_identify(.) by extensions ['ignore', 'ignore_ament_install']
[5.679s] Level 1:colcon.colcon_core.package_identification:_identify(.) by extension 'ignore'
[5.679s] Level 1:colcon.colcon_core.package_identification:_identify(.) by extension 'ignore_ament_install'
[5.680s] Level 1:colcon.colcon_core.package_identification:_identify(.) by extensions ['colcon_pkg']
[5.680s] Level 1:colcon.colcon_core.package_identification:_identify(.) by extension 'colcon_pkg'
[5.680s] Level 1:colcon.colcon_core.package_identification:_identify(.) by extensions ['colcon_meta']
[5.680s] Level 1:colcon.colcon_core.package_identification:_identify(.) by extension 'colcon_meta'
[5.680s] Level 1:colcon.colcon_core.package_identification:_identify(.) by extensions ['ros']
[5.680s] Level 1:colcon.colcon_core.package_identification:_identify(.) by extension 'ros'
[5.768s] Level 1:colcon.colcon_core.package_identification:_identify(.) by extensions ['cmake', 'python']
[5.768s] Level 1:colcon.colcon_core.package_identification:_identify(.) by extension 'cmake'
[5.768s] Level 1:colcon.colcon_core.package_identification:_identify(.) by extension 'python'
[5.769s] Level 1:colcon.colcon_core.package_identification:_identify(.) by extensions ['python_setup_py']
[5.769s] Level 1:colcon.colcon_core.package_identification:_identify(.) by extension 'python_setup_py'
[5.770s] Level 1:colcon.colcon_core.package_identification:_identify(build) by extensions ['ignore', 'ignore_ament_install']
[5.770s] Level 1:colcon.colcon_core.package_identification:_identify(build) by extension 'ignore'
[5.770s] Level 1:colcon.colcon_core.package_identification:_identify(build) ignored
[5.771s] Level 1:colcon.colcon_core.package_identification:_identify(install) by extensions ['ignore', 'ignore_ament_install']
[5.772s] Level 1:colcon.colcon_core.package_identification:_identify(install) by extension 'ignore'
[5.772s] Level 1:colcon.colcon_core.package_identification:_identify(install) ignored
[5.773s] Level 1:colcon.colcon_core.package_identification:_identify(log) by extensions ['ignore', 'ignore_ament_install']
[5.774s] Level 1:colcon.colcon_core.package_identification:_identify(log) by extension 'ignore'
[5.774s] Level 1:colcon.colcon_core.package_identification:_identify(log) ignored
[5.774s] Level 1:colcon.colcon_core.package_identification:_identify(src) by extensions ['ignore', 'ignore_ament_install']
[5.775s] Level 1:colcon.colcon_core.package_identification:_identify(src) by extension 'ignore'
[5.775s] Level 1:colcon.colcon_core.package_identification:_identify(src) by extension 'ignore_ament_install'
[5.775s] Level 1:colcon.colcon_core.package_identification:_identify(src) by extensions ['colcon_pkg']
[5.776s] Level 1:colcon.colcon_core.package_identification:_identify(src) by extension 'colcon_pkg'
[5.776s] Level 1:colcon.colcon_core.package_identification:_identify(src) by extensions ['colcon_meta']
[5.776s] Level 1:colcon.colcon_core.package_identification:_identify(src) by extension 'colcon_meta'
[5.776s] Level 1:colcon.colcon_core.package_identification:_identify(src) by extensions ['ros']
[5.776s] Level 1:colcon.colcon_core.package_identification:_identify(src) by extension 'ros'
[5.777s] Level 1:colcon.colcon_core.package_identification:_identify(src) by extensions ['cmake', 'python']
[5.777s] Level 1:colcon.colcon_core.package_identification:_identify(src) by extension 'cmake'
[5.777s] Level 1:colcon.colcon_core.package_identification:_identify(src) by extension 'python'
[5.777s] Level 1:colcon.colcon_core.package_identification:_identify(src) by extensions ['python_setup_py']
[5.778s] Level 1:colcon.colcon_core.package_identification:_identify(src) by extension 'python_setup_py'
[5.778s] Level 1:colcon.colcon_core.package_identification:_identify(src/sensors) by extensions ['ignore', 'ignore_ament_install']
[5.779s] Level 1:colcon.colcon_core.package_identification:_identify(src/sensors) by extension 'ignore'
[5.779s] Level 1:colcon.colcon_core.package_identification:_identify(src/sensors) by extension 'ignore_ament_install'
[5.779s] Level 1:colcon.colcon_core.package_identification:_identify(src/sensors) by extensions ['colcon_pkg']
[5.779s] Level 1:colcon.colcon_core.package_identification:_identify(src/sensors) by extension 'colcon_pkg'
[5.779s] Level 1:colcon.colcon_core.package_identification:_identify(src/sensors) by extensions ['colcon_meta']
[5.780s] Level 1:colcon.colcon_core.package_identification:_identify(src/sensors) by extension 'colcon_meta'
[5.780s] Level 1:colcon.colcon_core.package_identification:_identify(src/sensors) by extensions ['ros']
[5.780s] Level 1:colcon.colcon_core.package_identification:_identify(src/sensors) by extension 'ros'
[5.855s] DEBUG:colcon.colcon_core.package_identification:Package 'src/sensors' with type 'ros.ament_python' and name 'sensors'
[5.856s] Level 1:colcon.colcon_core.package_discovery:discover_packages(recursive) using defaults
[5.856s] Level 1:colcon.colcon_core.package_discovery:discover_packages(ignore) discover
[5.857s] Level 1:colcon.colcon_core.package_discovery:discover_packages(ignore) using defaults
[5.857s] Level 1:colcon.colcon_core.package_discovery:discover_packages(path) discover
[5.857s] Level 1:colcon.colcon_core.package_discovery:discover_packages(path) using defaults
[6.338s] Level 1:colcon.colcon_core.package_discovery:discover_packages(prefix_path) check parameters
[6.338s] Level 1:colcon.colcon_core.package_discovery:discover_packages(prefix_path) discover
[6.482s] DEBUG:colcon.colcon_installed_package_information.package_discovery:Found 2 installed packages in /home/groupl/MarcWS/install
[6.557s] DEBUG:colcon.colcon_installed_package_information.package_discovery:Found 281 installed packages in /opt/ros/iron
[6.564s] Level 1:colcon.colcon_core.package_discovery:discover_packages(prefix_path) using defaults
[7.106s] Level 5:colcon.colcon_core.verb:set package 'sensors' build argument 'cmake_args' from command line to 'None'
[7.106s] Level 5:colcon.colcon_core.verb:set package 'sensors' build argument 'cmake_target' from command line to 'None'
[7.106s] Level 5:colcon.colcon_core.verb:set package 'sensors' build argument 'cmake_target_skip_unavailable' from command line to 'False'
[7.106s] Level 5:colcon.colcon_core.verb:set package 'sensors' build argument 'cmake_clean_cache' from command line to 'False'
[7.106s] Level 5:colcon.colcon_core.verb:set package 'sensors' build argument 'cmake_clean_first' from command line to 'False'
[7.106s] Level 5:colcon.colcon_core.verb:set package 'sensors' build argument 'cmake_force_configure' from command line to 'False'
[7.106s] Level 5:colcon.colcon_core.verb:set package 'sensors' build argument 'ament_cmake_args' from command line to 'None'
[7.106s] Level 5:colcon.colcon_core.verb:set package 'sensors' build argument 'catkin_cmake_args' from command line to 'None'
[7.107s] Level 5:colcon.colcon_core.verb:set package 'sensors' build argument 'catkin_skip_building_tests' from command line to 'False'
[7.107s] DEBUG:colcon.colcon_core.verb:Building package 'sensors' with the following arguments: {'ament_cmake_args': None, 'build_base': '/home/groupl/MarcWS/build/sensors', 'catkin_cmake_args': None, 'catkin_skip_building_tests': False, 'cmake_args': None, 'cmake_clean_cache': False, 'cmake_clean_first': False, 'cmake_force_configure': False, 'cmake_target': None, 'cmake_target_skip_unavailable': False, 'install_base': '/home/groupl/MarcWS/install/sensors', 'merge_install': False, 'path': '/home/groupl/MarcWS/src/sensors', 'symlink_install': False, 'test_result_base': None}
[7.169s] INFO:colcon.colcon_core.executor:Executing jobs using 'parallel' executor
[7.234s] DEBUG:colcon.colcon_parallel_executor.executor.parallel:run_until_complete
[7.235s] INFO:colcon.colcon_ros.task.ament_python.build:Building ROS package in '/home/groupl/MarcWS/src/sensors' with build type 'ament_python'
[7.236s] Level 1:colcon.colcon_core.shell:create_environment_hook('sensors', 'ament_prefix_path')
[7.328s] INFO:colcon.colcon_core.plugin_system:Skipping extension 'colcon_core.shell.bat': Not used on non-Windows systems
[7.329s] INFO:colcon.colcon_core.shell:Creating environment hook '/home/groupl/MarcWS/install/sensors/share/sensors/hook/ament_prefix_path.ps1'
[7.334s] INFO:colcon.colcon_core.shell:Creating environment descriptor '/home/groupl/MarcWS/install/sensors/share/sensors/hook/ament_prefix_path.dsv'
[7.340s] INFO:colcon.colcon_core.shell:Creating environment hook '/home/groupl/MarcWS/install/sensors/share/sensors/hook/ament_prefix_path.sh'
[7.420s] INFO:colcon.colcon_core.shell:Skip shell extension 'powershell' for command environment: Not usable outside of PowerShell
[7.421s] DEBUG:colcon.colcon_core.shell:Skip shell extension 'dsv' for command environment
[8.871s] INFO:colcon.colcon_core.task.python.build:Building Python package in '/home/groupl/MarcWS/src/sensors'
[8.940s] INFO:colcon.colcon_core.shell:Skip shell extension 'powershell' for command environment: Not usable outside of PowerShell
[8.940s] DEBUG:colcon.colcon_core.shell:Skip shell extension 'dsv' for command environment
[10.787s] DEBUG:colcon.colcon_core.event_handler.log_command:Invoking command in '/home/groupl/MarcWS/src/sensors': PYTHONPATH=/home/groupl/MarcWS/build/sensors/prefix_override:/home/groupl/MarcWS/install/sensors/lib/python3.10/site-packages:${PYTHONPATH} /usr/bin/python3 setup.py egg_info --egg-base ../../build/sensors build --build-base /home/groupl/MarcWS/build/sensors/build install --record /home/groupl/MarcWS/build/sensors/install.log --single-version-externally-managed
[12.130s] DEBUG:colcon.colcon_core.event_handler.log_command:Invoked command in '/home/groupl/MarcWS/src/sensors' returned '0': PYTHONPATH=/home/groupl/MarcWS/build/sensors/prefix_override:/home/groupl/MarcWS/install/sensors/lib/python3.10/site-packages:${PYTHONPATH} /usr/bin/python3 setup.py egg_info --egg-base ../../build/sensors build --build-base /home/groupl/MarcWS/build/sensors/build install --record /home/groupl/MarcWS/build/sensors/install.log --single-version-externally-managed
[12.223s] Level 1:colcon.colcon_core.environment:checking '/home/groupl/MarcWS/install/sensors' for CMake module files
[12.225s] Level 1:colcon.colcon_core.environment:checking '/home/groupl/MarcWS/install/sensors' for CMake config files
[12.229s] Level 1:colcon.colcon_core.environment:checking '/home/groupl/MarcWS/install/sensors/lib'
[12.230s] Level 1:colcon.colcon_core.environment:checking '/home/groupl/MarcWS/install/sensors/bin'
[12.231s] Level 1:colcon.colcon_core.environment:checking '/home/groupl/MarcWS/install/sensors/lib/pkgconfig/sensors.pc'
[12.232s] Level 1:colcon.colcon_core.environment:checking '/home/groupl/MarcWS/install/sensors/lib/python3.10/site-packages'
[12.232s] Level 1:colcon.colcon_core.shell:create_environment_hook('sensors', 'pythonpath')
[12.298s] INFO:colcon.colcon_core.shell:Creating environment hook '/home/groupl/MarcWS/install/sensors/share/sensors/hook/pythonpath.ps1'
[12.300s] INFO:colcon.colcon_core.shell:Creating environment descriptor '/home/groupl/MarcWS/install/sensors/share/sensors/hook/pythonpath.dsv'
[12.302s] INFO:colcon.colcon_core.shell:Creating environment hook '/home/groupl/MarcWS/install/sensors/share/sensors/hook/pythonpath.sh'
[12.305s] Level 1:colcon.colcon_core.environment:checking '/home/groupl/MarcWS/install/sensors/bin'
[12.306s] Level 1:colcon.colcon_core.environment:create_environment_scripts_only(sensors)
[12.370s] INFO:colcon.colcon_core.shell:Creating package script '/home/groupl/MarcWS/install/sensors/share/sensors/package.ps1'
[12.376s] INFO:colcon.colcon_core.shell:Creating package descriptor '/home/groupl/MarcWS/install/sensors/share/sensors/package.dsv'
[12.379s] INFO:colcon.colcon_core.shell:Creating package script '/home/groupl/MarcWS/install/sensors/share/sensors/package.sh'
[12.383s] INFO:colcon.colcon_core.shell:Creating package script '/home/groupl/MarcWS/install/sensors/share/sensors/package.bash'
[12.390s] INFO:colcon.colcon_core.shell:Creating package script '/home/groupl/MarcWS/install/sensors/share/sensors/package.zsh'
[12.394s] Level 1:colcon.colcon_core.environment:create_file_with_runtime_dependencies(/home/groupl/MarcWS/install/sensors/share/colcon-core/packages/sensors)
[12.395s] DEBUG:colcon.colcon_parallel_executor.executor.parallel:closing loop
[12.397s] DEBUG:colcon.colcon_parallel_executor.executor.parallel:loop closed
[12.397s] DEBUG:colcon.colcon_parallel_executor.executor.parallel:run_until_complete finished with '0'
[12.397s] DEBUG:colcon.colcon_core.event_reactor:joining thread
[12.508s] INFO:colcon.colcon_core.plugin_system:Skipping extension 'colcon_notification.desktop_notification.terminal_notifier': Not used on non-Darwin systems
[12.509s] INFO:colcon.colcon_core.plugin_system:Skipping extension 'colcon_notification.desktop_notification.win32': Not used on non-Windows systems
[12.509s] INFO:colcon.colcon_notification.desktop_notification:Sending desktop notification using 'notify2'
[12.580s] DEBUG:colcon.colcon_core.event_reactor:joined thread
[12.671s] INFO:colcon.colcon_core.shell:Creating prefix script '/home/groupl/MarcWS/install/local_setup.ps1'
[12.677s] INFO:colcon.colcon_core.shell:Creating prefix util module '/home/groupl/MarcWS/install/_local_setup_util_ps1.py'
[12.684s] INFO:colcon.colcon_core.shell:Creating prefix chain script '/home/groupl/MarcWS/install/setup.ps1'
[12.762s] INFO:colcon.colcon_core.shell:Creating prefix script '/home/groupl/MarcWS/install/local_setup.sh'
[12.766s] INFO:colcon.colcon_core.shell:Creating prefix util module '/home/groupl/MarcWS/install/_local_setup_util_sh.py'
[12.768s] INFO:colcon.colcon_core.shell:Creating prefix chain script '/home/groupl/MarcWS/install/setup.sh'
[12.840s] INFO:colcon.colcon_core.shell:Creating prefix script '/home/groupl/MarcWS/install/local_setup.bash'
[12.843s] INFO:colcon.colcon_core.shell:Creating prefix chain script '/home/groupl/MarcWS/install/setup.bash'
[12.912s] INFO:colcon.colcon_core.shell:Creating prefix script '/home/groupl/MarcWS/install/local_setup.zsh'
[12.915s] INFO:colcon.colcon_core.shell:Creating prefix chain script '/home/groupl/MarcWS/install/setup.zsh'
