running egg_info
writing ../../build/motorpub/motorpub.egg-info/PKG-INFO
writing dependency_links to ../../build/motorpub/motorpub.egg-info/dependency_links.txt
writing entry points to ../../build/motorpub/motorpub.egg-info/entry_points.txt
writing requirements to ../../build/motorpub/motorpub.egg-info/requires.txt
writing top-level names to ../../build/motorpub/motorpub.egg-info/top_level.txt
reading manifest file '../../build/motorpub/motorpub.egg-info/SOURCES.txt'
writing manifest file '../../build/motorpub/motorpub.egg-info/SOURCES.txt'
running build
running build_py
running install
running install_lib
byte-compiling /home/groupl/MarcWS/install/motorpub/lib/python3.10/site-packages/motorpub/motorpub.py to motorpub.cpython-310.pyc
running install_data
copying package.xml -> /home/groupl/MarcWS/install/motorpub/share/motorpub
running install_egg_info
removing '/home/groupl/MarcWS/install/motorpub/lib/python3.10/site-packages/motorpub-0.0.0-py3.10.egg-info' (and everything under it)
Copying ../../build/motorpub/motorpub.egg-info to /home/groupl/MarcWS/install/motorpub/lib/python3.10/site-packages/motorpub-0.0.0-py3.10.egg-info
running install_scripts
Installing motorpub script to /home/groupl/MarcWS/install/motorpub/lib/motorpub
writing list of installed files to '/home/groupl/MarcWS/build/motorpub/install.log'
