[6.385s] Invoking command in '/home/groupl/MarcWS/src/sensors': PYTHONPATH=/home/groupl/MarcWS/build/sensors/prefix_override:/home/groupl/MarcWS/install/sensors/lib/python3.10/site-packages:${PYTHONPATH} /usr/bin/python3 setup.py egg_info --egg-base ../../build/sensors build --build-base /home/groupl/MarcWS/build/sensors/build install --record /home/groupl/MarcWS/build/sensors/install.log --single-version-externally-managed
[7.725s] running egg_info
[7.728s] writing ../../build/sensors/sensors.egg-info/PKG-INFO
[7.732s] writing dependency_links to ../../build/sensors/sensors.egg-info/dependency_links.txt
[7.733s] writing entry points to ../../build/sensors/sensors.egg-info/entry_points.txt
[7.733s] writing requirements to ../../build/sensors/sensors.egg-info/requires.txt
[7.734s] writing top-level names to ../../build/sensors/sensors.egg-info/top_level.txt
[7.744s] reading manifest file '../../build/sensors/sensors.egg-info/SOURCES.txt'
[7.750s] writing manifest file '../../build/sensors/sensors.egg-info/SOURCES.txt'
[7.751s] running build
[7.751s] running build_py
[7.754s] running install
[7.755s] /usr/lib/python3/dist-packages/setuptools/command/install.py:34: SetuptoolsDeprecationWarning: setup.py install is deprecated. Use build and pip and other standards-based tools.
[7.756s]   warnings.warn(
[7.757s] running install_lib
[7.770s] running install_data
[7.775s] running install_egg_info
[7.787s] removing '/home/groupl/MarcWS/install/sensors/lib/python3.10/site-packages/sensors-0.0.0-py3.10.egg-info' (and everything under it)
[7.789s] Copying ../../build/sensors/sensors.egg-info to /home/groupl/MarcWS/install/sensors/lib/python3.10/site-packages/sensors-0.0.0-py3.10.egg-info
[7.796s] running install_scripts
[7.896s] Installing serialread script to /home/groupl/MarcWS/install/sensors/lib/sensors
[7.904s] writing list of installed files to '/home/groupl/MarcWS/build/sensors/install.log'
[8.105s] Invoked command in '/home/groupl/MarcWS/src/sensors' returned '0': PYTHONPATH=/home/groupl/MarcWS/build/sensors/prefix_override:/home/groupl/MarcWS/install/sensors/lib/python3.10/site-packages:${PYTHONPATH} /usr/bin/python3 setup.py egg_info --egg-base ../../build/sensors build --build-base /home/groupl/MarcWS/build/sensors/build install --record /home/groupl/MarcWS/build/sensors/install.log --single-version-externally-managed
