running egg_info
creating ../../build/Sensors/Sensors.egg-info
writing ../../build/Sensors/Sensors.egg-info/PKG-INFO
writing dependency_links to ../../build/Sensors/Sensors.egg-info/dependency_links.txt
writing entry points to ../../build/Sensors/Sensors.egg-info/entry_points.txt
writing requirements to ../../build/Sensors/Sensors.egg-info/requires.txt
writing top-level names to ../../build/Sensors/Sensors.egg-info/top_level.txt
writing manifest file '../../build/Sensors/Sensors.egg-info/SOURCES.txt'
reading manifest file '../../build/Sensors/Sensors.egg-info/SOURCES.txt'
writing manifest file '../../build/Sensors/Sensors.egg-info/SOURCES.txt'
running build
running build_py
creating /home/groupl/MarcWS/build/Sensors/build
creating /home/groupl/MarcWS/build/Sensors/build/lib
creating /home/groupl/MarcWS/build/Sensors/build/lib/Sensors
copying Sensors/__init__.py -> /home/groupl/MarcWS/build/Sensors/build/lib/Sensors
running install
/usr/lib/python3/dist-packages/setuptools/command/install.py:34: SetuptoolsDeprecationWarning: setup.py install is deprecated. Use build and pip and other standards-based tools.
  warnings.warn(
running install_lib
creating /home/groupl/MarcWS/install/Sensors/lib/python3.10/site-packages/Sensors
copying /home/groupl/MarcWS/build/Sensors/build/lib/Sensors/__init__.py -> /home/groupl/MarcWS/install/Sensors/lib/python3.10/site-packages/Sensors
byte-compiling /home/groupl/MarcWS/install/Sensors/lib/python3.10/site-packages/Sensors/__init__.py to __init__.cpython-310.pyc
running install_data
creating /home/groupl/MarcWS/install/Sensors/share/ament_index
creating /home/groupl/MarcWS/install/Sensors/share/ament_index/resource_index
creating /home/groupl/MarcWS/install/Sensors/share/ament_index/resource_index/packages
copying resource/Sensors -> /home/groupl/MarcWS/install/Sensors/share/ament_index/resource_index/packages
copying package.xml -> /home/groupl/MarcWS/install/Sensors/share/Sensors
running install_egg_info
Copying ../../build/Sensors/Sensors.egg-info to /home/groupl/MarcWS/install/Sensors/lib/python3.10/site-packages/Sensors-0.0.0-py3.10.egg-info
running install_scripts
writing list of installed files to '/home/groupl/MarcWS/build/Sensors/install.log'
