[3.265s] Invoking command in '/home/groupl/MarcWS/src/Sensors': PYTHONPATH=/home/groupl/MarcWS/build/Sensors/prefix_override:/home/groupl/MarcWS/install/Sensors/lib/python3.10/site-packages:${PYTHONPATH} /usr/bin/python3 setup.py egg_info --egg-base ../../build/Sensors build --build-base /home/groupl/MarcWS/build/Sensors/build install --record /home/groupl/MarcWS/build/Sensors/install.log --single-version-externally-managed
[4.365s] running egg_info
[4.367s] creating ../../build/Sensors/Sensors.egg-info
[4.368s] writing ../../build/Sensors/Sensors.egg-info/PKG-INFO
[4.369s] writing dependency_links to ../../build/Sensors/Sensors.egg-info/dependency_links.txt
[4.370s] writing entry points to ../../build/Sensors/Sensors.egg-info/entry_points.txt
[4.371s] writing requirements to ../../build/Sensors/Sensors.egg-info/requires.txt
[4.372s] writing top-level names to ../../build/Sensors/Sensors.egg-info/top_level.txt
[4.373s] writing manifest file '../../build/Sensors/Sensors.egg-info/SOURCES.txt'
[4.380s] reading manifest file '../../build/Sensors/Sensors.egg-info/SOURCES.txt'
[4.383s] writing manifest file '../../build/Sensors/Sensors.egg-info/SOURCES.txt'
[4.383s] running build
[4.384s] running build_py
[4.384s] creating /home/groupl/MarcWS/build/Sensors/build
[4.385s] creating /home/groupl/MarcWS/build/Sensors/build/lib
[4.385s] creating /home/groupl/MarcWS/build/Sensors/build/lib/Sensors
[4.386s] copying Sensors/__init__.py -> /home/groupl/MarcWS/build/Sensors/build/lib/Sensors
[4.386s] running install
[4.388s] /usr/lib/python3/dist-packages/setuptools/command/install.py:34: SetuptoolsDeprecationWarning: setup.py install is deprecated. Use build and pip and other standards-based tools.
[4.388s]   warnings.warn(
[4.389s] running install_lib
[4.392s] creating /home/groupl/MarcWS/install/Sensors/lib/python3.10/site-packages/Sensors
[4.393s] copying /home/groupl/MarcWS/build/Sensors/build/lib/Sensors/__init__.py -> /home/groupl/MarcWS/install/Sensors/lib/python3.10/site-packages/Sensors
[4.396s] byte-compiling /home/groupl/MarcWS/install/Sensors/lib/python3.10/site-packages/Sensors/__init__.py to __init__.cpython-310.pyc
[4.398s] running install_data
[4.400s] creating /home/groupl/MarcWS/install/Sensors/share/ament_index
[4.401s] creating /home/groupl/MarcWS/install/Sensors/share/ament_index/resource_index
[4.401s] creating /home/groupl/MarcWS/install/Sensors/share/ament_index/resource_index/packages
[4.402s] copying resource/Sensors -> /home/groupl/MarcWS/install/Sensors/share/ament_index/resource_index/packages
[4.403s] copying package.xml -> /home/groupl/MarcWS/install/Sensors/share/Sensors
[4.403s] running install_egg_info
[4.410s] Copying ../../build/Sensors/Sensors.egg-info to /home/groupl/MarcWS/install/Sensors/lib/python3.10/site-packages/Sensors-0.0.0-py3.10.egg-info
[4.416s] running install_scripts
[4.501s] writing list of installed files to '/home/groupl/MarcWS/build/Sensors/install.log'
[4.623s] Invoked command in '/home/groupl/MarcWS/src/Sensors' returned '0': PYTHONPATH=/home/groupl/MarcWS/build/Sensors/prefix_override:/home/groupl/MarcWS/install/Sensors/lib/python3.10/site-packages:${PYTHONPATH} /usr/bin/python3 setup.py egg_info --egg-base ../../build/Sensors build --build-base /home/groupl/MarcWS/build/Sensors/build install --record /home/groupl/MarcWS/build/Sensors/install.log --single-version-externally-managed
