[7.534s] Invoking command in '/home/groupl/MarcWS/src/sensors': PYTHONPATH=/home/groupl/MarcWS/build/sensors/prefix_override:/home/groupl/MarcWS/install/sensors/lib/python3.10/site-packages:${PYTHONPATH} /usr/bin/python3 setup.py egg_info --egg-base ../../build/sensors build --build-base /home/groupl/MarcWS/build/sensors/build install --record /home/groupl/MarcWS/build/sensors/install.log --single-version-externally-managed
[9.007s] running egg_info
[9.010s] writing ../../build/sensors/sensors.egg-info/PKG-INFO
[9.014s] writing dependency_links to ../../build/sensors/sensors.egg-info/dependency_links.txt
[9.015s] writing entry points to ../../build/sensors/sensors.egg-info/entry_points.txt
[9.017s] writing requirements to ../../build/sensors/sensors.egg-info/requires.txt
[9.018s] writing top-level names to ../../build/sensors/sensors.egg-info/top_level.txt
[9.029s] reading manifest file '../../build/sensors/sensors.egg-info/SOURCES.txt'
[9.034s] writing manifest file '../../build/sensors/sensors.egg-info/SOURCES.txt'
[9.036s] running build
[9.036s] running build_py
[9.045s] running install
[9.047s] /usr/lib/python3/dist-packages/setuptools/command/install.py:34: SetuptoolsDeprecationWarning: setup.py install is deprecated. Use build and pip and other standards-based tools.
[9.048s]   warnings.warn(
[9.052s] running install_lib
[9.059s] running install_data
[9.066s] running install_egg_info
[9.075s] removing '/home/groupl/MarcWS/install/sensors/lib/python3.10/site-packages/sensors-0.0.0-py3.10.egg-info' (and everything under it)
[9.078s] Copying ../../build/sensors/sensors.egg-info to /home/groupl/MarcWS/install/sensors/lib/python3.10/site-packages/sensors-0.0.0-py3.10.egg-info
[9.084s] running install_scripts
[9.185s] Installing serialread script to /home/groupl/MarcWS/install/sensors/lib/sensors
[9.193s] writing list of installed files to '/home/groupl/MarcWS/build/sensors/install.log'
[9.799s] Invoked command in '/home/groupl/MarcWS/src/sensors' returned '0': PYTHONPATH=/home/groupl/MarcWS/build/sensors/prefix_override:/home/groupl/MarcWS/install/sensors/lib/python3.10/site-packages:${PYTHONPATH} /usr/bin/python3 setup.py egg_info --egg-base ../../build/sensors build --build-base /home/groupl/MarcWS/build/sensors/build install --record /home/groupl/MarcWS/build/sensors/install.log --single-version-externally-managed
