[0.594s] Invoking command in '/home/marsco99/ROS/MarcROS/Olivews/src/sensors': PYTHONPATH=/home/marsco99/ROS/MarcROS/Olivews/build/sensors/prefix_override:/home/marsco99/ROS/MarcROS/Olivews/install/sensors/lib/python3.10/site-packages:${PYTHONPATH} /usr/bin/python3 setup.py egg_info --egg-base ../../build/sensors build --build-base /home/marsco99/ROS/MarcROS/Olivews/build/sensors/build install --record /home/marsco99/ROS/MarcROS/Olivews/build/sensors/install.log --single-version-externally-managed
[0.775s] running egg_info
[0.775s] creating ../../build/sensors/sensors.egg-info
[0.775s] writing ../../build/sensors/sensors.egg-info/PKG-INFO
[0.775s] writing dependency_links to ../../build/sensors/sensors.egg-info/dependency_links.txt
[0.776s] writing entry points to ../../build/sensors/sensors.egg-info/entry_points.txt
[0.776s] writing requirements to ../../build/sensors/sensors.egg-info/requires.txt
[0.776s] writing top-level names to ../../build/sensors/sensors.egg-info/top_level.txt
[0.776s] writing manifest file '../../build/sensors/sensors.egg-info/SOURCES.txt'
[0.777s] reading manifest file '../../build/sensors/sensors.egg-info/SOURCES.txt'
[0.778s] writing manifest file '../../build/sensors/sensors.egg-info/SOURCES.txt'
[0.778s] running build
[0.778s] running build_py
[0.778s] creating /home/marsco99/ROS/MarcROS/Olivews/build/sensors/build
[0.778s] creating /home/marsco99/ROS/MarcROS/Olivews/build/sensors/build/lib
[0.779s] creating /home/marsco99/ROS/MarcROS/Olivews/build/sensors/build/lib/sensors
[0.779s] copying sensors/__init__.py -> /home/marsco99/ROS/MarcROS/Olivews/build/sensors/build/lib/sensors
[0.779s] running install
[0.780s] /usr/lib/python3/dist-packages/setuptools/command/install.py:34: SetuptoolsDeprecationWarning: setup.py install is deprecated. Use build and pip and other standards-based tools.
[0.780s]   warnings.warn(
[0.780s] running install_lib
[0.781s] creating /home/marsco99/ROS/MarcROS/Olivews/install/sensors/lib/python3.10/site-packages/sensors
[0.781s] copying /home/marsco99/ROS/MarcROS/Olivews/build/sensors/build/lib/sensors/__init__.py -> /home/marsco99/ROS/MarcROS/Olivews/install/sensors/lib/python3.10/site-packages/sensors
[0.781s] byte-compiling /home/marsco99/ROS/MarcROS/Olivews/install/sensors/lib/python3.10/site-packages/sensors/__init__.py to __init__.cpython-310.pyc
[0.782s] running install_data
[0.782s] creating /home/marsco99/ROS/MarcROS/Olivews/install/sensors/share/ament_index
[0.782s] creating /home/marsco99/ROS/MarcROS/Olivews/install/sensors/share/ament_index/resource_index
[0.782s] creating /home/marsco99/ROS/MarcROS/Olivews/install/sensors/share/ament_index/resource_index/packages
[0.782s] copying resource/sensors -> /home/marsco99/ROS/MarcROS/Olivews/install/sensors/share/ament_index/resource_index/packages
[0.783s] copying package.xml -> /home/marsco99/ROS/MarcROS/Olivews/install/sensors/share/sensors
[0.783s] running install_egg_info
[0.784s] Copying ../../build/sensors/sensors.egg-info to /home/marsco99/ROS/MarcROS/Olivews/install/sensors/lib/python3.10/site-packages/sensors-0.0.0-py3.10.egg-info
[0.785s] running install_scripts
[0.800s] writing list of installed files to '/home/marsco99/ROS/MarcROS/Olivews/build/sensors/install.log'
[0.816s] Invoked command in '/home/marsco99/ROS/MarcROS/Olivews/src/sensors' returned '0': PYTHONPATH=/home/marsco99/ROS/MarcROS/Olivews/build/sensors/prefix_override:/home/marsco99/ROS/MarcROS/Olivews/install/sensors/lib/python3.10/site-packages:${PYTHONPATH} /usr/bin/python3 setup.py egg_info --egg-base ../../build/sensors build --build-base /home/marsco99/ROS/MarcROS/Olivews/build/sensors/build install --record /home/marsco99/ROS/MarcROS/Olivews/build/sensors/install.log --single-version-externally-managed
