[5.903s] DEBUG:colcon:Command line arguments: ['/usr/bin/colcon', 'build']
[5.904s] DEBUG:colcon:Parsed command line arguments: Namespace(log_base=None, log_level=None, verb_name='build', build_base='build', install_base='install', merge_install=False, symlink_install=False, test_result_base=None, continue_on_error=False, executor='parallel', parallel_workers=4, event_handlers=None, ignore_user_meta=False, metas=['./colcon.meta'], base_paths=['.'], packages_ignore=None, packages_ignore_regex=None, paths=None, packages_up_to=None, packages_up_to_regex=None, packages_above=None, packages_above_and_dependencies=None, packages_above_depth=None, packages_select_by_dep=None, packages_skip_by_dep=None, packages_skip_up_to=None, packages_select_build_failed=False, packages_skip_build_finished=False, packages_select_test_failures=False, packages_skip_test_passed=False, packages_select=None, packages_skip=None, packages_select_regex=None, packages_skip_regex=None, packages_start=None, packages_end=None, allow_overriding=[], cmake_args=None, cmake_target=None, cmake_target_skip_unavailable=False, cmake_clean_cache=False, cmake_clean_first=False, cmake_force_configure=False, ament_cmake_args=None, catkin_cmake_args=None, catkin_skip_building_tests=False, verb_parser=<colcon_defaults.argument_parser.defaults.DefaultArgumentsDecorator object at 0xffff976211b0>, verb_extension=<colcon_core.verb.build.BuildVerb object at 0xffff97620b20>, main=<bound method BuildVerb.main of <colcon_core.verb.build.BuildVerb object at 0xffff97620b20>>)
[6.220s] Level 1:colcon.colcon_core.package_discovery:discover_packages(colcon_meta) check parameters
[6.221s] Level 1:colcon.colcon_core.package_discovery:discover_packages(recursive) check parameters
[6.221s] Level 1:colcon.colcon_core.package_discovery:discover_packages(ignore) check parameters
[6.221s] Level 1:colcon.colcon_core.package_discovery:discover_packages(path) check parameters
[6.221s] Level 1:colcon.colcon_core.package_discovery:discover_packages(colcon_meta) discover
[6.222s] Level 1:colcon.colcon_core.package_discovery:discover_packages(recursive) discover
[6.222s] INFO:colcon.colcon_core.package_discovery:Crawling recursively for packages in '/home/groupl/MarcWS'
[6.222s] Level 1:colcon.colcon_core.package_identification:_identify(.) by extensions ['ignore', 'ignore_ament_install']
[6.223s] Level 1:colcon.colcon_core.package_identification:_identify(.) by extension 'ignore'
[6.223s] Level 1:colcon.colcon_core.package_identification:_identify(.) by extension 'ignore_ament_install'
[6.223s] Level 1:colcon.colcon_core.package_identification:_identify(.) by extensions ['colcon_pkg']
[6.223s] Level 1:colcon.colcon_core.package_identification:_identify(.) by extension 'colcon_pkg'
[6.223s] Level 1:colcon.colcon_core.package_identification:_identify(.) by extensions ['colcon_meta']
[6.223s] Level 1:colcon.colcon_core.package_identification:_identify(.) by extension 'colcon_meta'
[6.224s] Level 1:colcon.colcon_core.package_identification:_identify(.) by extensions ['ros']
[6.224s] Level 1:colcon.colcon_core.package_identification:_identify(.) by extension 'ros'
[6.304s] Level 1:colcon.colcon_core.package_identification:_identify(.) by extensions ['cmake', 'python']
[6.304s] Level 1:colcon.colcon_core.package_identification:_identify(.) by extension 'cmake'
[6.304s] Level 1:colcon.colcon_core.package_identification:_identify(.) by extension 'python'
[6.305s] Level 1:colcon.colcon_core.package_identification:_identify(.) by extensions ['python_setup_py']
[6.305s] Level 1:colcon.colcon_core.package_identification:_identify(.) by extension 'python_setup_py'
[6.305s] Level 1:colcon.colcon_core.package_identification:_identify(build) by extensions ['ignore', 'ignore_ament_install']
[6.306s] Level 1:colcon.colcon_core.package_identification:_identify(build) by extension 'ignore'
[6.306s] Level 1:colcon.colcon_core.package_identification:_identify(build) ignored
[6.307s] Level 1:colcon.colcon_core.package_identification:_identify(install) by extensions ['ignore', 'ignore_ament_install']
[6.307s] Level 1:colcon.colcon_core.package_identification:_identify(install) by extension 'ignore'
[6.307s] Level 1:colcon.colcon_core.package_identification:_identify(install) ignored
[6.308s] Level 1:colcon.colcon_core.package_identification:_identify(log) by extensions ['ignore', 'ignore_ament_install']
[6.308s] Level 1:colcon.colcon_core.package_identification:_identify(log) by extension 'ignore'
[6.309s] Level 1:colcon.colcon_core.package_identification:_identify(log) ignored
[6.310s] Level 1:colcon.colcon_core.package_identification:_identify(src) by extensions ['ignore', 'ignore_ament_install']
[6.310s] Level 1:colcon.colcon_core.package_identification:_identify(src) by extension 'ignore'
[6.310s] Level 1:colcon.colcon_core.package_identification:_identify(src) by extension 'ignore_ament_install'
[6.311s] Level 1:colcon.colcon_core.package_identification:_identify(src) by extensions ['colcon_pkg']
[6.311s] Level 1:colcon.colcon_core.package_identification:_identify(src) by extension 'colcon_pkg'
[6.311s] Level 1:colcon.colcon_core.package_identification:_identify(src) by extensions ['colcon_meta']
[6.311s] Level 1:colcon.colcon_core.package_identification:_identify(src) by extension 'colcon_meta'
[6.311s] Level 1:colcon.colcon_core.package_identification:_identify(src) by extensions ['ros']
[6.311s] Level 1:colcon.colcon_core.package_identification:_identify(src) by extension 'ros'
[6.312s] Level 1:colcon.colcon_core.package_identification:_identify(src) by extensions ['cmake', 'python']
[6.312s] Level 1:colcon.colcon_core.package_identification:_identify(src) by extension 'cmake'
[6.312s] Level 1:colcon.colcon_core.package_identification:_identify(src) by extension 'python'
[6.312s] Level 1:colcon.colcon_core.package_identification:_identify(src) by extensions ['python_setup_py']
[6.312s] Level 1:colcon.colcon_core.package_identification:_identify(src) by extension 'python_setup_py'
[6.317s] Level 1:colcon.colcon_core.package_identification:_identify(src/motor) by extensions ['ignore', 'ignore_ament_install']
[6.317s] Level 1:colcon.colcon_core.package_identification:_identify(src/motor) by extension 'ignore'
[6.318s] Level 1:colcon.colcon_core.package_identification:_identify(src/motor) by extension 'ignore_ament_install'
[6.318s] Level 1:colcon.colcon_core.package_identification:_identify(src/motor) by extensions ['colcon_pkg']
[6.318s] Level 1:colcon.colcon_core.package_identification:_identify(src/motor) by extension 'colcon_pkg'
[6.318s] Level 1:colcon.colcon_core.package_identification:_identify(src/motor) by extensions ['colcon_meta']
[6.318s] Level 1:colcon.colcon_core.package_identification:_identify(src/motor) by extension 'colcon_meta'
[6.319s] Level 1:colcon.colcon_core.package_identification:_identify(src/motor) by extensions ['ros']
[6.319s] Level 1:colcon.colcon_core.package_identification:_identify(src/motor) by extension 'ros'
[6.333s] DEBUG:colcon.colcon_core.package_identification:Package 'src/motor' with type 'ros.ament_python' and name 'motor'
[6.334s] Level 1:colcon.colcon_core.package_identification:_identify(src/motorpub) by extensions ['ignore', 'ignore_ament_install']
[6.334s] Level 1:colcon.colcon_core.package_identification:_identify(src/motorpub) by extension 'ignore'
[6.334s] Level 1:colcon.colcon_core.package_identification:_identify(src/motorpub) by extension 'ignore_ament_install'
[6.335s] Level 1:colcon.colcon_core.package_identification:_identify(src/motorpub) by extensions ['colcon_pkg']
[6.335s] Level 1:colcon.colcon_core.package_identification:_identify(src/motorpub) by extension 'colcon_pkg'
[6.335s] Level 1:colcon.colcon_core.package_identification:_identify(src/motorpub) by extensions ['colcon_meta']
[6.335s] Level 1:colcon.colcon_core.package_identification:_identify(src/motorpub) by extension 'colcon_meta'
[6.336s] Level 1:colcon.colcon_core.package_identification:_identify(src/motorpub) by extensions ['ros']
[6.336s] Level 1:colcon.colcon_core.package_identification:_identify(src/motorpub) by extension 'ros'
[6.339s] DEBUG:colcon.colcon_core.package_identification:Package 'src/motorpub' with type 'ros.ament_python' and name 'motorpub'
[6.340s] Level 1:colcon.colcon_core.package_identification:_identify(src/sensors) by extensions ['ignore', 'ignore_ament_install']
[6.341s] Level 1:colcon.colcon_core.package_identification:_identify(src/sensors) by extension 'ignore'
[6.341s] Level 1:colcon.colcon_core.package_identification:_identify(src/sensors) by extension 'ignore_ament_install'
[6.341s] Level 1:colcon.colcon_core.package_identification:_identify(src/sensors) by extensions ['colcon_pkg']
[6.341s] Level 1:colcon.colcon_core.package_identification:_identify(src/sensors) by extension 'colcon_pkg'
[6.341s] Level 1:colcon.colcon_core.package_identification:_identify(src/sensors) by extensions ['colcon_meta']
[6.342s] Level 1:colcon.colcon_core.package_identification:_identify(src/sensors) by extension 'colcon_meta'
[6.342s] Level 1:colcon.colcon_core.package_identification:_identify(src/sensors) by extensions ['ros']
[6.342s] Level 1:colcon.colcon_core.package_identification:_identify(src/sensors) by extension 'ros'
[6.345s] DEBUG:colcon.colcon_core.package_identification:Package 'src/sensors' with type 'ros.ament_python' and name 'sensors'
[6.345s] Level 1:colcon.colcon_core.package_discovery:discover_packages(recursive) using defaults
[6.345s] Level 1:colcon.colcon_core.package_discovery:discover_packages(ignore) discover
[6.345s] Level 1:colcon.colcon_core.package_discovery:discover_packages(ignore) using defaults
[6.345s] Level 1:colcon.colcon_core.package_discovery:discover_packages(path) discover
[6.346s] Level 1:colcon.colcon_core.package_discovery:discover_packages(path) using defaults
[6.820s] Level 1:colcon.colcon_core.package_discovery:discover_packages(prefix_path) check parameters
[6.820s] Level 1:colcon.colcon_core.package_discovery:discover_packages(prefix_path) discover
[6.973s] DEBUG:colcon.colcon_installed_package_information.package_discovery:Found 310 installed packages in /opt/ros/humble
[6.981s] Level 1:colcon.colcon_core.package_discovery:discover_packages(prefix_path) using defaults
[7.589s] Level 5:colcon.colcon_core.verb:set package 'motor' build argument 'cmake_args' from command line to 'None'
[7.590s] Level 5:colcon.colcon_core.verb:set package 'motor' build argument 'cmake_target' from command line to 'None'
[7.591s] Level 5:colcon.colcon_core.verb:set package 'motor' build argument 'cmake_target_skip_unavailable' from command line to 'False'
[7.591s] Level 5:colcon.colcon_core.verb:set package 'motor' build argument 'cmake_clean_cache' from command line to 'False'
[7.591s] Level 5:colcon.colcon_core.verb:set package 'motor' build argument 'cmake_clean_first' from command line to 'False'
[7.591s] Level 5:colcon.colcon_core.verb:set package 'motor' build argument 'cmake_force_configure' from command line to 'False'
[7.591s] Level 5:colcon.colcon_core.verb:set package 'motor' build argument 'ament_cmake_args' from command line to 'None'
[7.591s] Level 5:colcon.colcon_core.verb:set package 'motor' build argument 'catkin_cmake_args' from command line to 'None'
[7.591s] Level 5:colcon.colcon_core.verb:set package 'motor' build argument 'catkin_skip_building_tests' from command line to 'False'
[7.592s] DEBUG:colcon.colcon_core.verb:Building package 'motor' with the following arguments: {'ament_cmake_args': None, 'build_base': '/home/groupl/MarcWS/build/motor', 'catkin_cmake_args': None, 'catkin_skip_building_tests': False, 'cmake_args': None, 'cmake_clean_cache': False, 'cmake_clean_first': False, 'cmake_force_configure': False, 'cmake_target': None, 'cmake_target_skip_unavailable': False, 'install_base': '/home/groupl/MarcWS/install/motor', 'merge_install': False, 'path': '/home/groupl/MarcWS/src/motor', 'symlink_install': False, 'test_result_base': None}
[7.657s] Level 5:colcon.colcon_core.verb:set package 'motorpub' build argument 'cmake_args' from command line to 'None'
[7.657s] Level 5:colcon.colcon_core.verb:set package 'motorpub' build argument 'cmake_target' from command line to 'None'
[7.657s] Level 5:colcon.colcon_core.verb:set package 'motorpub' build argument 'cmake_target_skip_unavailable' from command line to 'False'
[7.658s] Level 5:colcon.colcon_core.verb:set package 'motorpub' build argument 'cmake_clean_cache' from command line to 'False'
[7.658s] Level 5:colcon.colcon_core.verb:set package 'motorpub' build argument 'cmake_clean_first' from command line to 'False'
[7.658s] Level 5:colcon.colcon_core.verb:set package 'motorpub' build argument 'cmake_force_configure' from command line to 'False'
[7.658s] Level 5:colcon.colcon_core.verb:set package 'motorpub' build argument 'ament_cmake_args' from command line to 'None'
[7.658s] Level 5:colcon.colcon_core.verb:set package 'motorpub' build argument 'catkin_cmake_args' from command line to 'None'
[7.658s] Level 5:colcon.colcon_core.verb:set package 'motorpub' build argument 'catkin_skip_building_tests' from command line to 'False'
[7.658s] DEBUG:colcon.colcon_core.verb:Building package 'motorpub' with the following arguments: {'ament_cmake_args': None, 'build_base': '/home/groupl/MarcWS/build/motorpub', 'catkin_cmake_args': None, 'catkin_skip_building_tests': False, 'cmake_args': None, 'cmake_clean_cache': False, 'cmake_clean_first': False, 'cmake_force_configure': False, 'cmake_target': None, 'cmake_target_skip_unavailable': False, 'install_base': '/home/groupl/MarcWS/install/motorpub', 'merge_install': False, 'path': '/home/groupl/MarcWS/src/motorpub', 'symlink_install': False, 'test_result_base': None}
[7.723s] Level 5:colcon.colcon_core.verb:set package 'sensors' build argument 'cmake_args' from command line to 'None'
[7.724s] Level 5:colcon.colcon_core.verb:set package 'sensors' build argument 'cmake_target' from command line to 'None'
[7.724s] Level 5:colcon.colcon_core.verb:set package 'sensors' build argument 'cmake_target_skip_unavailable' from command line to 'False'
[7.724s] Level 5:colcon.colcon_core.verb:set package 'sensors' build argument 'cmake_clean_cache' from command line to 'False'
[7.724s] Level 5:colcon.colcon_core.verb:set package 'sensors' build argument 'cmake_clean_first' from command line to 'False'
[7.724s] Level 5:colcon.colcon_core.verb:set package 'sensors' build argument 'cmake_force_configure' from command line to 'False'
[7.724s] Level 5:colcon.colcon_core.verb:set package 'sensors' build argument 'ament_cmake_args' from command line to 'None'
[7.724s] Level 5:colcon.colcon_core.verb:set package 'sensors' build argument 'catkin_cmake_args' from command line to 'None'
[7.724s] Level 5:colcon.colcon_core.verb:set package 'sensors' build argument 'catkin_skip_building_tests' from command line to 'False'
[7.724s] DEBUG:colcon.colcon_core.verb:Building package 'sensors' with the following arguments: {'ament_cmake_args': None, 'build_base': '/home/groupl/MarcWS/build/sensors', 'catkin_cmake_args': None, 'catkin_skip_building_tests': False, 'cmake_args': None, 'cmake_clean_cache': False, 'cmake_clean_first': False, 'cmake_force_configure': False, 'cmake_target': None, 'cmake_target_skip_unavailable': False, 'install_base': '/home/groupl/MarcWS/install/sensors', 'merge_install': False, 'path': '/home/groupl/MarcWS/src/sensors', 'symlink_install': False, 'test_result_base': None}
[7.788s] INFO:colcon.colcon_core.executor:Executing jobs using 'parallel' executor
[7.855s] DEBUG:colcon.colcon_parallel_executor.executor.parallel:run_until_complete
[7.856s] INFO:colcon.colcon_ros.task.ament_python.build:Building ROS package in '/home/groupl/MarcWS/src/motor' with build type 'ament_python'
[7.857s] Level 1:colcon.colcon_core.shell:create_environment_hook('motor', 'ament_prefix_path')
[7.952s] INFO:colcon.colcon_core.plugin_system:Skipping extension 'colcon_core.shell.bat': Not used on non-Windows systems
[7.953s] INFO:colcon.colcon_core.shell:Creating environment hook '/home/groupl/MarcWS/install/motor/share/motor/hook/ament_prefix_path.ps1'
[7.962s] INFO:colcon.colcon_core.shell:Creating environment descriptor '/home/groupl/MarcWS/install/motor/share/motor/hook/ament_prefix_path.dsv'
[7.966s] INFO:colcon.colcon_core.shell:Creating environment hook '/home/groupl/MarcWS/install/motor/share/motor/hook/ament_prefix_path.sh'
[8.056s] INFO:colcon.colcon_core.shell:Skip shell extension 'powershell' for command environment: Not usable outside of PowerShell
[8.057s] DEBUG:colcon.colcon_core.shell:Skip shell extension 'dsv' for command environment
[8.223s] INFO:colcon.colcon_ros.task.ament_python.build:Building ROS package in '/home/groupl/MarcWS/src/motorpub' with build type 'ament_python'
[8.224s] Level 1:colcon.colcon_core.shell:create_environment_hook('motorpub', 'ament_prefix_path')
[8.328s] INFO:colcon.colcon_core.shell:Creating environment hook '/home/groupl/MarcWS/install/motorpub/share/motorpub/hook/ament_prefix_path.ps1'
[8.333s] INFO:colcon.colcon_core.shell:Creating environment descriptor '/home/groupl/MarcWS/install/motorpub/share/motorpub/hook/ament_prefix_path.dsv'
[8.335s] INFO:colcon.colcon_core.shell:Creating environment hook '/home/groupl/MarcWS/install/motorpub/share/motorpub/hook/ament_prefix_path.sh'
[8.438s] INFO:colcon.colcon_core.shell:Skip shell extension 'powershell' for command environment: Not usable outside of PowerShell
[8.439s] DEBUG:colcon.colcon_core.shell:Skip shell extension 'dsv' for command environment
[8.604s] INFO:colcon.colcon_ros.task.ament_python.build:Building ROS package in '/home/groupl/MarcWS/src/sensors' with build type 'ament_python'
[8.605s] Level 1:colcon.colcon_core.shell:create_environment_hook('sensors', 'ament_prefix_path')
[8.680s] INFO:colcon.colcon_core.shell:Creating environment hook '/home/groupl/MarcWS/install/sensors/share/sensors/hook/ament_prefix_path.ps1'
[8.685s] INFO:colcon.colcon_core.shell:Creating environment descriptor '/home/groupl/MarcWS/install/sensors/share/sensors/hook/ament_prefix_path.dsv'
[8.688s] INFO:colcon.colcon_core.shell:Creating environment hook '/home/groupl/MarcWS/install/sensors/share/sensors/hook/ament_prefix_path.sh'
[8.770s] INFO:colcon.colcon_core.shell:Skip shell extension 'powershell' for command environment: Not usable outside of PowerShell
[8.770s] DEBUG:colcon.colcon_core.shell:Skip shell extension 'dsv' for command environment
[10.351s] INFO:colcon.colcon_core.task.python.build:Building Python package in '/home/groupl/MarcWS/src/motor'
[10.437s] INFO:colcon.colcon_core.shell:Skip shell extension 'powershell' for command environment: Not usable outside of PowerShell
[10.437s] DEBUG:colcon.colcon_core.shell:Skip shell extension 'dsv' for command environment
[11.787s] INFO:colcon.colcon_core.task.python.build:Building Python package in '/home/groupl/MarcWS/src/motorpub'
[11.861s] INFO:colcon.colcon_core.shell:Skip shell extension 'powershell' for command environment: Not usable outside of PowerShell
[11.862s] DEBUG:colcon.colcon_core.shell:Skip shell extension 'dsv' for command environment
[13.213s] INFO:colcon.colcon_core.task.python.build:Building Python package in '/home/groupl/MarcWS/src/sensors'
[13.283s] INFO:colcon.colcon_core.shell:Skip shell extension 'powershell' for command environment: Not usable outside of PowerShell
[13.283s] DEBUG:colcon.colcon_core.shell:Skip shell extension 'dsv' for command environment
[16.901s] DEBUG:colcon.colcon_core.event_handler.log_command:Invoking command in '/home/groupl/MarcWS/src/motor': PYTHONPATH=/home/groupl/MarcWS/build/motor/prefix_override:/home/groupl/MarcWS/install/motor/lib/python3.10/site-packages:${PYTHONPATH} /usr/bin/python3 setup.py egg_info --egg-base ../../build/motor build --build-base /home/groupl/MarcWS/build/motor/build install --record /home/groupl/MarcWS/build/motor/install.log --single-version-externally-managed
[16.957s] DEBUG:colcon.colcon_core.event_handler.log_command:Invoking command in '/home/groupl/MarcWS/src/motorpub': PYTHONPATH=/home/groupl/MarcWS/build/motorpub/prefix_override:/home/groupl/MarcWS/install/motorpub/lib/python3.10/site-packages:${PYTHONPATH} /usr/bin/python3 setup.py egg_info --egg-base ../../build/motorpub build --build-base /home/groupl/MarcWS/build/motorpub/build install --record /home/groupl/MarcWS/build/motorpub/install.log --single-version-externally-managed
[16.961s] DEBUG:colcon.colcon_core.event_handler.log_command:Invoking command in '/home/groupl/MarcWS/src/sensors': PYTHONPATH=/home/groupl/MarcWS/build/sensors/prefix_override:/home/groupl/MarcWS/install/sensors/lib/python3.10/site-packages:${PYTHONPATH} /usr/bin/python3 setup.py egg_info --egg-base ../../build/sensors build --build-base /home/groupl/MarcWS/build/sensors/build install --record /home/groupl/MarcWS/build/sensors/install.log --single-version-externally-managed
[19.070s] DEBUG:colcon.colcon_core.event_handler.log_command:Invoked command in '/home/groupl/MarcWS/src/motorpub' returned '0': PYTHONPATH=/home/groupl/MarcWS/build/motorpub/prefix_override:/home/groupl/MarcWS/install/motorpub/lib/python3.10/site-packages:${PYTHONPATH} /usr/bin/python3 setup.py egg_info --egg-base ../../build/motorpub build --build-base /home/groupl/MarcWS/build/motorpub/build install --record /home/groupl/MarcWS/build/motorpub/install.log --single-version-externally-managed
[19.184s] Level 1:colcon.colcon_core.environment:checking '/home/groupl/MarcWS/install/motorpub' for CMake module files
[19.188s] Level 1:colcon.colcon_core.environment:checking '/home/groupl/MarcWS/install/motorpub' for CMake config files
[19.197s] Level 1:colcon.colcon_core.environment:checking '/home/groupl/MarcWS/install/motorpub/lib'
[19.198s] Level 1:colcon.colcon_core.environment:checking '/home/groupl/MarcWS/install/motorpub/bin'
[19.198s] Level 1:colcon.colcon_core.environment:checking '/home/groupl/MarcWS/install/motorpub/lib/pkgconfig/motorpub.pc'
[19.200s] Level 1:colcon.colcon_core.environment:checking '/home/groupl/MarcWS/install/motorpub/lib/python3.10/site-packages'
[19.200s] Level 1:colcon.colcon_core.shell:create_environment_hook('motorpub', 'pythonpath')
[19.270s] INFO:colcon.colcon_core.shell:Creating environment hook '/home/groupl/MarcWS/install/motorpub/share/motorpub/hook/pythonpath.ps1'
[19.273s] INFO:colcon.colcon_core.shell:Creating environment descriptor '/home/groupl/MarcWS/install/motorpub/share/motorpub/hook/pythonpath.dsv'
[19.274s] INFO:colcon.colcon_core.shell:Creating environment hook '/home/groupl/MarcWS/install/motorpub/share/motorpub/hook/pythonpath.sh'
[19.277s] Level 1:colcon.colcon_core.environment:checking '/home/groupl/MarcWS/install/motorpub/bin'
[19.277s] Level 1:colcon.colcon_core.environment:create_environment_scripts_only(motorpub)
[19.347s] INFO:colcon.colcon_core.shell:Creating package script '/home/groupl/MarcWS/install/motorpub/share/motorpub/package.ps1'
[19.352s] INFO:colcon.colcon_core.shell:Creating package descriptor '/home/groupl/MarcWS/install/motorpub/share/motorpub/package.dsv'
[19.355s] INFO:colcon.colcon_core.shell:Creating package script '/home/groupl/MarcWS/install/motorpub/share/motorpub/package.sh'
[19.359s] INFO:colcon.colcon_core.shell:Creating package script '/home/groupl/MarcWS/install/motorpub/share/motorpub/package.bash'
[19.363s] INFO:colcon.colcon_core.shell:Creating package script '/home/groupl/MarcWS/install/motorpub/share/motorpub/package.zsh'
[19.367s] Level 1:colcon.colcon_core.environment:create_file_with_runtime_dependencies(/home/groupl/MarcWS/install/motorpub/share/colcon-core/packages/motorpub)
[19.376s] DEBUG:colcon.colcon_core.event_handler.log_command:Invoked command in '/home/groupl/MarcWS/src/motor' returned '0': PYTHONPATH=/home/groupl/MarcWS/build/motor/prefix_override:/home/groupl/MarcWS/install/motor/lib/python3.10/site-packages:${PYTHONPATH} /usr/bin/python3 setup.py egg_info --egg-base ../../build/motor build --build-base /home/groupl/MarcWS/build/motor/build install --record /home/groupl/MarcWS/build/motor/install.log --single-version-externally-managed
[19.465s] Level 1:colcon.colcon_core.environment:checking '/home/groupl/MarcWS/install/motor' for CMake module files
[19.469s] Level 1:colcon.colcon_core.environment:checking '/home/groupl/MarcWS/install/motor' for CMake config files
[19.473s] Level 1:colcon.colcon_core.shell:create_environment_hook('motor', 'cmake_prefix_path')
[19.545s] INFO:colcon.colcon_core.shell:Creating environment hook '/home/groupl/MarcWS/install/motor/share/motor/hook/cmake_prefix_path.ps1'
[19.547s] INFO:colcon.colcon_core.shell:Creating environment descriptor '/home/groupl/MarcWS/install/motor/share/motor/hook/cmake_prefix_path.dsv'
[19.549s] INFO:colcon.colcon_core.shell:Creating environment hook '/home/groupl/MarcWS/install/motor/share/motor/hook/cmake_prefix_path.sh'
[19.552s] Level 1:colcon.colcon_core.environment:checking '/home/groupl/MarcWS/install/motor/lib'
[19.552s] Level 1:colcon.colcon_core.environment:checking '/home/groupl/MarcWS/install/motor/bin'
[19.552s] Level 1:colcon.colcon_core.environment:checking '/home/groupl/MarcWS/install/motor/lib/pkgconfig/motor.pc'
[19.553s] Level 1:colcon.colcon_core.environment:checking '/home/groupl/MarcWS/install/motor/lib/python3.10/site-packages'
[19.554s] Level 1:colcon.colcon_core.shell:create_environment_hook('motor', 'pythonpath')
[19.621s] INFO:colcon.colcon_core.shell:Creating environment hook '/home/groupl/MarcWS/install/motor/share/motor/hook/pythonpath.ps1'
[19.624s] INFO:colcon.colcon_core.shell:Creating environment descriptor '/home/groupl/MarcWS/install/motor/share/motor/hook/pythonpath.dsv'
[19.628s] INFO:colcon.colcon_core.shell:Creating environment hook '/home/groupl/MarcWS/install/motor/share/motor/hook/pythonpath.sh'
[19.631s] Level 1:colcon.colcon_core.environment:checking '/home/groupl/MarcWS/install/motor/bin'
[19.632s] Level 1:colcon.colcon_core.environment:create_environment_scripts_only(motor)
[19.698s] INFO:colcon.colcon_core.shell:Creating package script '/home/groupl/MarcWS/install/motor/share/motor/package.ps1'
[19.700s] INFO:colcon.colcon_core.shell:Creating package descriptor '/home/groupl/MarcWS/install/motor/share/motor/package.dsv'
[19.703s] INFO:colcon.colcon_core.shell:Creating package script '/home/groupl/MarcWS/install/motor/share/motor/package.sh'
[19.705s] INFO:colcon.colcon_core.shell:Creating package script '/home/groupl/MarcWS/install/motor/share/motor/package.bash'
[19.707s] INFO:colcon.colcon_core.shell:Creating package script '/home/groupl/MarcWS/install/motor/share/motor/package.zsh'
[19.708s] Level 1:colcon.colcon_core.environment:create_file_with_runtime_dependencies(/home/groupl/MarcWS/install/motor/share/colcon-core/packages/motor)
[19.714s] DEBUG:colcon.colcon_core.event_handler.log_command:Invoked command in '/home/groupl/MarcWS/src/sensors' returned '0': PYTHONPATH=/home/groupl/MarcWS/build/sensors/prefix_override:/home/groupl/MarcWS/install/sensors/lib/python3.10/site-packages:${PYTHONPATH} /usr/bin/python3 setup.py egg_info --egg-base ../../build/sensors build --build-base /home/groupl/MarcWS/build/sensors/build install --record /home/groupl/MarcWS/build/sensors/install.log --single-version-externally-managed
[19.785s] Level 1:colcon.colcon_core.environment:checking '/home/groupl/MarcWS/install/sensors' for CMake module files
[19.787s] Level 1:colcon.colcon_core.environment:checking '/home/groupl/MarcWS/install/sensors' for CMake config files
[19.792s] Level 1:colcon.colcon_core.environment:checking '/home/groupl/MarcWS/install/sensors/lib'
[19.793s] Level 1:colcon.colcon_core.environment:checking '/home/groupl/MarcWS/install/sensors/bin'
[19.793s] Level 1:colcon.colcon_core.environment:checking '/home/groupl/MarcWS/install/sensors/lib/pkgconfig/sensors.pc'
[19.794s] Level 1:colcon.colcon_core.environment:checking '/home/groupl/MarcWS/install/sensors/lib/python3.10/site-packages'
[19.794s] Level 1:colcon.colcon_core.shell:create_environment_hook('sensors', 'pythonpath')
[19.877s] INFO:colcon.colcon_core.shell:Creating environment hook '/home/groupl/MarcWS/install/sensors/share/sensors/hook/pythonpath.ps1'
[19.879s] INFO:colcon.colcon_core.shell:Creating environment descriptor '/home/groupl/MarcWS/install/sensors/share/sensors/hook/pythonpath.dsv'
[19.880s] INFO:colcon.colcon_core.shell:Creating environment hook '/home/groupl/MarcWS/install/sensors/share/sensors/hook/pythonpath.sh'
[19.883s] Level 1:colcon.colcon_core.environment:checking '/home/groupl/MarcWS/install/sensors/bin'
[19.883s] Level 1:colcon.colcon_core.environment:create_environment_scripts_only(sensors)
[19.957s] INFO:colcon.colcon_core.shell:Creating package script '/home/groupl/MarcWS/install/sensors/share/sensors/package.ps1'
[19.960s] INFO:colcon.colcon_core.shell:Creating package descriptor '/home/groupl/MarcWS/install/sensors/share/sensors/package.dsv'
[19.962s] INFO:colcon.colcon_core.shell:Creating package script '/home/groupl/MarcWS/install/sensors/share/sensors/package.sh'
[19.964s] INFO:colcon.colcon_core.shell:Creating package script '/home/groupl/MarcWS/install/sensors/share/sensors/package.bash'
[19.965s] INFO:colcon.colcon_core.shell:Creating package script '/home/groupl/MarcWS/install/sensors/share/sensors/package.zsh'
[19.967s] Level 1:colcon.colcon_core.environment:create_file_with_runtime_dependencies(/home/groupl/MarcWS/install/sensors/share/colcon-core/packages/sensors)
[19.969s] DEBUG:colcon.colcon_parallel_executor.executor.parallel:closing loop
[19.972s] DEBUG:colcon.colcon_parallel_executor.executor.parallel:loop closed
[19.972s] DEBUG:colcon.colcon_parallel_executor.executor.parallel:run_until_complete finished with '0'
[19.973s] DEBUG:colcon.colcon_core.event_reactor:joining thread
[20.168s] INFO:colcon.colcon_core.plugin_system:Skipping extension 'colcon_notification.desktop_notification.terminal_notifier': Not used on non-Darwin systems
[20.168s] INFO:colcon.colcon_core.plugin_system:Skipping extension 'colcon_notification.desktop_notification.win32': Not used on non-Windows systems
[20.169s] INFO:colcon.colcon_notification.desktop_notification:Sending desktop notification using 'notify2'
[20.645s] DEBUG:colcon.colcon_core.event_reactor:joined thread
[20.751s] INFO:colcon.colcon_core.shell:Creating prefix script '/home/groupl/MarcWS/install/local_setup.ps1'
[20.756s] INFO:colcon.colcon_core.shell:Creating prefix util module '/home/groupl/MarcWS/install/_local_setup_util_ps1.py'
[20.763s] INFO:colcon.colcon_core.shell:Creating prefix chain script '/home/groupl/MarcWS/install/setup.ps1'
[20.879s] INFO:colcon.colcon_core.shell:Creating prefix script '/home/groupl/MarcWS/install/local_setup.sh'
[20.883s] INFO:colcon.colcon_core.shell:Creating prefix util module '/home/groupl/MarcWS/install/_local_setup_util_sh.py'
[20.885s] INFO:colcon.colcon_core.shell:Creating prefix chain script '/home/groupl/MarcWS/install/setup.sh'
[20.955s] INFO:colcon.colcon_core.shell:Creating prefix script '/home/groupl/MarcWS/install/local_setup.bash'
[20.957s] INFO:colcon.colcon_core.shell:Creating prefix chain script '/home/groupl/MarcWS/install/setup.bash'
[21.026s] INFO:colcon.colcon_core.shell:Creating prefix script '/home/groupl/MarcWS/install/local_setup.zsh'
[21.029s] INFO:colcon.colcon_core.shell:Creating prefix chain script '/home/groupl/MarcWS/install/setup.zsh'
