[8.675s] Invoking command in '/home/groupl/MarcWS/src/motorpub': PYTHONPATH=/home/groupl/MarcWS/build/motorpub/prefix_override:/home/groupl/MarcWS/install/motorpub/lib/python3.10/site-packages:${PYTHONPATH} /usr/bin/python3 setup.py egg_info --egg-base ../../build/motorpub build --build-base /home/groupl/MarcWS/build/motorpub/build install --record /home/groupl/MarcWS/build/motorpub/install.log --single-version-externally-managed
[10.221s] running egg_info
[10.225s] writing ../../build/motorpub/motorpub.egg-info/PKG-INFO
[10.229s] writing dependency_links to ../../build/motorpub/motorpub.egg-info/dependency_links.txt
[10.230s] writing entry points to ../../build/motorpub/motorpub.egg-info/entry_points.txt
[10.231s] writing requirements to ../../build/motorpub/motorpub.egg-info/requires.txt
[10.231s] writing top-level names to ../../build/motorpub/motorpub.egg-info/top_level.txt
[10.238s] reading manifest file '../../build/motorpub/motorpub.egg-info/SOURCES.txt'
[10.244s] writing manifest file '../../build/motorpub/motorpub.egg-info/SOURCES.txt'
[10.245s] running build
[10.247s] running build_py
[10.249s] running install
[10.251s] /usr/lib/python3/dist-packages/setuptools/command/install.py:34: SetuptoolsDeprecationWarning: setup.py install is deprecated. Use build and pip and other standards-based tools.
[10.252s]   warnings.warn(
[10.253s] running install_lib
[10.260s] running install_data
[10.278s] running install_egg_info
[10.284s] removing '/home/groupl/MarcWS/install/motorpub/lib/python3.10/site-packages/motorpub-0.0.0-py3.10.egg-info' (and everything under it)
[10.285s] Copying ../../build/motorpub/motorpub.egg-info to /home/groupl/MarcWS/install/motorpub/lib/python3.10/site-packages/motorpub-0.0.0-py3.10.egg-info
[10.293s] running install_scripts
[10.425s] Installing motorpub script to /home/groupl/MarcWS/install/motorpub/lib/motorpub
[10.430s] writing list of installed files to '/home/groupl/MarcWS/build/motorpub/install.log'
[11.343s] Invoked command in '/home/groupl/MarcWS/src/motorpub' returned '0': PYTHONPATH=/home/groupl/MarcWS/build/motorpub/prefix_override:/home/groupl/MarcWS/install/motorpub/lib/python3.10/site-packages:${PYTHONPATH} /usr/bin/python3 setup.py egg_info --egg-base ../../build/motorpub build --build-base /home/groupl/MarcWS/build/motorpub/build install --record /home/groupl/MarcWS/build/motorpub/install.log --single-version-externally-managed
