[6.998s] Invoking command in '/home/groupl/MarcWS/src/motor': PYTHONPATH=/home/groupl/MarcWS/build/motor/prefix_override:/home/groupl/MarcWS/install/motor/lib/python3.10/site-packages:${PYTHONPATH} /usr/bin/python3 setup.py egg_info --egg-base ../../build/motor build --build-base /home/groupl/MarcWS/build/motor/build install --record /home/groupl/MarcWS/build/motor/install.log --single-version-externally-managed
[8.469s] running egg_info
[8.471s] writing ../../build/motor/motor.egg-info/PKG-INFO
[8.486s] writing dependency_links to ../../build/motor/motor.egg-info/dependency_links.txt
[8.488s] writing entry points to ../../build/motor/motor.egg-info/entry_points.txt
[8.488s] writing requirements to ../../build/motor/motor.egg-info/requires.txt
[8.489s] writing top-level names to ../../build/motor/motor.egg-info/top_level.txt
[8.497s] reading manifest file '../../build/motor/motor.egg-info/SOURCES.txt'
[8.505s] writing manifest file '../../build/motor/motor.egg-info/SOURCES.txt'
[8.505s] running build
[8.508s] running build_py
[8.508s] copying motor/motorpwm.py -> /home/groupl/MarcWS/build/motor/build/lib/motor
[8.509s] running install
[8.510s] /usr/lib/python3/dist-packages/setuptools/command/install.py:34: SetuptoolsDeprecationWarning: setup.py install is deprecated. Use build and pip and other standards-based tools.
[8.510s]   warnings.warn(
[8.511s] running install_lib
[8.517s] copying /home/groupl/MarcWS/build/motor/build/lib/motor/motorpwm.py -> /home/groupl/MarcWS/install/motor/lib/python3.10/site-packages/motor
[8.521s] byte-compiling /home/groupl/MarcWS/install/motor/lib/python3.10/site-packages/motor/motorpwm.py to motorpwm.cpython-310.pyc
[8.524s] running install_data
[8.528s] running install_egg_info
[8.536s] removing '/home/groupl/MarcWS/install/motor/lib/python3.10/site-packages/motor-0.0.0-py3.10.egg-info' (and everything under it)
[8.538s] Copying ../../build/motor/motor.egg-info to /home/groupl/MarcWS/install/motor/lib/python3.10/site-packages/motor-0.0.0-py3.10.egg-info
[8.545s] running install_scripts
[8.642s] Installing motorpwm script to /home/groupl/MarcWS/install/motor/lib/motor
[8.649s] writing list of installed files to '/home/groupl/MarcWS/build/motor/install.log'
[9.156s] Invoked command in '/home/groupl/MarcWS/src/motor' returned '0': PYTHONPATH=/home/groupl/MarcWS/build/motor/prefix_override:/home/groupl/MarcWS/install/motor/lib/python3.10/site-packages:${PYTHONPATH} /usr/bin/python3 setup.py egg_info --egg-base ../../build/motor build --build-base /home/groupl/MarcWS/build/motor/build install --record /home/groupl/MarcWS/build/motor/install.log --single-version-externally-managed
