[8.068s] Invoking command in '/home/groupl/MarcWS/src/motor': PYTHONPATH=/home/groupl/MarcWS/build/motor/prefix_override:/home/groupl/MarcWS/install/motor/lib/python3.10/site-packages:${PYTHONPATH} /usr/bin/python3 setup.py egg_info --egg-base ../../build/motor build --build-base /home/groupl/MarcWS/build/motor/build install --record /home/groupl/MarcWS/build/motor/install.log --single-version-externally-managed
[9.506s] running egg_info
[9.509s] writing ../../build/motor/motor.egg-info/PKG-INFO
[9.514s] writing dependency_links to ../../build/motor/motor.egg-info/dependency_links.txt
[9.515s] writing entry points to ../../build/motor/motor.egg-info/entry_points.txt
[9.516s] writing requirements to ../../build/motor/motor.egg-info/requires.txt
[9.517s] writing top-level names to ../../build/motor/motor.egg-info/top_level.txt
[9.529s] reading manifest file '../../build/motor/motor.egg-info/SOURCES.txt'
[9.534s] writing manifest file '../../build/motor/motor.egg-info/SOURCES.txt'
[9.535s] running build
[9.535s] running build_py
[9.543s] copying motor/motorpwm.py -> /home/groupl/MarcWS/build/motor/build/lib/motor
[9.549s] running install
[9.549s] /usr/lib/python3/dist-packages/setuptools/command/install.py:34: SetuptoolsDeprecationWarning: setup.py install is deprecated. Use build and pip and other standards-based tools.
[9.550s]   warnings.warn(
[9.552s] running install_lib
[9.555s] copying /home/groupl/MarcWS/build/motor/build/lib/motor/motorpwm.py -> /home/groupl/MarcWS/install/motor/lib/python3.10/site-packages/motor
[9.559s] byte-compiling /home/groupl/MarcWS/install/motor/lib/python3.10/site-packages/motor/motorpwm.py to motorpwm.cpython-310.pyc
[9.561s] running install_data
[9.566s] running install_egg_info
[9.574s] removing '/home/groupl/MarcWS/install/motor/lib/python3.10/site-packages/motor-0.0.0-py3.10.egg-info' (and everything under it)
[9.577s] Copying ../../build/motor/motor.egg-info to /home/groupl/MarcWS/install/motor/lib/python3.10/site-packages/motor-0.0.0-py3.10.egg-info
[9.583s] running install_scripts
[9.684s] Installing motorpwm script to /home/groupl/MarcWS/install/motor/lib/motor
[9.686s] writing list of installed files to '/home/groupl/MarcWS/build/motor/install.log'
[9.893s] Invoked command in '/home/groupl/MarcWS/src/motor' returned '0': PYTHONPATH=/home/groupl/MarcWS/build/motor/prefix_override:/home/groupl/MarcWS/install/motor/lib/python3.10/site-packages:${PYTHONPATH} /usr/bin/python3 setup.py egg_info --egg-base ../../build/motor build --build-base /home/groupl/MarcWS/build/motor/build install --record /home/groupl/MarcWS/build/motor/install.log --single-version-externally-managed
