[6.334s] Invoking command in '/home/groupl/MarcWS/src/sensors': PYTHONPATH=/home/groupl/MarcWS/build/sensors/prefix_override:/home/groupl/MarcWS/install/sensors/lib/python3.10/site-packages:${PYTHONPATH} /usr/bin/python3 setup.py egg_info --egg-base ../../build/sensors build --build-base /home/groupl/MarcWS/build/sensors/build install --record /home/groupl/MarcWS/build/sensors/install.log --single-version-externally-managed
[7.693s] running egg_info
[7.695s] writing ../../build/sensors/sensors.egg-info/PKG-INFO
[7.699s] writing dependency_links to ../../build/sensors/sensors.egg-info/dependency_links.txt
[7.702s] writing entry points to ../../build/sensors/sensors.egg-info/entry_points.txt
[7.703s] writing requirements to ../../build/sensors/sensors.egg-info/requires.txt
[7.704s] writing top-level names to ../../build/sensors/sensors.egg-info/top_level.txt
[7.713s] reading manifest file '../../build/sensors/sensors.egg-info/SOURCES.txt'
[7.718s] writing manifest file '../../build/sensors/sensors.egg-info/SOURCES.txt'
[7.719s] running build
[7.719s] running build_py
[7.722s] running install
[7.724s] /usr/lib/python3/dist-packages/setuptools/command/install.py:34: SetuptoolsDeprecationWarning: setup.py install is deprecated. Use build and pip and other standards-based tools.
[7.725s]   warnings.warn(
[7.726s] running install_lib
[7.737s] running install_data
[7.742s] running install_egg_info
[7.751s] removing '/home/groupl/MarcWS/install/sensors/lib/python3.10/site-packages/sensors-0.0.0-py3.10.egg-info' (and everything under it)
[7.752s] Copying ../../build/sensors/sensors.egg-info to /home/groupl/MarcWS/install/sensors/lib/python3.10/site-packages/sensors-0.0.0-py3.10.egg-info
[7.759s] running install_scripts
[7.861s] Installing serialread script to /home/groupl/MarcWS/install/sensors/lib/sensors
[7.878s] writing list of installed files to '/home/groupl/MarcWS/build/sensors/install.log'
[8.422s] Invoked command in '/home/groupl/MarcWS/src/sensors' returned '0': PYTHONPATH=/home/groupl/MarcWS/build/sensors/prefix_override:/home/groupl/MarcWS/install/sensors/lib/python3.10/site-packages:${PYTHONPATH} /usr/bin/python3 setup.py egg_info --egg-base ../../build/sensors build --build-base /home/groupl/MarcWS/build/sensors/build install --record /home/groupl/MarcWS/build/sensors/install.log --single-version-externally-managed
