[6.997s] Invoking command in '/home/groupl/MarcWS/src/motor': PYTHONPATH=/home/groupl/MarcWS/build/motor/prefix_override:/home/groupl/MarcWS/install/motor/lib/python3.10/site-packages:${PYTHONPATH} /usr/bin/python3 setup.py egg_info --egg-base ../../build/motor build --build-base /home/groupl/MarcWS/build/motor/build install --record /home/groupl/MarcWS/build/motor/install.log --single-version-externally-managed
[8.401s] running egg_info
[8.404s] writing ../../build/motor/motor.egg-info/PKG-INFO
[8.411s] writing dependency_links to ../../build/motor/motor.egg-info/dependency_links.txt
[8.412s] writing entry points to ../../build/motor/motor.egg-info/entry_points.txt
[8.413s] writing requirements to ../../build/motor/motor.egg-info/requires.txt
[8.415s] writing top-level names to ../../build/motor/motor.egg-info/top_level.txt
[8.425s] reading manifest file '../../build/motor/motor.egg-info/SOURCES.txt'
[8.430s] writing manifest file '../../build/motor/motor.egg-info/SOURCES.txt'
[8.430s] running build
[8.431s] running build_py
[8.433s] copying motor/motorpwm.py -> /home/groupl/MarcWS/build/motor/build/lib/motor
[8.437s] running install
[8.439s] /usr/lib/python3/dist-packages/setuptools/command/install.py:34: SetuptoolsDeprecationWarning: setup.py install is deprecated. Use build and pip and other standards-based tools.
[8.439s]   warnings.warn(
[8.440s] running install_lib
[8.445s] copying /home/groupl/MarcWS/build/motor/build/lib/motor/motorpwm.py -> /home/groupl/MarcWS/install/motor/lib/python3.10/site-packages/motor
[8.450s] byte-compiling /home/groupl/MarcWS/install/motor/lib/python3.10/site-packages/motor/motorpwm.py to motorpwm.cpython-310.pyc
[8.452s] running install_data
[8.456s] running install_egg_info
[8.465s] removing '/home/groupl/MarcWS/install/motor/lib/python3.10/site-packages/motor-0.0.0-py3.10.egg-info' (and everything under it)
[8.466s] Copying ../../build/motor/motor.egg-info to /home/groupl/MarcWS/install/motor/lib/python3.10/site-packages/motor-0.0.0-py3.10.egg-info
[8.473s] running install_scripts
[8.569s] Installing motorpwm script to /home/groupl/MarcWS/install/motor/lib/motor
[8.580s] writing list of installed files to '/home/groupl/MarcWS/build/motor/install.log'
[8.776s] Invoked command in '/home/groupl/MarcWS/src/motor' returned '0': PYTHONPATH=/home/groupl/MarcWS/build/motor/prefix_override:/home/groupl/MarcWS/install/motor/lib/python3.10/site-packages:${PYTHONPATH} /usr/bin/python3 setup.py egg_info --egg-base ../../build/motor build --build-base /home/groupl/MarcWS/build/motor/build install --record /home/groupl/MarcWS/build/motor/install.log --single-version-externally-managed
