[7.524s] Invoking command in '/home/groupl/MarcWS/src/motor': PYTHONPATH=/home/groupl/MarcWS/build/motor/prefix_override:/home/groupl/MarcWS/install/motor/lib/python3.10/site-packages:${PYTHONPATH} /usr/bin/python3 setup.py egg_info --egg-base ../../build/motor build --build-base /home/groupl/MarcWS/build/motor/build install --record /home/groupl/MarcWS/build/motor/install.log --single-version-externally-managed
[8.890s] running egg_info
[8.892s] writing ../../build/motor/motor.egg-info/PKG-INFO
[8.897s] writing dependency_links to ../../build/motor/motor.egg-info/dependency_links.txt
[8.899s] writing entry points to ../../build/motor/motor.egg-info/entry_points.txt
[8.899s] writing requirements to ../../build/motor/motor.egg-info/requires.txt
[8.900s] writing top-level names to ../../build/motor/motor.egg-info/top_level.txt
[8.910s] reading manifest file '../../build/motor/motor.egg-info/SOURCES.txt'
[8.931s] writing manifest file '../../build/motor/motor.egg-info/SOURCES.txt'
[8.932s] running build
[8.932s] running build_py
[8.971s] copying motor/motorpwm.py -> /home/groupl/MarcWS/build/motor/build/lib/motor
[8.975s] running install
[8.976s] /usr/lib/python3/dist-packages/setuptools/command/install.py:34: SetuptoolsDeprecationWarning: setup.py install is deprecated. Use build and pip and other standards-based tools.
[8.977s]   warnings.warn(
[8.981s] running install_lib
[8.984s] copying /home/groupl/MarcWS/build/motor/build/lib/motor/motorpwm.py -> /home/groupl/MarcWS/install/motor/lib/python3.10/site-packages/motor
[8.990s] byte-compiling /home/groupl/MarcWS/install/motor/lib/python3.10/site-packages/motor/motorpwm.py to motorpwm.cpython-310.pyc
[9.005s] running install_data
[9.011s] running install_egg_info
[9.022s] removing '/home/groupl/MarcWS/install/motor/lib/python3.10/site-packages/motor-0.0.0-py3.10.egg-info' (and everything under it)
[9.024s] Copying ../../build/motor/motor.egg-info to /home/groupl/MarcWS/install/motor/lib/python3.10/site-packages/motor-0.0.0-py3.10.egg-info
[9.043s] running install_scripts
[9.130s] Installing motorpwm script to /home/groupl/MarcWS/install/motor/lib/motor
[9.136s] writing list of installed files to '/home/groupl/MarcWS/build/motor/install.log'
[9.340s] Invoked command in '/home/groupl/MarcWS/src/motor' returned '0': PYTHONPATH=/home/groupl/MarcWS/build/motor/prefix_override:/home/groupl/MarcWS/install/motor/lib/python3.10/site-packages:${PYTHONPATH} /usr/bin/python3 setup.py egg_info --egg-base ../../build/motor build --build-base /home/groupl/MarcWS/build/motor/build install --record /home/groupl/MarcWS/build/motor/install.log --single-version-externally-managed
