[5.954s] DEBUG:colcon:Command line arguments: ['/usr/bin/colcon', 'build']
[5.954s] DEBUG:colcon:Parsed command line arguments: Namespace(log_base=None, log_level=None, verb_name='build', build_base='build', install_base='install', merge_install=False, symlink_install=False, test_result_base=None, continue_on_error=False, executor='parallel', parallel_workers=4, event_handlers=None, ignore_user_meta=False, metas=['./colcon.meta'], base_paths=['.'], packages_ignore=None, packages_ignore_regex=None, paths=None, packages_up_to=None, packages_up_to_regex=None, packages_above=None, packages_above_and_dependencies=None, packages_above_depth=None, packages_select_by_dep=None, packages_skip_by_dep=None, packages_skip_up_to=None, packages_select_build_failed=False, packages_skip_build_finished=False, packages_select_test_failures=False, packages_skip_test_passed=False, packages_select=None, packages_skip=None, packages_select_regex=None, packages_skip_regex=None, packages_start=None, packages_end=None, allow_overriding=[], cmake_args=None, cmake_target=None, cmake_target_skip_unavailable=False, cmake_clean_cache=False, cmake_clean_first=False, cmake_force_configure=False, ament_cmake_args=None, catkin_cmake_args=None, catkin_skip_building_tests=False, verb_parser=<colcon_defaults.argument_parser.defaults.DefaultArgumentsDecorator object at 0xffff960823b0>, verb_extension=<colcon_core.verb.build.BuildVerb object at 0xffff96080820>, main=<bound method BuildVerb.main of <colcon_core.verb.build.BuildVerb object at 0xffff96080820>>)
[6.272s] Level 1:colcon.colcon_core.package_discovery:discover_packages(colcon_meta) check parameters
[6.272s] Level 1:colcon.colcon_core.package_discovery:discover_packages(recursive) check parameters
[6.272s] Level 1:colcon.colcon_core.package_discovery:discover_packages(ignore) check parameters
[6.272s] Level 1:colcon.colcon_core.package_discovery:discover_packages(path) check parameters
[6.272s] Level 1:colcon.colcon_core.package_discovery:discover_packages(colcon_meta) discover
[6.273s] Level 1:colcon.colcon_core.package_discovery:discover_packages(recursive) discover
[6.273s] INFO:colcon.colcon_core.package_discovery:Crawling recursively for packages in '/home/groupl/MarcWS'
[6.273s] Level 1:colcon.colcon_core.package_identification:_identify(.) by extensions ['ignore', 'ignore_ament_install']
[6.274s] Level 1:colcon.colcon_core.package_identification:_identify(.) by extension 'ignore'
[6.274s] Level 1:colcon.colcon_core.package_identification:_identify(.) by extension 'ignore_ament_install'
[6.274s] Level 1:colcon.colcon_core.package_identification:_identify(.) by extensions ['colcon_pkg']
[6.274s] Level 1:colcon.colcon_core.package_identification:_identify(.) by extension 'colcon_pkg'
[6.275s] Level 1:colcon.colcon_core.package_identification:_identify(.) by extensions ['colcon_meta']
[6.275s] Level 1:colcon.colcon_core.package_identification:_identify(.) by extension 'colcon_meta'
[6.275s] Level 1:colcon.colcon_core.package_identification:_identify(.) by extensions ['ros']
[6.275s] Level 1:colcon.colcon_core.package_identification:_identify(.) by extension 'ros'
[6.352s] Level 1:colcon.colcon_core.package_identification:_identify(.) by extensions ['cmake', 'python']
[6.352s] Level 1:colcon.colcon_core.package_identification:_identify(.) by extension 'cmake'
[6.353s] Level 1:colcon.colcon_core.package_identification:_identify(.) by extension 'python'
[6.353s] Level 1:colcon.colcon_core.package_identification:_identify(.) by extensions ['python_setup_py']
[6.353s] Level 1:colcon.colcon_core.package_identification:_identify(.) by extension 'python_setup_py'
[6.353s] Level 1:colcon.colcon_core.package_identification:_identify(build) by extensions ['ignore', 'ignore_ament_install']
[6.354s] Level 1:colcon.colcon_core.package_identification:_identify(build) by extension 'ignore'
[6.354s] Level 1:colcon.colcon_core.package_identification:_identify(build) ignored
[6.355s] Level 1:colcon.colcon_core.package_identification:_identify(install) by extensions ['ignore', 'ignore_ament_install']
[6.355s] Level 1:colcon.colcon_core.package_identification:_identify(install) by extension 'ignore'
[6.355s] Level 1:colcon.colcon_core.package_identification:_identify(install) ignored
[6.356s] Level 1:colcon.colcon_core.package_identification:_identify(log) by extensions ['ignore', 'ignore_ament_install']
[6.357s] Level 1:colcon.colcon_core.package_identification:_identify(log) by extension 'ignore'
[6.357s] Level 1:colcon.colcon_core.package_identification:_identify(log) ignored
[6.358s] Level 1:colcon.colcon_core.package_identification:_identify(src) by extensions ['ignore', 'ignore_ament_install']
[6.358s] Level 1:colcon.colcon_core.package_identification:_identify(src) by extension 'ignore'
[6.359s] Level 1:colcon.colcon_core.package_identification:_identify(src) by extension 'ignore_ament_install'
[6.359s] Level 1:colcon.colcon_core.package_identification:_identify(src) by extensions ['colcon_pkg']
[6.359s] Level 1:colcon.colcon_core.package_identification:_identify(src) by extension 'colcon_pkg'
[6.359s] Level 1:colcon.colcon_core.package_identification:_identify(src) by extensions ['colcon_meta']
[6.359s] Level 1:colcon.colcon_core.package_identification:_identify(src) by extension 'colcon_meta'
[6.359s] Level 1:colcon.colcon_core.package_identification:_identify(src) by extensions ['ros']
[6.359s] Level 1:colcon.colcon_core.package_identification:_identify(src) by extension 'ros'
[6.360s] Level 1:colcon.colcon_core.package_identification:_identify(src) by extensions ['cmake', 'python']
[6.360s] Level 1:colcon.colcon_core.package_identification:_identify(src) by extension 'cmake'
[6.360s] Level 1:colcon.colcon_core.package_identification:_identify(src) by extension 'python'
[6.360s] Level 1:colcon.colcon_core.package_identification:_identify(src) by extensions ['python_setup_py']
[6.360s] Level 1:colcon.colcon_core.package_identification:_identify(src) by extension 'python_setup_py'
[6.365s] Level 1:colcon.colcon_core.package_identification:_identify(src/motor) by extensions ['ignore', 'ignore_ament_install']
[6.366s] Level 1:colcon.colcon_core.package_identification:_identify(src/motor) by extension 'ignore'
[6.366s] Level 1:colcon.colcon_core.package_identification:_identify(src/motor) by extension 'ignore_ament_install'
[6.366s] Level 1:colcon.colcon_core.package_identification:_identify(src/motor) by extensions ['colcon_pkg']
[6.366s] Level 1:colcon.colcon_core.package_identification:_identify(src/motor) by extension 'colcon_pkg'
[6.367s] Level 1:colcon.colcon_core.package_identification:_identify(src/motor) by extensions ['colcon_meta']
[6.367s] Level 1:colcon.colcon_core.package_identification:_identify(src/motor) by extension 'colcon_meta'
[6.367s] Level 1:colcon.colcon_core.package_identification:_identify(src/motor) by extensions ['ros']
[6.367s] Level 1:colcon.colcon_core.package_identification:_identify(src/motor) by extension 'ros'
[6.386s] DEBUG:colcon.colcon_core.package_identification:Package 'src/motor' with type 'ros.ament_python' and name 'motor'
[6.388s] Level 1:colcon.colcon_core.package_identification:_identify(src/motorpub) by extensions ['ignore', 'ignore_ament_install']
[6.389s] Level 1:colcon.colcon_core.package_identification:_identify(src/motorpub) by extension 'ignore'
[6.389s] Level 1:colcon.colcon_core.package_identification:_identify(src/motorpub) by extension 'ignore_ament_install'
[6.390s] Level 1:colcon.colcon_core.package_identification:_identify(src/motorpub) by extensions ['colcon_pkg']
[6.390s] Level 1:colcon.colcon_core.package_identification:_identify(src/motorpub) by extension 'colcon_pkg'
[6.390s] Level 1:colcon.colcon_core.package_identification:_identify(src/motorpub) by extensions ['colcon_meta']
[6.390s] Level 1:colcon.colcon_core.package_identification:_identify(src/motorpub) by extension 'colcon_meta'
[6.391s] Level 1:colcon.colcon_core.package_identification:_identify(src/motorpub) by extensions ['ros']
[6.391s] Level 1:colcon.colcon_core.package_identification:_identify(src/motorpub) by extension 'ros'
[6.394s] DEBUG:colcon.colcon_core.package_identification:Package 'src/motorpub' with type 'ros.ament_python' and name 'motorpub'
[6.395s] Level 1:colcon.colcon_core.package_identification:_identify(src/sensors) by extensions ['ignore', 'ignore_ament_install']
[6.396s] Level 1:colcon.colcon_core.package_identification:_identify(src/sensors) by extension 'ignore'
[6.396s] Level 1:colcon.colcon_core.package_identification:_identify(src/sensors) by extension 'ignore_ament_install'
[6.397s] Level 1:colcon.colcon_core.package_identification:_identify(src/sensors) by extensions ['colcon_pkg']
[6.397s] Level 1:colcon.colcon_core.package_identification:_identify(src/sensors) by extension 'colcon_pkg'
[6.397s] Level 1:colcon.colcon_core.package_identification:_identify(src/sensors) by extensions ['colcon_meta']
[6.398s] Level 1:colcon.colcon_core.package_identification:_identify(src/sensors) by extension 'colcon_meta'
[6.398s] Level 1:colcon.colcon_core.package_identification:_identify(src/sensors) by extensions ['ros']
[6.398s] Level 1:colcon.colcon_core.package_identification:_identify(src/sensors) by extension 'ros'
[6.401s] DEBUG:colcon.colcon_core.package_identification:Package 'src/sensors' with type 'ros.ament_python' and name 'sensors'
[6.401s] Level 1:colcon.colcon_core.package_discovery:discover_packages(recursive) using defaults
[6.401s] Level 1:colcon.colcon_core.package_discovery:discover_packages(ignore) discover
[6.402s] Level 1:colcon.colcon_core.package_discovery:discover_packages(ignore) using defaults
[6.402s] Level 1:colcon.colcon_core.package_discovery:discover_packages(path) discover
[6.402s] Level 1:colcon.colcon_core.package_discovery:discover_packages(path) using defaults
[6.885s] Level 1:colcon.colcon_core.package_discovery:discover_packages(prefix_path) check parameters
[6.885s] Level 1:colcon.colcon_core.package_discovery:discover_packages(prefix_path) discover
[7.042s] DEBUG:colcon.colcon_installed_package_information.package_discovery:Found 310 installed packages in /opt/ros/humble
[7.050s] Level 1:colcon.colcon_core.package_discovery:discover_packages(prefix_path) using defaults
[7.660s] Level 5:colcon.colcon_core.verb:set package 'motor' build argument 'cmake_args' from command line to 'None'
[7.660s] Level 5:colcon.colcon_core.verb:set package 'motor' build argument 'cmake_target' from command line to 'None'
[7.660s] Level 5:colcon.colcon_core.verb:set package 'motor' build argument 'cmake_target_skip_unavailable' from command line to 'False'
[7.660s] Level 5:colcon.colcon_core.verb:set package 'motor' build argument 'cmake_clean_cache' from command line to 'False'
[7.660s] Level 5:colcon.colcon_core.verb:set package 'motor' build argument 'cmake_clean_first' from command line to 'False'
[7.660s] Level 5:colcon.colcon_core.verb:set package 'motor' build argument 'cmake_force_configure' from command line to 'False'
[7.660s] Level 5:colcon.colcon_core.verb:set package 'motor' build argument 'ament_cmake_args' from command line to 'None'
[7.661s] Level 5:colcon.colcon_core.verb:set package 'motor' build argument 'catkin_cmake_args' from command line to 'None'
[7.661s] Level 5:colcon.colcon_core.verb:set package 'motor' build argument 'catkin_skip_building_tests' from command line to 'False'
[7.661s] DEBUG:colcon.colcon_core.verb:Building package 'motor' with the following arguments: {'ament_cmake_args': None, 'build_base': '/home/groupl/MarcWS/build/motor', 'catkin_cmake_args': None, 'catkin_skip_building_tests': False, 'cmake_args': None, 'cmake_clean_cache': False, 'cmake_clean_first': False, 'cmake_force_configure': False, 'cmake_target': None, 'cmake_target_skip_unavailable': False, 'install_base': '/home/groupl/MarcWS/install/motor', 'merge_install': False, 'path': '/home/groupl/MarcWS/src/motor', 'symlink_install': False, 'test_result_base': None}
[7.727s] Level 5:colcon.colcon_core.verb:set package 'motorpub' build argument 'cmake_args' from command line to 'None'
[7.727s] Level 5:colcon.colcon_core.verb:set package 'motorpub' build argument 'cmake_target' from command line to 'None'
[7.727s] Level 5:colcon.colcon_core.verb:set package 'motorpub' build argument 'cmake_target_skip_unavailable' from command line to 'False'
[7.727s] Level 5:colcon.colcon_core.verb:set package 'motorpub' build argument 'cmake_clean_cache' from command line to 'False'
[7.727s] Level 5:colcon.colcon_core.verb:set package 'motorpub' build argument 'cmake_clean_first' from command line to 'False'
[7.727s] Level 5:colcon.colcon_core.verb:set package 'motorpub' build argument 'cmake_force_configure' from command line to 'False'
[7.727s] Level 5:colcon.colcon_core.verb:set package 'motorpub' build argument 'ament_cmake_args' from command line to 'None'
[7.727s] Level 5:colcon.colcon_core.verb:set package 'motorpub' build argument 'catkin_cmake_args' from command line to 'None'
[7.728s] Level 5:colcon.colcon_core.verb:set package 'motorpub' build argument 'catkin_skip_building_tests' from command line to 'False'
[7.728s] DEBUG:colcon.colcon_core.verb:Building package 'motorpub' with the following arguments: {'ament_cmake_args': None, 'build_base': '/home/groupl/MarcWS/build/motorpub', 'catkin_cmake_args': None, 'catkin_skip_building_tests': False, 'cmake_args': None, 'cmake_clean_cache': False, 'cmake_clean_first': False, 'cmake_force_configure': False, 'cmake_target': None, 'cmake_target_skip_unavailable': False, 'install_base': '/home/groupl/MarcWS/install/motorpub', 'merge_install': False, 'path': '/home/groupl/MarcWS/src/motorpub', 'symlink_install': False, 'test_result_base': None}
[7.794s] Level 5:colcon.colcon_core.verb:set package 'sensors' build argument 'cmake_args' from command line to 'None'
[7.794s] Level 5:colcon.colcon_core.verb:set package 'sensors' build argument 'cmake_target' from command line to 'None'
[7.794s] Level 5:colcon.colcon_core.verb:set package 'sensors' build argument 'cmake_target_skip_unavailable' from command line to 'False'
[7.794s] Level 5:colcon.colcon_core.verb:set package 'sensors' build argument 'cmake_clean_cache' from command line to 'False'
[7.794s] Level 5:colcon.colcon_core.verb:set package 'sensors' build argument 'cmake_clean_first' from command line to 'False'
[7.794s] Level 5:colcon.colcon_core.verb:set package 'sensors' build argument 'cmake_force_configure' from command line to 'False'
[7.794s] Level 5:colcon.colcon_core.verb:set package 'sensors' build argument 'ament_cmake_args' from command line to 'None'
[7.795s] Level 5:colcon.colcon_core.verb:set package 'sensors' build argument 'catkin_cmake_args' from command line to 'None'
[7.795s] Level 5:colcon.colcon_core.verb:set package 'sensors' build argument 'catkin_skip_building_tests' from command line to 'False'
[7.795s] DEBUG:colcon.colcon_core.verb:Building package 'sensors' with the following arguments: {'ament_cmake_args': None, 'build_base': '/home/groupl/MarcWS/build/sensors', 'catkin_cmake_args': None, 'catkin_skip_building_tests': False, 'cmake_args': None, 'cmake_clean_cache': False, 'cmake_clean_first': False, 'cmake_force_configure': False, 'cmake_target': None, 'cmake_target_skip_unavailable': False, 'install_base': '/home/groupl/MarcWS/install/sensors', 'merge_install': False, 'path': '/home/groupl/MarcWS/src/sensors', 'symlink_install': False, 'test_result_base': None}
[7.860s] INFO:colcon.colcon_core.executor:Executing jobs using 'parallel' executor
[7.927s] DEBUG:colcon.colcon_parallel_executor.executor.parallel:run_until_complete
[7.929s] INFO:colcon.colcon_ros.task.ament_python.build:Building ROS package in '/home/groupl/MarcWS/src/motor' with build type 'ament_python'
[7.929s] Level 1:colcon.colcon_core.shell:create_environment_hook('motor', 'ament_prefix_path')
[8.029s] INFO:colcon.colcon_core.plugin_system:Skipping extension 'colcon_core.shell.bat': Not used on non-Windows systems
[8.030s] INFO:colcon.colcon_core.shell:Creating environment hook '/home/groupl/MarcWS/install/motor/share/motor/hook/ament_prefix_path.ps1'
[8.040s] INFO:colcon.colcon_core.shell:Creating environment descriptor '/home/groupl/MarcWS/install/motor/share/motor/hook/ament_prefix_path.dsv'
[8.043s] INFO:colcon.colcon_core.shell:Creating environment hook '/home/groupl/MarcWS/install/motor/share/motor/hook/ament_prefix_path.sh'
[8.137s] INFO:colcon.colcon_core.shell:Skip shell extension 'powershell' for command environment: Not usable outside of PowerShell
[8.137s] DEBUG:colcon.colcon_core.shell:Skip shell extension 'dsv' for command environment
[8.307s] INFO:colcon.colcon_ros.task.ament_python.build:Building ROS package in '/home/groupl/MarcWS/src/motorpub' with build type 'ament_python'
[8.308s] Level 1:colcon.colcon_core.shell:create_environment_hook('motorpub', 'ament_prefix_path')
[8.420s] INFO:colcon.colcon_core.shell:Creating environment hook '/home/groupl/MarcWS/install/motorpub/share/motorpub/hook/ament_prefix_path.ps1'
[8.423s] INFO:colcon.colcon_core.shell:Creating environment descriptor '/home/groupl/MarcWS/install/motorpub/share/motorpub/hook/ament_prefix_path.dsv'
[8.425s] INFO:colcon.colcon_core.shell:Creating environment hook '/home/groupl/MarcWS/install/motorpub/share/motorpub/hook/ament_prefix_path.sh'
[8.528s] INFO:colcon.colcon_core.shell:Skip shell extension 'powershell' for command environment: Not usable outside of PowerShell
[8.528s] DEBUG:colcon.colcon_core.shell:Skip shell extension 'dsv' for command environment
[8.698s] INFO:colcon.colcon_ros.task.ament_python.build:Building ROS package in '/home/groupl/MarcWS/src/sensors' with build type 'ament_python'
[8.699s] Level 1:colcon.colcon_core.shell:create_environment_hook('sensors', 'ament_prefix_path')
[8.793s] INFO:colcon.colcon_core.shell:Creating environment hook '/home/groupl/MarcWS/install/sensors/share/sensors/hook/ament_prefix_path.ps1'
[8.797s] INFO:colcon.colcon_core.shell:Creating environment descriptor '/home/groupl/MarcWS/install/sensors/share/sensors/hook/ament_prefix_path.dsv'
[8.799s] INFO:colcon.colcon_core.shell:Creating environment hook '/home/groupl/MarcWS/install/sensors/share/sensors/hook/ament_prefix_path.sh'
[8.878s] INFO:colcon.colcon_core.shell:Skip shell extension 'powershell' for command environment: Not usable outside of PowerShell
[8.878s] DEBUG:colcon.colcon_core.shell:Skip shell extension 'dsv' for command environment
[10.492s] INFO:colcon.colcon_core.task.python.build:Building Python package in '/home/groupl/MarcWS/src/motor'
[10.562s] INFO:colcon.colcon_core.shell:Skip shell extension 'powershell' for command environment: Not usable outside of PowerShell
[10.563s] DEBUG:colcon.colcon_core.shell:Skip shell extension 'dsv' for command environment
[11.940s] INFO:colcon.colcon_core.task.python.build:Building Python package in '/home/groupl/MarcWS/src/motorpub'
[12.011s] INFO:colcon.colcon_core.shell:Skip shell extension 'powershell' for command environment: Not usable outside of PowerShell
[12.011s] DEBUG:colcon.colcon_core.shell:Skip shell extension 'dsv' for command environment
[13.358s] INFO:colcon.colcon_core.task.python.build:Building Python package in '/home/groupl/MarcWS/src/sensors'
[13.429s] INFO:colcon.colcon_core.shell:Skip shell extension 'powershell' for command environment: Not usable outside of PowerShell
[13.429s] DEBUG:colcon.colcon_core.shell:Skip shell extension 'dsv' for command environment
[16.698s] DEBUG:colcon.colcon_core.event_handler.log_command:Invoking command in '/home/groupl/MarcWS/src/motor': PYTHONPATH=/home/groupl/MarcWS/build/motor/prefix_override:/home/groupl/MarcWS/install/motor/lib/python3.10/site-packages:${PYTHONPATH} /usr/bin/python3 setup.py egg_info --egg-base ../../build/motor build --build-base /home/groupl/MarcWS/build/motor/build install --record /home/groupl/MarcWS/build/motor/install.log --single-version-externally-managed
[16.740s] DEBUG:colcon.colcon_core.event_handler.log_command:Invoking command in '/home/groupl/MarcWS/src/motorpub': PYTHONPATH=/home/groupl/MarcWS/build/motorpub/prefix_override:/home/groupl/MarcWS/install/motorpub/lib/python3.10/site-packages:${PYTHONPATH} /usr/bin/python3 setup.py egg_info --egg-base ../../build/motorpub build --build-base /home/groupl/MarcWS/build/motorpub/build install --record /home/groupl/MarcWS/build/motorpub/install.log --single-version-externally-managed
[16.753s] DEBUG:colcon.colcon_core.event_handler.log_command:Invoking command in '/home/groupl/MarcWS/src/sensors': PYTHONPATH=/home/groupl/MarcWS/build/sensors/prefix_override:/home/groupl/MarcWS/install/sensors/lib/python3.10/site-packages:${PYTHONPATH} /usr/bin/python3 setup.py egg_info --egg-base ../../build/sensors build --build-base /home/groupl/MarcWS/build/sensors/build install --record /home/groupl/MarcWS/build/sensors/install.log --single-version-externally-managed
[18.759s] DEBUG:colcon.colcon_core.event_handler.log_command:Invoked command in '/home/groupl/MarcWS/src/motor' returned '0': PYTHONPATH=/home/groupl/MarcWS/build/motor/prefix_override:/home/groupl/MarcWS/install/motor/lib/python3.10/site-packages:${PYTHONPATH} /usr/bin/python3 setup.py egg_info --egg-base ../../build/motor build --build-base /home/groupl/MarcWS/build/motor/build install --record /home/groupl/MarcWS/build/motor/install.log --single-version-externally-managed
[18.882s] Level 1:colcon.colcon_core.environment:checking '/home/groupl/MarcWS/install/motor' for CMake module files
[18.887s] Level 1:colcon.colcon_core.environment:checking '/home/groupl/MarcWS/install/motor' for CMake config files
[18.892s] Level 1:colcon.colcon_core.shell:create_environment_hook('motor', 'cmake_prefix_path')
[18.960s] INFO:colcon.colcon_core.shell:Creating environment hook '/home/groupl/MarcWS/install/motor/share/motor/hook/cmake_prefix_path.ps1'
[18.963s] INFO:colcon.colcon_core.shell:Creating environment descriptor '/home/groupl/MarcWS/install/motor/share/motor/hook/cmake_prefix_path.dsv'
[18.965s] INFO:colcon.colcon_core.shell:Creating environment hook '/home/groupl/MarcWS/install/motor/share/motor/hook/cmake_prefix_path.sh'
[18.968s] Level 1:colcon.colcon_core.environment:checking '/home/groupl/MarcWS/install/motor/lib'
[18.969s] Level 1:colcon.colcon_core.environment:checking '/home/groupl/MarcWS/install/motor/bin'
[18.969s] Level 1:colcon.colcon_core.environment:checking '/home/groupl/MarcWS/install/motor/lib/pkgconfig/motor.pc'
[18.970s] Level 1:colcon.colcon_core.environment:checking '/home/groupl/MarcWS/install/motor/lib/python3.10/site-packages'
[18.970s] Level 1:colcon.colcon_core.shell:create_environment_hook('motor', 'pythonpath')
[19.039s] INFO:colcon.colcon_core.shell:Creating environment hook '/home/groupl/MarcWS/install/motor/share/motor/hook/pythonpath.ps1'
[19.041s] INFO:colcon.colcon_core.shell:Creating environment descriptor '/home/groupl/MarcWS/install/motor/share/motor/hook/pythonpath.dsv'
[19.043s] INFO:colcon.colcon_core.shell:Creating environment hook '/home/groupl/MarcWS/install/motor/share/motor/hook/pythonpath.sh'
[19.045s] Level 1:colcon.colcon_core.environment:checking '/home/groupl/MarcWS/install/motor/bin'
[19.046s] Level 1:colcon.colcon_core.environment:create_environment_scripts_only(motor)
[19.119s] INFO:colcon.colcon_core.shell:Creating package script '/home/groupl/MarcWS/install/motor/share/motor/package.ps1'
[19.124s] INFO:colcon.colcon_core.shell:Creating package descriptor '/home/groupl/MarcWS/install/motor/share/motor/package.dsv'
[19.128s] INFO:colcon.colcon_core.shell:Creating package script '/home/groupl/MarcWS/install/motor/share/motor/package.sh'
[19.136s] INFO:colcon.colcon_core.shell:Creating package script '/home/groupl/MarcWS/install/motor/share/motor/package.bash'
[19.141s] INFO:colcon.colcon_core.shell:Creating package script '/home/groupl/MarcWS/install/motor/share/motor/package.zsh'
[19.145s] Level 1:colcon.colcon_core.environment:create_file_with_runtime_dependencies(/home/groupl/MarcWS/install/motor/share/colcon-core/packages/motor)
[19.154s] DEBUG:colcon.colcon_core.event_handler.log_command:Invoked command in '/home/groupl/MarcWS/src/sensors' returned '0': PYTHONPATH=/home/groupl/MarcWS/build/sensors/prefix_override:/home/groupl/MarcWS/install/sensors/lib/python3.10/site-packages:${PYTHONPATH} /usr/bin/python3 setup.py egg_info --egg-base ../../build/sensors build --build-base /home/groupl/MarcWS/build/sensors/build install --record /home/groupl/MarcWS/build/sensors/install.log --single-version-externally-managed
[19.241s] Level 1:colcon.colcon_core.environment:checking '/home/groupl/MarcWS/install/sensors' for CMake module files
[19.244s] Level 1:colcon.colcon_core.environment:checking '/home/groupl/MarcWS/install/sensors' for CMake config files
[19.248s] Level 1:colcon.colcon_core.environment:checking '/home/groupl/MarcWS/install/sensors/lib'
[19.249s] Level 1:colcon.colcon_core.environment:checking '/home/groupl/MarcWS/install/sensors/bin'
[19.249s] Level 1:colcon.colcon_core.environment:checking '/home/groupl/MarcWS/install/sensors/lib/pkgconfig/sensors.pc'
[19.250s] Level 1:colcon.colcon_core.environment:checking '/home/groupl/MarcWS/install/sensors/lib/python3.10/site-packages'
[19.250s] Level 1:colcon.colcon_core.shell:create_environment_hook('sensors', 'pythonpath')
[19.323s] INFO:colcon.colcon_core.shell:Creating environment hook '/home/groupl/MarcWS/install/sensors/share/sensors/hook/pythonpath.ps1'
[19.325s] INFO:colcon.colcon_core.shell:Creating environment descriptor '/home/groupl/MarcWS/install/sensors/share/sensors/hook/pythonpath.dsv'
[19.327s] INFO:colcon.colcon_core.shell:Creating environment hook '/home/groupl/MarcWS/install/sensors/share/sensors/hook/pythonpath.sh'
[19.329s] Level 1:colcon.colcon_core.environment:checking '/home/groupl/MarcWS/install/sensors/bin'
[19.330s] Level 1:colcon.colcon_core.environment:create_environment_scripts_only(sensors)
[19.396s] INFO:colcon.colcon_core.shell:Creating package script '/home/groupl/MarcWS/install/sensors/share/sensors/package.ps1'
[19.399s] INFO:colcon.colcon_core.shell:Creating package descriptor '/home/groupl/MarcWS/install/sensors/share/sensors/package.dsv'
[19.403s] INFO:colcon.colcon_core.shell:Creating package script '/home/groupl/MarcWS/install/sensors/share/sensors/package.sh'
[19.407s] INFO:colcon.colcon_core.shell:Creating package script '/home/groupl/MarcWS/install/sensors/share/sensors/package.bash'
[19.410s] INFO:colcon.colcon_core.shell:Creating package script '/home/groupl/MarcWS/install/sensors/share/sensors/package.zsh'
[19.411s] Level 1:colcon.colcon_core.environment:create_file_with_runtime_dependencies(/home/groupl/MarcWS/install/sensors/share/colcon-core/packages/sensors)
[19.417s] DEBUG:colcon.colcon_core.event_handler.log_command:Invoked command in '/home/groupl/MarcWS/src/motorpub' returned '0': PYTHONPATH=/home/groupl/MarcWS/build/motorpub/prefix_override:/home/groupl/MarcWS/install/motorpub/lib/python3.10/site-packages:${PYTHONPATH} /usr/bin/python3 setup.py egg_info --egg-base ../../build/motorpub build --build-base /home/groupl/MarcWS/build/motorpub/build install --record /home/groupl/MarcWS/build/motorpub/install.log --single-version-externally-managed
[19.495s] Level 1:colcon.colcon_core.environment:checking '/home/groupl/MarcWS/install/motorpub' for CMake module files
[19.497s] Level 1:colcon.colcon_core.environment:checking '/home/groupl/MarcWS/install/motorpub' for CMake config files
[19.500s] Level 1:colcon.colcon_core.environment:checking '/home/groupl/MarcWS/install/motorpub/lib'
[19.501s] Level 1:colcon.colcon_core.environment:checking '/home/groupl/MarcWS/install/motorpub/bin'
[19.501s] Level 1:colcon.colcon_core.environment:checking '/home/groupl/MarcWS/install/motorpub/lib/pkgconfig/motorpub.pc'
[19.504s] Level 1:colcon.colcon_core.environment:checking '/home/groupl/MarcWS/install/motorpub/lib/python3.10/site-packages'
[19.505s] Level 1:colcon.colcon_core.shell:create_environment_hook('motorpub', 'pythonpath')
[19.579s] INFO:colcon.colcon_core.shell:Creating environment hook '/home/groupl/MarcWS/install/motorpub/share/motorpub/hook/pythonpath.ps1'
[19.581s] INFO:colcon.colcon_core.shell:Creating environment descriptor '/home/groupl/MarcWS/install/motorpub/share/motorpub/hook/pythonpath.dsv'
[19.582s] INFO:colcon.colcon_core.shell:Creating environment hook '/home/groupl/MarcWS/install/motorpub/share/motorpub/hook/pythonpath.sh'
[19.584s] Level 1:colcon.colcon_core.environment:checking '/home/groupl/MarcWS/install/motorpub/bin'
[19.585s] Level 1:colcon.colcon_core.environment:create_environment_scripts_only(motorpub)
[19.663s] INFO:colcon.colcon_core.shell:Creating package script '/home/groupl/MarcWS/install/motorpub/share/motorpub/package.ps1'
[19.665s] INFO:colcon.colcon_core.shell:Creating package descriptor '/home/groupl/MarcWS/install/motorpub/share/motorpub/package.dsv'
[19.667s] INFO:colcon.colcon_core.shell:Creating package script '/home/groupl/MarcWS/install/motorpub/share/motorpub/package.sh'
[19.669s] INFO:colcon.colcon_core.shell:Creating package script '/home/groupl/MarcWS/install/motorpub/share/motorpub/package.bash'
[19.671s] INFO:colcon.colcon_core.shell:Creating package script '/home/groupl/MarcWS/install/motorpub/share/motorpub/package.zsh'
[19.672s] Level 1:colcon.colcon_core.environment:create_file_with_runtime_dependencies(/home/groupl/MarcWS/install/motorpub/share/colcon-core/packages/motorpub)
[19.673s] DEBUG:colcon.colcon_parallel_executor.executor.parallel:closing loop
[19.675s] DEBUG:colcon.colcon_parallel_executor.executor.parallel:loop closed
[19.675s] DEBUG:colcon.colcon_parallel_executor.executor.parallel:run_until_complete finished with '0'
[19.676s] DEBUG:colcon.colcon_core.event_reactor:joining thread
[19.842s] INFO:colcon.colcon_core.plugin_system:Skipping extension 'colcon_notification.desktop_notification.terminal_notifier': Not used on non-Darwin systems
[19.843s] INFO:colcon.colcon_core.plugin_system:Skipping extension 'colcon_notification.desktop_notification.win32': Not used on non-Windows systems
[19.843s] INFO:colcon.colcon_notification.desktop_notification:Sending desktop notification using 'notify2'
[20.390s] DEBUG:colcon.colcon_core.event_reactor:joined thread
[20.505s] INFO:colcon.colcon_core.shell:Creating prefix script '/home/groupl/MarcWS/install/local_setup.ps1'
[20.510s] INFO:colcon.colcon_core.shell:Creating prefix util module '/home/groupl/MarcWS/install/_local_setup_util_ps1.py'
[20.522s] INFO:colcon.colcon_core.shell:Creating prefix chain script '/home/groupl/MarcWS/install/setup.ps1'
[20.621s] INFO:colcon.colcon_core.shell:Creating prefix script '/home/groupl/MarcWS/install/local_setup.sh'
[20.624s] INFO:colcon.colcon_core.shell:Creating prefix util module '/home/groupl/MarcWS/install/_local_setup_util_sh.py'
[20.626s] INFO:colcon.colcon_core.shell:Creating prefix chain script '/home/groupl/MarcWS/install/setup.sh'
[20.698s] INFO:colcon.colcon_core.shell:Creating prefix script '/home/groupl/MarcWS/install/local_setup.bash'
[20.703s] INFO:colcon.colcon_core.shell:Creating prefix chain script '/home/groupl/MarcWS/install/setup.bash'
[20.774s] INFO:colcon.colcon_core.shell:Creating prefix script '/home/groupl/MarcWS/install/local_setup.zsh'
[20.778s] INFO:colcon.colcon_core.shell:Creating prefix chain script '/home/groupl/MarcWS/install/setup.zsh'
