running egg_info
creating ../../build/motorpub/motorpub.egg-info
writing ../../build/motorpub/motorpub.egg-info/PKG-INFO
writing dependency_links to ../../build/motorpub/motorpub.egg-info/dependency_links.txt
writing entry points to ../../build/motorpub/motorpub.egg-info/entry_points.txt
writing requirements to ../../build/motorpub/motorpub.egg-info/requires.txt
writing top-level names to ../../build/motorpub/motorpub.egg-info/top_level.txt
writing manifest file '../../build/motorpub/motorpub.egg-info/SOURCES.txt'
reading manifest file '../../build/motorpub/motorpub.egg-info/SOURCES.txt'
writing manifest file '../../build/motorpub/motorpub.egg-info/SOURCES.txt'
running build
running build_py
creating /home/groupl/MarcWS/build/motorpub/build
creating /home/groupl/MarcWS/build/motorpub/build/lib
creating /home/groupl/MarcWS/build/motorpub/build/lib/motorpub
copying motorpub/__init__.py -> /home/groupl/MarcWS/build/motorpub/build/lib/motorpub
copying motorpub/motorpub.py -> /home/groupl/MarcWS/build/motorpub/build/lib/motorpub
running install
running install_lib
creating /home/groupl/MarcWS/install/motorpub/lib/python3.10/site-packages/motorpub
copying /home/groupl/MarcWS/build/motorpub/build/lib/motorpub/__init__.py -> /home/groupl/MarcWS/install/motorpub/lib/python3.10/site-packages/motorpub
copying /home/groupl/MarcWS/build/motorpub/build/lib/motorpub/motorpub.py -> /home/groupl/MarcWS/install/motorpub/lib/python3.10/site-packages/motorpub
byte-compiling /home/groupl/MarcWS/install/motorpub/lib/python3.10/site-packages/motorpub/__init__.py to __init__.cpython-310.pyc
byte-compiling /home/groupl/MarcWS/install/motorpub/lib/python3.10/site-packages/motorpub/motorpub.py to motorpub.cpython-310.pyc
running install_data
creating /home/groupl/MarcWS/install/motorpub/share/ament_index
creating /home/groupl/MarcWS/install/motorpub/share/ament_index/resource_index
creating /home/groupl/MarcWS/install/motorpub/share/ament_index/resource_index/packages
copying resource/motorpub -> /home/groupl/MarcWS/install/motorpub/share/ament_index/resource_index/packages
copying package.xml -> /home/groupl/MarcWS/install/motorpub/share/motorpub
running install_egg_info
Copying ../../build/motorpub/motorpub.egg-info to /home/groupl/MarcWS/install/motorpub/lib/python3.10/site-packages/motorpub-0.0.0-py3.10.egg-info
running install_scripts
Installing motorpub script to /home/groupl/MarcWS/install/motorpub/lib/motorpub
writing list of installed files to '/home/groupl/MarcWS/build/motorpub/install.log'
