[7.139s] Invoking command in '/home/groupl/MarcWS/src/sensors': PYTHONPATH=/home/groupl/MarcWS/build/sensors/prefix_override:/home/groupl/MarcWS/install/sensors/lib/python3.10/site-packages:${PYTHONPATH} /usr/bin/python3 setup.py egg_info --egg-base ../../build/sensors build --build-base /home/groupl/MarcWS/build/sensors/build install --record /home/groupl/MarcWS/build/sensors/install.log --single-version-externally-managed
[8.630s] running egg_info
[8.633s] writing ../../build/sensors/sensors.egg-info/PKG-INFO
[8.635s] writing dependency_links to ../../build/sensors/sensors.egg-info/dependency_links.txt
[8.636s] writing entry points to ../../build/sensors/sensors.egg-info/entry_points.txt
[8.637s] writing requirements to ../../build/sensors/sensors.egg-info/requires.txt
[8.638s] writing top-level names to ../../build/sensors/sensors.egg-info/top_level.txt
[8.648s] reading manifest file '../../build/sensors/sensors.egg-info/SOURCES.txt'
[8.653s] writing manifest file '../../build/sensors/sensors.egg-info/SOURCES.txt'
[8.654s] running build
[8.654s] running build_py
[8.661s] running install
[8.663s] /usr/lib/python3/dist-packages/setuptools/command/install.py:34: SetuptoolsDeprecationWarning: setup.py install is deprecated. Use build and pip and other standards-based tools.
[8.664s]   warnings.warn(
[8.670s] running install_lib
[8.676s] running install_data
[8.680s] running install_egg_info
[8.689s] removing '/home/groupl/MarcWS/install/sensors/lib/python3.10/site-packages/sensors-0.0.0-py3.10.egg-info' (and everything under it)
[8.692s] Copying ../../build/sensors/sensors.egg-info to /home/groupl/MarcWS/install/sensors/lib/python3.10/site-packages/sensors-0.0.0-py3.10.egg-info
[8.700s] running install_scripts
[8.798s] Installing serialread script to /home/groupl/MarcWS/install/sensors/lib/sensors
[8.807s] writing list of installed files to '/home/groupl/MarcWS/build/sensors/install.log'
[9.404s] Invoked command in '/home/groupl/MarcWS/src/sensors' returned '0': PYTHONPATH=/home/groupl/MarcWS/build/sensors/prefix_override:/home/groupl/MarcWS/install/sensors/lib/python3.10/site-packages:${PYTHONPATH} /usr/bin/python3 setup.py egg_info --egg-base ../../build/sensors build --build-base /home/groupl/MarcWS/build/sensors/build install --record /home/groupl/MarcWS/build/sensors/install.log --single-version-externally-managed
