[8.891s] Invoking command in '/home/groupl/MarcWS/src/motor': PYTHONPATH=/home/groupl/MarcWS/build/motor/prefix_override:/home/groupl/MarcWS/install/motor/lib/python3.10/site-packages:${PYTHONPATH} /usr/bin/python3 setup.py egg_info --egg-base ../../build/motor build --build-base /home/groupl/MarcWS/build/motor/build install --record /home/groupl/MarcWS/build/motor/install.log --single-version-externally-managed
[11.393s] running egg_info
[11.396s] writing ../../build/motor/motor.egg-info/PKG-INFO
[11.401s] writing dependency_links to ../../build/motor/motor.egg-info/dependency_links.txt
[11.401s] writing entry points to ../../build/motor/motor.egg-info/entry_points.txt
[11.404s] writing requirements to ../../build/motor/motor.egg-info/requires.txt
[11.406s] writing top-level names to ../../build/motor/motor.egg-info/top_level.txt
[11.415s] reading manifest file '../../build/motor/motor.egg-info/SOURCES.txt'
[11.420s] writing manifest file '../../build/motor/motor.egg-info/SOURCES.txt'
[11.421s] running build
[11.421s] running build_py
[11.428s] running install
[11.432s] /usr/lib/python3/dist-packages/setuptools/command/install.py:34: SetuptoolsDeprecationWarning: setup.py install is deprecated. Use build and pip and other standards-based tools.
[11.433s]   warnings.warn(
[11.438s] running install_lib
[11.447s] running install_data
[11.453s] running install_egg_info
[11.466s] removing '/home/groupl/MarcWS/install/motor/lib/python3.10/site-packages/motor-0.0.0-py3.10.egg-info' (and everything under it)
[11.469s] Copying ../../build/motor/motor.egg-info to /home/groupl/MarcWS/install/motor/lib/python3.10/site-packages/motor-0.0.0-py3.10.egg-info
[11.479s] running install_scripts
[11.645s] Installing motorpwm script to /home/groupl/MarcWS/install/motor/lib/motor
[11.652s] writing list of installed files to '/home/groupl/MarcWS/build/motor/install.log'
[12.291s] Invoked command in '/home/groupl/MarcWS/src/motor' returned '0': PYTHONPATH=/home/groupl/MarcWS/build/motor/prefix_override:/home/groupl/MarcWS/install/motor/lib/python3.10/site-packages:${PYTHONPATH} /usr/bin/python3 setup.py egg_info --egg-base ../../build/motor build --build-base /home/groupl/MarcWS/build/motor/build install --record /home/groupl/MarcWS/build/motor/install.log --single-version-externally-managed
